[2016-11-22 21:23:49.661][debug][command:null][tid:252][com.facebook.buck.cli.Main] Starting up (build date 2016-11-18 08:25:11 +0800, rev 9d35784178499af6805135a8ca8dee4f9d13260f), args: [build, //:mainlib]
[2016-11-22 21:23:49.898][debug][command:null][tid:252][com.facebook.buck.cli.Main] System properties: {java.vendor=Oracle Corporation, sun.java.launcher=SUN_STANDARD, sun.management.compiler=HotSpot 64-Bit Tiered Compilers, jnidispatch.path=/Users/gordon/Space/BuckReconstruct/.buckd/tmp/buck_run.Qj9RoX/jna--1240158087/jna2828350245888609020.tmp, os.name=Mac OS X, buck.enable_objc=true, sun.boot.class.path=/Library/Java/JavaVirtualMachines/jdk1.8.0.jdk/Contents/Home/jre/lib/resources.jar:/Library/Java/JavaVirtualMachines/jdk1.8.0.jdk/Contents/Home/jre/lib/rt.jar:/Library/Java/JavaVirtualMachines/jdk1.8.0.jdk/Contents/Home/jre/lib/sunrsasign.jar:/Library/Java/JavaVirtualMachines/jdk1.8.0.jdk/Contents/Home/jre/lib/jsse.jar:/Library/Java/JavaVirtualMachines/jdk1.8.0.jdk/Contents/Home/jre/lib/jce.jar:/Library/Java/JavaVirtualMachines/jdk1.8.0.jdk/Contents/Home/jre/lib/charsets.jar:/Library/Java/JavaVirtualMachines/jdk1.8.0.jdk/Contents/Home/jre/lib/jfr.jar:/Library/Java/JavaVirtualMachines/jdk1.8.0.jdk/Contents/Home/jre/classes, user.country.format=CN, java.vm.specification.vendor=Oracle Corporation, java.runtime.version=1.8.0-b132, buck.path_to_intellij_py=/Users/gordon/softwares/buck/src/com/facebook/buck/command/intellij.py, jna.loaded=true, buck.testrunner_classes=/Users/gordon/softwares/buck/build/testrunner/classes, buck.logging_config_file=/Users/gordon/softwares/buck/config/logging.properties.st, buck.path_to_sh_binary_template=/Users/gordon/softwares/buck/src/com/facebook/buck/shell/sh_binary_template, user.name=gordon, buck.path_to_pywatchman=/Users/gordon/softwares/buck/third-party/py/pywatchman, buck.report_generator_jar=/Users/gordon/softwares/buck/build/report-generator.jar, buck.git_commit=9d35784178499af6805135a8ca8dee4f9d13260f, user.language=en, sun.boot.library.path=/Library/Java/JavaVirtualMachines/jdk1.8.0.jdk/Contents/Home/jre/lib, java.version=1.8.0, user.timezone=Asia/Shanghai, buck.test_util_no_tests_dir=true, sun.arch.data.model=64, java.endorsed.dirs=/Library/Java/JavaVirtualMachines/jdk1.8.0.jdk/Contents/Home/jre/lib/endorsed, sun.cpu.isalist=, sun.jnu.encoding=UTF-8, file.encoding.pkg=sun.io, file.separator=/, java.specification.name=Java Platform API Specification, buck.jacoco_agent_jar=/Users/gordon/softwares/buck/third-party/java/jacoco/jacocoagent.jar, java.class.version=52.0, user.country=US, java.home=/Library/Java/JavaVirtualMachines/jdk1.8.0.jdk/Contents/Home/jre, java.vm.info=mixed mode, os.version=10.11.6, buck.path_to_scandir_py=/Users/gordon/softwares/buck/third-party/py/scandir/scandir.py, buck.path_to_static_content=/Users/gordon/softwares/buck/webserver/static, buck.version_uid=9d35784178499af6805135a8ca8dee4f9d13260f, org.eclipse.jetty.util.log.class=org.eclipse.jetty.util.log.JavaUtilLog, buck.abi_processor_classes=/Users/gordon/softwares/buck/build/abi_processor/classes, path.separator=:, java.vm.version=25.0-b70, java.awt.printerjob=sun.lwawt.macosx.CPrinterJob, sun.io.unicode.encoding=UnicodeBig, awt.toolkit=sun.lwawt.macosx.LWCToolkit, buck.dx=/Users/gordon/softwares/buck/third-party/java/dx/etc/dx, buck.git_commit_timestamp=1479428711, user.home=/Users/gordon, buck.path_to_asm_jar=/Users/gordon/softwares/buck/third-party/java/asm/asm-debug-all-5.0.3.jar, java.specification.vendor=Oracle Corporation, buck.git_dirty=0, java.library.path=/Users/gordon/softwares/buck/third-party/java/ObjCBridge, java.vendor.url=http://java.oracle.com/, java.vm.vendor=Oracle Corporation, gopherProxySet=false, java.runtime.name=Java(TM) SE Runtime Environment, sun.java.command=com.facebook.buck.cli.bootstrapper.ClassLoaderBootstrapper com.facebook.buck.cli.Main$DaemonBootstrap local:.buckd/sock 60000, java.class.path=/Users/gordon/softwares/buck/build/bootstrapper/bootstrapper.jar, buck.buckd_dir=/Users/gordon/Space/BuckReconstruct/.buckd, buck.path_to_pathlib_py=/Users/gordon/softwares/buck/third-party/py/pathlib/pathlib.py, buck.buckd_launch_time_nanos=1182404728890439, java.vm.specification.name=Java Virtual Machine Specification, com.martiansoftware.nailgun.NGServer.outputPath=/Users/gordon/Space/BuckReconstruct/.buckd/tmp/buck_run.Qj9RoX/ngserver-out, java.vm.specification.version=1.8, sun.cpu.endian=little, sun.os.patch.level=unknown, java.awt.headless=true, java.io.tmpdir=/Users/gordon/Space/BuckReconstruct/.buckd/tmp/buck_run.Qj9RoX, buck.android_agent_path=/Users/gordon/softwares/buck/assets/android/agent.apk, java.vendor.url.bug=http://bugreport.sun.com/bugreport/, jna.platform.library.path=/usr/lib:/usr/lib, os.arch=x86_64, java.awt.graphicsenv=sun.awt.CGraphicsEnvironment, buck.path_to_pex=/Users/gordon/softwares/buck/src/com/facebook/buck/python/make_pex.py, java.ext.dirs=/Users/gordon/Library/Java/Extensions:/Library/Java/JavaVirtualMachines/jdk1.8.0.jdk/Contents/Home/jre/lib/ext:/Library/Java/Extensions:/Network/Library/Java/Extensions:/System/Library/Java/Extensions:/usr/lib/java, java.util.logging.config.class=com.facebook.buck.cli.bootstrapper.LogConfig, user.dir=/Users/gordon/Space/BuckReconstruct, line.separator=
, java.vm.name=Java HotSpot(TM) 64-Bit Server VM, buck.native_exopackage_fake_path=/Users/gordon/softwares/buck/assets/android/native-exopackage-fakes.apk, file.encoding=UTF-8, java.specification.version=1.8}
[2016-11-22 21:23:49.907][debug][command:null][tid:252][com.facebook.buck.config.Configs] Loading configuration for /Users/gordon/Space/BuckReconstruct
[2016-11-22 21:23:49.917][debug][command:null][tid:252][com.facebook.buck.config.Configs] Loaded a configuration file /Users/gordon/Space/BuckReconstruct/.buckconfig: {alias={}, android={target=Google Inc.:Google APIs:19}}
[2016-11-22 21:23:49.917][debug][command:null][tid:252][com.facebook.buck.config.Configs] Adding configuration overrides RawConfig{values={}}
[2016-11-22 21:23:49.953][info ][command:null][tid:252][com.facebook.buck.io.Watchman] Creating for: [/Users/gordon/Space/BuckReconstruct]
[2016-11-22 21:23:49.989][debug][command:null][tid:252][com.facebook.buck.io.ExecutableFinder] Executable 'watchman' mapped to 'Optional[/usr/local/bin/watchman]'
[2016-11-22 21:23:49.989][debug][command:null][tid:252][com.facebook.buck.util.ListeningProcessExecutor] Launching process with params ProcessExecutorParams{command=[/usr/local/bin/watchman, --output-encoding=bser, get-sockname]}
[2016-11-22 21:23:49.991][debug][command:null][tid:252][com.facebook.buck.util.ListeningProcessExecutor] Successfully launched process com.zaxxer.nuprocess.osx.OsxProcess@2c423088
[2016-11-22 21:23:49.991][debug][command:null][tid:252][com.facebook.buck.util.ListeningProcessExecutor] Waiting for process com.facebook.buck.util.ListeningProcessExecutor$LaunchedProcessImpl@24febcc2 timeout 1000000000 NANOSECONDS
[2016-11-22 21:23:50.991][debug][command:null][tid:252][com.facebook.buck.util.ListeningProcessExecutor] Wait for process returned -2147483648
[2016-11-22 21:23:50.991][debug][command:null][tid:252][com.facebook.buck.util.ListeningProcessExecutor] Waiting for process com.facebook.buck.util.ListeningProcessExecutor$LaunchedProcessImpl@24febcc2 timeout 43999761000 NANOSECONDS
[2016-11-22 21:23:52.109][debug][command:null][tid:252][com.facebook.buck.util.ListeningProcessExecutor] Wait for process returned 0
[2016-11-22 21:23:52.109][debug][command:null][tid:252][com.facebook.buck.io.Watchman] Waited 2118 ms for Watchman command get-sockname, exit code 0
[2016-11-22 21:23:52.109][debug][command:null][tid:252][com.facebook.buck.io.Watchman] stdout of command: {version=4.4.0, sockname=/usr/local/Cellar/watchman/4.4.0/var/run/watchman/gordon-state/sock}
[2016-11-22 21:23:52.109][info ][command:null][tid:252][com.facebook.buck.io.Watchman] Connecting to Watchman version 4.4.0 at /usr/local/Cellar/watchman/4.4.0/var/run/watchman/gordon-state/sock
[2016-11-22 21:23:52.110][debug][command:null][tid:252][com.facebook.buck.io.Watchman] Connected to Watchman
[2016-11-22 21:23:52.110][debug][command:null][tid:259][com.facebook.buck.io.WatchmanSocketClient] Sending query: [version, {required=[cmd-watch-project], optional=[term-dirname, cmd-watch-project, wildmatch, wildmatch_multislash, glob_generator, clock-sync-timeout]}]
[2016-11-22 21:23:52.158][debug][command:null][tid:252][com.facebook.buck.io.WatchmanSocketClient] Query [version, {required=[cmd-watch-project], optional=[term-dirname, cmd-watch-project, wildmatch, wildmatch_multislash, glob_generator, clock-sync-timeout]}] returned in 48 ms
[2016-11-22 21:23:52.158][info ][command:null][tid:252][com.facebook.buck.io.Watchman] Took 48 ms to query capabilities {term-dirname=DIRNAME, cmd-watch-project=SUPPORTS_PROJECT_WATCH, wildmatch=WILDMATCH_GLOB, wildmatch_multislash=WILDMATCH_MULTISLASH, glob_generator=GLOB_GENERATOR, clock-sync-timeout=CLOCK_SYNC_TIMEOUT}
[2016-11-22 21:23:52.158][debug][command:null][tid:252][com.facebook.buck.io.Watchman] Got capabilities response: {term-dirname=true, cmd-watch-project=true, wildmatch=true, wildmatch_multislash=false, glob_generator=false, clock-sync-timeout=true}
[2016-11-22 21:23:52.158][debug][command:null][tid:252][com.facebook.buck.io.Watchman] Got Watchman capabilities: [DIRNAME, SUPPORTS_PROJECT_WATCH, WILDMATCH_GLOB, CLOCK_SYNC_TIMEOUT]
[2016-11-22 21:23:52.159][info ][command:null][tid:252][com.facebook.buck.io.Watchman] Adding watchman root: /Users/gordon/Space/BuckReconstruct
[2016-11-22 21:23:52.159][debug][command:null][tid:259][com.facebook.buck.io.WatchmanSocketClient] Sending query: [watch-project, /Users/gordon/Space/BuckReconstruct]
[2016-11-22 21:23:52.159][debug][command:null][tid:252][com.facebook.buck.io.WatchmanSocketClient] Query [watch-project, /Users/gordon/Space/BuckReconstruct] returned in 0 ms
[2016-11-22 21:23:52.159][debug][command:null][tid:259][com.facebook.buck.io.WatchmanSocketClient] Sending query: [watch-project, /Users/gordon/Space/BuckReconstruct]
[2016-11-22 21:23:52.159][debug][command:null][tid:252][com.facebook.buck.io.WatchmanSocketClient] Query [watch-project, /Users/gordon/Space/BuckReconstruct] returned in 0 ms
[2016-11-22 21:23:52.159][info ][command:null][tid:252][com.facebook.buck.io.Watchman] Took 0 ms to add root /Users/gordon/Space/BuckReconstruct
[2016-11-22 21:23:52.159][debug][command:null][tid:259][com.facebook.buck.io.WatchmanSocketClient] Sending query: [clock, /Users/gordon, {sync_timeout=100}]
[2016-11-22 21:23:52.182][debug][command:null][tid:252][com.facebook.buck.io.WatchmanSocketClient] Query [clock, /Users/gordon, {sync_timeout=100}] returned in 23 ms
[2016-11-22 21:23:52.183][info ][command:null][tid:252][com.facebook.buck.io.Watchman] Took 23 ms to query for initial clock id Optional[c:1478576384:796:2:14799]
[2016-11-22 21:23:52.183][debug][command:null][tid:252][com.facebook.buck.cli.Main] Watchman capabilities: [DIRNAME, SUPPORTS_PROJECT_WATCH, WILDMATCH_GLOB, CLOCK_SYNC_TIMEOUT] Project watches: {/Users/gordon/Space/BuckReconstruct=ProjectWatch{watchRoot=/Users/gordon, projectPrefix=Space/BuckReconstruct}} Glob handler config: PYTHON Query timeout ms config: Optional.empty
[2016-11-22 21:23:52.220][warn ][command:null][tid:252][com.facebook.buck.cli.Main] Shutting down and restarting daemon on config or directory resolver change (com.facebook.buck.rules.Cell@27c1ec5f filesystem=com.facebook.buck.io.ProjectFilesystem@1498a6bf (projectRoot=/Users/gordon/Space/BuckReconstruct, blackListedPaths=[com.facebook.buck.io.PathOrGlobMatcher@54f52c6 type=PATH basePath=Optional[.idea] globPattern=Optional.empty, com.facebook.buck.io.PathOrGlobMatcher@612c4d21 type=PATH basePath=Optional[/Users/gordon/Space/BuckReconstruct/.buckd] globPattern=Optional.empty, com.facebook.buck.io.PathOrGlobMatcher@d8a71ccd type=PATH basePath=Optional[/Users/gordon/Space/BuckReconstruct/buck-out/cache] globPattern=Optional.empty, com.facebook.buck.io.PathOrGlobMatcher@1735e5fc type=PATH basePath=Optional[buck-out/cache] globPattern=Optional.empty, com.facebook.buck.io.PathOrGlobMatcher@4393df2e type=PATH basePath=Optional[buck-out/.trash] globPattern=Optional.empty] config=com.facebook.buck.cli.BuckConfig@a945b77d (config=com.facebook.buck.config.Config@a945b75e) != com.facebook.buck.rules.Cell@27c1ec7a filesystem=com.facebook.buck.io.ProjectFilesystem@1498a6bf (projectRoot=/Users/gordon/Space/BuckReconstruct, blackListedPaths=[com.facebook.buck.io.PathOrGlobMatcher@54f52c6 type=PATH basePath=Optional[.idea] globPattern=Optional.empty, com.facebook.buck.io.PathOrGlobMatcher@612c4d21 type=PATH basePath=Optional[/Users/gordon/Space/BuckReconstruct/.buckd] globPattern=Optional.empty, com.facebook.buck.io.PathOrGlobMatcher@d8a71ccd type=PATH basePath=Optional[/Users/gordon/Space/BuckReconstruct/buck-out/cache] globPattern=Optional.empty, com.facebook.buck.io.PathOrGlobMatcher@1735e5fc type=PATH basePath=Optional[buck-out/cache] globPattern=Optional.empty, com.facebook.buck.io.PathOrGlobMatcher@4393df2e type=PATH basePath=Optional[buck-out/.trash] globPattern=Optional.empty] config=com.facebook.buck.cli.BuckConfig@a945b798 (config=com.facebook.buck.config.Config@a945b779))
[2016-11-22 21:23:52.230][info ][command:null][tid:252][com.facebook.buck.cli.Main] Reusing web server
[2016-11-22 21:23:52.231][warn ][command:null][tid:252][com.facebook.buck.cli.Main] Can't start web server
[2016-11-22 21:23:52.231][debug][command:null][tid:252][com.facebook.buck.cli.Main] Falling back to named cursors: {/Users/gordon/Space/BuckReconstruct=ProjectWatch{watchRoot=/Users/gordon, projectPrefix=Space/BuckReconstruct}}
[2016-11-22 21:23:52.231][debug][command:null][tid:252][com.facebook.buck.cli.Main] Using Watchman Cursor: {/Users/gordon/Space/BuckReconstruct=n:buckde90f8f5a-02cf-4cd7-9223-43d7ca506865}
[2016-11-22 21:23:52.261][debug][command:6d513cbc-4474-4595-a26d-530b60e1563e][tid:252][com.facebook.buck.event.listener.SuperConsoleEventBusListener] Starting render scheduler (interval 100 ms)
[2016-11-22 21:23:52.261][debug][command:6d513cbc-4474-4595-a26d-530b60e1563e][tid:252][com.google.common.util.concurrent.ServiceManager] Starting PerfStatsTracking [RUNNING].
[2016-11-22 21:23:52.262][debug][command:6d513cbc-4474-4595-a26d-530b60e1563e][tid:252][com.google.common.util.concurrent.ServiceManager] Starting ProcessTracker [STARTING].
[2016-11-22 21:23:52.262][debug][command:null][tid:264][com.facebook.buck.util.perf.ProcessTracker] startUp
[2016-11-22 21:23:52.263][debug][command:6d513cbc-4474-4595-a26d-530b60e1563e][tid:252][com.facebook.buck.cli.Main] InvocationInfo BuildId=[6d513cbc-4474-4595-a26d-530b60e1563e] Args=[build, //:mainlib]
[2016-11-22 21:23:52.262][debug][command:null][tid:263][com.google.common.util.concurrent.ServiceManager] Started PerfStatsTracking [RUNNING] in 690.0 Î¼s.
[2016-11-22 21:23:52.263][debug][command:6d513cbc-4474-4595-a26d-530b60e1563e][tid:252][com.facebook.buck.util.environment.MacWifiSsidFinder] Getting current SSID..
[2016-11-22 21:23:52.263][debug][command:6d513cbc-4474-4595-a26d-530b60e1563e][tid:252][com.facebook.buck.util.environment.MacWifiSsidFinder] Getting SSID from Wi-Fi interface: <CWInterface: 0x7f9e86101d10> [interfaceName=en1]
[2016-11-22 21:23:52.264][debug][command:null][tid:264][com.google.common.util.concurrent.ServiceManager] Started ProcessTracker [RUNNING] in 2.007 ms.
[2016-11-22 21:23:52.264][debug][command:6d513cbc-4474-4595-a26d-530b60e1563e][tid:252][com.facebook.buck.util.environment.MacWifiSsidFinder] No SSID found for interface <CWInterface: 0x7f9e86101d10> [interfaceName=en1].
[2016-11-22 21:23:52.318][debug][command:6d513cbc-4474-4595-a26d-530b60e1563e][tid:252][com.facebook.buck.apple.AppleToolchainDiscovery] Searching for Xcode toolchains under /Applications/Xcode.app/Contents/Developer/Toolchains
[2016-11-22 21:23:52.326][debug][command:6d513cbc-4474-4595-a26d-530b60e1563e][tid:252][com.facebook.buck.apple.AppleToolchainDiscovery] Searching for Xcode toolchains in /Applications/Xcode.app/Contents/Developer/Toolchains
[2016-11-22 21:23:52.326][debug][command:6d513cbc-4474-4595-a26d-530b60e1563e][tid:252][com.facebook.buck.apple.AppleToolchainDiscovery] Getting identifier for for Xcode toolchain under /Applications/Xcode.app/Contents/Developer/Toolchains/XcodeDefault.xctoolchain
[2016-11-22 21:23:52.345][debug][command:6d513cbc-4474-4595-a26d-530b60e1563e][tid:252][com.facebook.buck.apple.AppleToolchainDiscovery] Mapped SDK identifier com.apple.dt.toolchain.XcodeDefault to path /Applications/Xcode.app/Contents/Developer/Toolchains/XcodeDefault.xctoolchain
[2016-11-22 21:23:52.360][debug][command:6d513cbc-4474-4595-a26d-530b60e1563e][tid:252][com.facebook.buck.apple.AppleSdkDiscovery] Searching for Xcode platforms under /Applications/Xcode.app/Contents/Developer/Platforms
[2016-11-22 21:23:52.360][debug][command:6d513cbc-4474-4595-a26d-530b60e1563e][tid:252][com.facebook.buck.apple.AppleSdkDiscovery] Searching for Xcode SDKs in /Applications/Xcode.app/Contents/Developer/Platforms
[2016-11-22 21:23:52.396][debug][command:6d513cbc-4474-4595-a26d-530b60e1563e][tid:252][com.facebook.buck.apple.AppleSdkDiscovery] Fetching SDK name for /Applications/Xcode.app/Contents/Developer/Platforms/AppleTVOS.platform/Developer/SDKs/AppleTVOS.sdk
[2016-11-22 21:23:52.449][debug][command:6d513cbc-4474-4595-a26d-530b60e1563e][tid:252][com.facebook.buck.apple.AppleSdkDiscovery] Found SDK AppleSdk{name=appletvos9.2, version=9.2, applePlatform=ApplePlatform{name=appletvos, architectures=[arm64], minVersionFlagPrefix=-mtvos-version-min=, stubBinaryPath=Optional.empty, appIncludesFrameworks=false}, architectures=[arm64], toolchains=[AppleToolchain{identifier=com.apple.dt.toolchain.XcodeDefault, version=15A284, path=/Applications/Xcode.app/Contents/Developer/Toolchains/XcodeDefault.xctoolchain}]}
[2016-11-22 21:23:52.449][debug][command:6d513cbc-4474-4595-a26d-530b60e1563e][tid:252][com.facebook.buck.apple.AppleSdkDiscovery] Fetching SDK name for /Applications/Xcode.app/Contents/Developer/Platforms/AppleTVOS.platform/Developer/SDKs/AppleTVOS9.2.sdk
[2016-11-22 21:23:52.482][debug][command:6d513cbc-4474-4595-a26d-530b60e1563e][tid:252][com.facebook.buck.apple.AppleSdkDiscovery] Skipping already scanned SDK directory /Applications/Xcode.app/Contents/Developer/Platforms/AppleTVOS.platform/Developer/SDKs/AppleTVOS.sdk
[2016-11-22 21:23:52.587][debug][command:6d513cbc-4474-4595-a26d-530b60e1563e][tid:252][com.facebook.buck.apple.AppleSdkDiscovery] Fetching SDK name for /Applications/Xcode.app/Contents/Developer/Platforms/AppleTVSimulator.platform/Developer/SDKs/AppleTVSimulator.sdk
[2016-11-22 21:23:52.621][debug][command:6d513cbc-4474-4595-a26d-530b60e1563e][tid:252][com.facebook.buck.apple.AppleSdkDiscovery] Specified toolchain com.apple.dt.toolchain.AppleTVOS9_2 not found for SDK path /Applications/Xcode.app/Contents/Developer/Platforms/AppleTVSimulator.platform/Developer/SDKs/AppleTVSimulator.sdk
[2016-11-22 21:23:52.621][debug][command:6d513cbc-4474-4595-a26d-530b60e1563e][tid:252][com.facebook.buck.apple.AppleSdkDiscovery] Found SDK AppleSdk{name=appletvsimulator9.2, version=9.2, applePlatform=ApplePlatform{name=appletvsimulator, swiftName=tvos, architectures=[x86_64], minVersionFlagPrefix=-mtvos-simulator-version-min=, stubBinaryPath=Optional.empty, appIncludesFrameworks=false}, architectures=[x86_64], toolchains=[AppleToolchain{identifier=com.apple.dt.toolchain.XcodeDefault, version=15A284, path=/Applications/Xcode.app/Contents/Developer/Toolchains/XcodeDefault.xctoolchain}]}
[2016-11-22 21:23:52.621][debug][command:6d513cbc-4474-4595-a26d-530b60e1563e][tid:252][com.facebook.buck.apple.AppleSdkDiscovery] Fetching SDK name for /Applications/Xcode.app/Contents/Developer/Platforms/AppleTVSimulator.platform/Developer/SDKs/AppleTVSimulator9.2.sdk
[2016-11-22 21:23:53.587][debug][command:6d513cbc-4474-4595-a26d-530b60e1563e][tid:252][com.facebook.buck.apple.AppleSdkDiscovery] Skipping already scanned SDK directory /Applications/Xcode.app/Contents/Developer/Platforms/AppleTVSimulator.platform/Developer/SDKs/AppleTVSimulator.sdk
[2016-11-22 21:23:53.612][debug][command:6d513cbc-4474-4595-a26d-530b60e1563e][tid:252][com.facebook.buck.apple.AppleSdkDiscovery] Fetching SDK name for /Applications/Xcode.app/Contents/Developer/Platforms/iPhoneOS.platform/Developer/SDKs/iPhoneOS.sdk
[2016-11-22 21:23:53.636][debug][command:6d513cbc-4474-4595-a26d-530b60e1563e][tid:252][com.facebook.buck.apple.AppleSdkDiscovery] Found SDK AppleSdk{name=iphoneos9.3, version=9.3, applePlatform=ApplePlatform{name=iphoneos, swiftName=ios, architectures=[armv7, arm64], minVersionFlagPrefix=-mios-version-min=, stubBinaryPath=Optional[Library/Application Support/WatchKit/WK], appIncludesFrameworks=false}, architectures=[armv7, arm64], toolchains=[AppleToolchain{identifier=com.apple.dt.toolchain.XcodeDefault, version=15A284, path=/Applications/Xcode.app/Contents/Developer/Toolchains/XcodeDefault.xctoolchain}]}
[2016-11-22 21:23:54.285][debug][command:6d513cbc-4474-4595-a26d-530b60e1563e][tid:252][com.facebook.buck.apple.AppleSdkDiscovery] Fetching SDK name for /Applications/Xcode.app/Contents/Developer/Platforms/iPhoneOS.platform/Developer/SDKs/iPhoneOS9.3.sdk
[2016-11-22 21:23:54.363][debug][command:6d513cbc-4474-4595-a26d-530b60e1563e][tid:252][com.facebook.buck.apple.AppleSdkDiscovery] Skipping already scanned SDK directory /Applications/Xcode.app/Contents/Developer/Platforms/iPhoneOS.platform/Developer/SDKs/iPhoneOS.sdk
[2016-11-22 21:23:55.257][debug][command:6d513cbc-4474-4595-a26d-530b60e1563e][tid:252][com.facebook.buck.apple.AppleSdkDiscovery] Fetching SDK name for /Applications/Xcode.app/Contents/Developer/Platforms/iPhoneSimulator.platform/Developer/SDKs/iPhoneSimulator.sdk
[2016-11-22 21:23:55.300][debug][command:6d513cbc-4474-4595-a26d-530b60e1563e][tid:252][com.facebook.buck.apple.AppleSdkDiscovery] Specified toolchain com.apple.dt.toolchain.iOS9_3 not found for SDK path /Applications/Xcode.app/Contents/Developer/Platforms/iPhoneSimulator.platform/Developer/SDKs/iPhoneSimulator.sdk
[2016-11-22 21:23:55.300][debug][command:6d513cbc-4474-4595-a26d-530b60e1563e][tid:252][com.facebook.buck.apple.AppleSdkDiscovery] Found SDK AppleSdk{name=iphonesimulator9.3, version=9.3, applePlatform=ApplePlatform{name=iphonesimulator, swiftName=ios, architectures=[i386, x86_64], minVersionFlagPrefix=-mios-simulator-version-min=, stubBinaryPath=Optional[Library/Application Support/WatchKit/WK], appIncludesFrameworks=false}, architectures=[i386, x86_64], toolchains=[AppleToolchain{identifier=com.apple.dt.toolchain.XcodeDefault, version=15A284, path=/Applications/Xcode.app/Contents/Developer/Toolchains/XcodeDefault.xctoolchain}]}
[2016-11-22 21:23:55.300][debug][command:6d513cbc-4474-4595-a26d-530b60e1563e][tid:252][com.facebook.buck.apple.AppleSdkDiscovery] Fetching SDK name for /Applications/Xcode.app/Contents/Developer/Platforms/iPhoneSimulator.platform/Developer/SDKs/iPhoneSimulator9.3.sdk
[2016-11-22 21:23:55.328][debug][command:6d513cbc-4474-4595-a26d-530b60e1563e][tid:252][com.facebook.buck.apple.AppleSdkDiscovery] Skipping already scanned SDK directory /Applications/Xcode.app/Contents/Developer/Platforms/iPhoneSimulator.platform/Developer/SDKs/iPhoneSimulator.sdk
[2016-11-22 21:23:55.359][debug][command:6d513cbc-4474-4595-a26d-530b60e1563e][tid:252][com.facebook.buck.apple.AppleSdkDiscovery] Fetching SDK name for /Applications/Xcode.app/Contents/Developer/Platforms/MacOSX.platform/Developer/SDKs/MacOSX10.11.sdk
[2016-11-22 21:23:55.408][debug][command:6d513cbc-4474-4595-a26d-530b60e1563e][tid:252][com.facebook.buck.apple.AppleSdkDiscovery] Found SDK AppleSdk{name=macosx10.11, version=10.11, applePlatform=ApplePlatform{name=macosx, architectures=[i386, x86_64], minVersionFlagPrefix=-mmacosx-version-min=, stubBinaryPath=Optional.empty, appIncludesFrameworks=true}, architectures=[i386, x86_64], toolchains=[AppleToolchain{identifier=com.apple.dt.toolchain.XcodeDefault, version=15A284, path=/Applications/Xcode.app/Contents/Developer/Toolchains/XcodeDefault.xctoolchain}]}
[2016-11-22 21:23:55.440][debug][command:6d513cbc-4474-4595-a26d-530b60e1563e][tid:252][com.facebook.buck.apple.AppleSdkDiscovery] Fetching SDK name for /Applications/Xcode.app/Contents/Developer/Platforms/WatchOS.platform/Developer/SDKs/WatchOS.sdk
[2016-11-22 21:23:55.457][debug][command:6d513cbc-4474-4595-a26d-530b60e1563e][tid:252][com.facebook.buck.apple.AppleSdkDiscovery] Found SDK AppleSdk{name=watchos2.2, version=2.2, applePlatform=ApplePlatform{name=watchos, architectures=[armv7k], minVersionFlagPrefix=-mwatchos-version-min=, stubBinaryPath=Optional[Library/Application Support/WatchKit/WK], appIncludesFrameworks=false}, architectures=[armv7k], toolchains=[AppleToolchain{identifier=com.apple.dt.toolchain.XcodeDefault, version=15A284, path=/Applications/Xcode.app/Contents/Developer/Toolchains/XcodeDefault.xctoolchain}]}
[2016-11-22 21:23:55.458][debug][command:6d513cbc-4474-4595-a26d-530b60e1563e][tid:252][com.facebook.buck.apple.AppleSdkDiscovery] Fetching SDK name for /Applications/Xcode.app/Contents/Developer/Platforms/WatchOS.platform/Developer/SDKs/WatchOS2.2.sdk
[2016-11-22 21:23:55.497][debug][command:6d513cbc-4474-4595-a26d-530b60e1563e][tid:252][com.facebook.buck.apple.AppleSdkDiscovery] Skipping already scanned SDK directory /Applications/Xcode.app/Contents/Developer/Platforms/WatchOS.platform/Developer/SDKs/WatchOS.sdk
[2016-11-22 21:23:55.523][debug][command:6d513cbc-4474-4595-a26d-530b60e1563e][tid:252][com.facebook.buck.apple.AppleSdkDiscovery] Fetching SDK name for /Applications/Xcode.app/Contents/Developer/Platforms/WatchSimulator.platform/Developer/SDKs/WatchSimulator.sdk
[2016-11-22 21:23:55.579][debug][command:6d513cbc-4474-4595-a26d-530b60e1563e][tid:252][com.facebook.buck.apple.AppleSdkDiscovery] Specified toolchain com.apple.dt.toolchain.WatchOS2_2 not found for SDK path /Applications/Xcode.app/Contents/Developer/Platforms/WatchSimulator.platform/Developer/SDKs/WatchSimulator.sdk
[2016-11-22 21:23:55.579][debug][command:6d513cbc-4474-4595-a26d-530b60e1563e][tid:252][com.facebook.buck.apple.AppleSdkDiscovery] Found SDK AppleSdk{name=watchsimulator2.2, version=2.2, applePlatform=ApplePlatform{name=watchsimulator, architectures=[i386], minVersionFlagPrefix=-mwatchos-simulator-version-min=, stubBinaryPath=Optional[Library/Application Support/WatchKit/WK], appIncludesFrameworks=false}, architectures=[i386], toolchains=[AppleToolchain{identifier=com.apple.dt.toolchain.XcodeDefault, version=15A284, path=/Applications/Xcode.app/Contents/Developer/Toolchains/XcodeDefault.xctoolchain}]}
[2016-11-22 21:23:55.579][debug][command:6d513cbc-4474-4595-a26d-530b60e1563e][tid:252][com.facebook.buck.apple.AppleSdkDiscovery] Fetching SDK name for /Applications/Xcode.app/Contents/Developer/Platforms/WatchSimulator.platform/Developer/SDKs/WatchSimulator2.2.sdk
[2016-11-22 21:23:55.618][debug][command:6d513cbc-4474-4595-a26d-530b60e1563e][tid:252][com.facebook.buck.apple.AppleSdkDiscovery] Skipping already scanned SDK directory /Applications/Xcode.app/Contents/Developer/Platforms/WatchSimulator.platform/Developer/SDKs/WatchSimulator.sdk
[2016-11-22 21:23:55.633][debug][command:6d513cbc-4474-4595-a26d-530b60e1563e][tid:252][com.facebook.buck.rules.KnownBuildRuleTypes] SDK AppleSdk{name=appletvos9.2, version=9.2, applePlatform=ApplePlatform{name=appletvos, architectures=[arm64], minVersionFlagPrefix=-mtvos-version-min=, stubBinaryPath=Optional.empty, appIncludesFrameworks=false}, architectures=[arm64], toolchains=[AppleToolchain{identifier=com.apple.dt.toolchain.XcodeDefault, version=15A284, path=/Applications/Xcode.app/Contents/Developer/Toolchains/XcodeDefault.xctoolchain}]} using default version 9.2
[2016-11-22 21:24:00.569][debug][command:6d513cbc-4474-4595-a26d-530b60e1563e][tid:252][com.facebook.buck.apple.AppleCxxPlatforms] Xcode build version is: 7D1014
[2016-11-22 21:24:00.585][debug][command:6d513cbc-4474-4595-a26d-530b60e1563e][tid:252][com.facebook.buck.io.ExecutableFinder] Executable 'clang' mapped to 'Optional[/Applications/Xcode.app/Contents/Developer/Toolchains/XcodeDefault.xctoolchain/usr/bin/clang]'
[2016-11-22 21:24:00.659][debug][command:6d513cbc-4474-4595-a26d-530b60e1563e][tid:252][com.facebook.buck.io.ExecutableFinder] Executable 'clang++' mapped to 'Optional[/Applications/Xcode.app/Contents/Developer/Toolchains/XcodeDefault.xctoolchain/usr/bin/clang++]'
[2016-11-22 21:24:00.659][debug][command:6d513cbc-4474-4595-a26d-530b60e1563e][tid:252][com.facebook.buck.io.ExecutableFinder] Executable 'ar' mapped to 'Optional[/Applications/Xcode.app/Contents/Developer/Toolchains/XcodeDefault.xctoolchain/usr/bin/ar]'
[2016-11-22 21:24:00.660][debug][command:6d513cbc-4474-4595-a26d-530b60e1563e][tid:252][com.facebook.buck.io.ExecutableFinder] Executable 'ranlib' mapped to 'Optional[/Applications/Xcode.app/Contents/Developer/Toolchains/XcodeDefault.xctoolchain/usr/bin/ranlib]'
[2016-11-22 21:24:00.660][debug][command:6d513cbc-4474-4595-a26d-530b60e1563e][tid:252][com.facebook.buck.io.ExecutableFinder] Executable 'strip' mapped to 'Optional[/Applications/Xcode.app/Contents/Developer/Toolchains/XcodeDefault.xctoolchain/usr/bin/strip]'
[2016-11-22 21:24:00.660][debug][command:6d513cbc-4474-4595-a26d-530b60e1563e][tid:252][com.facebook.buck.io.ExecutableFinder] Executable 'nm' mapped to 'Optional[/Applications/Xcode.app/Contents/Developer/Toolchains/XcodeDefault.xctoolchain/usr/bin/nm]'
[2016-11-22 21:24:00.660][debug][command:6d513cbc-4474-4595-a26d-530b60e1563e][tid:252][com.facebook.buck.io.ExecutableFinder] Executable 'actool' mapped to 'Optional[/Applications/Xcode.app/Contents/Developer/usr/bin/actool]'
[2016-11-22 21:24:00.661][debug][command:6d513cbc-4474-4595-a26d-530b60e1563e][tid:252][com.facebook.buck.io.ExecutableFinder] Executable 'ibtool' mapped to 'Optional[/Applications/Xcode.app/Contents/Developer/usr/bin/ibtool]'
[2016-11-22 21:24:00.661][debug][command:6d513cbc-4474-4595-a26d-530b60e1563e][tid:252][com.facebook.buck.io.ExecutableFinder] Executable 'momc' mapped to 'Optional[/Applications/Xcode.app/Contents/Developer/usr/bin/momc]'
[2016-11-22 21:24:00.661][debug][command:6d513cbc-4474-4595-a26d-530b60e1563e][tid:252][com.facebook.buck.io.ExecutableFinder] Executable 'xctest' mapped to 'Optional[/Applications/Xcode.app/Contents/Developer/usr/bin/xctest]'
[2016-11-22 21:24:00.661][debug][command:6d513cbc-4474-4595-a26d-530b60e1563e][tid:252][com.facebook.buck.io.ExecutableFinder] Executable 'dsymutil' mapped to 'Optional[/Applications/Xcode.app/Contents/Developer/Toolchains/XcodeDefault.xctoolchain/usr/bin/dsymutil]'
[2016-11-22 21:24:00.662][debug][command:6d513cbc-4474-4595-a26d-530b60e1563e][tid:252][com.facebook.buck.io.ExecutableFinder] Executable 'lipo' mapped to 'Optional[/Applications/Xcode.app/Contents/Developer/Toolchains/XcodeDefault.xctoolchain/usr/bin/lipo]'
[2016-11-22 21:24:00.662][debug][command:6d513cbc-4474-4595-a26d-530b60e1563e][tid:252][com.facebook.buck.io.ExecutableFinder] Executable 'lldb' mapped to 'Optional[/Applications/Xcode.app/Contents/Developer/usr/bin/lldb]'
[2016-11-22 21:24:00.713][debug][command:6d513cbc-4474-4595-a26d-530b60e1563e][tid:252][com.facebook.buck.io.ExecutableFinder] Executable 'swift' mapped to 'Optional[/Applications/Xcode.app/Contents/Developer/Toolchains/XcodeDefault.xctoolchain/usr/bin/swift]'
[2016-11-22 21:24:00.713][debug][command:6d513cbc-4474-4595-a26d-530b60e1563e][tid:252][com.facebook.buck.io.ExecutableFinder] Executable 'swift-stdlib-tool' mapped to 'Optional[/Applications/Xcode.app/Contents/Developer/Toolchains/XcodeDefault.xctoolchain/usr/bin/swift-stdlib-tool]'
[2016-11-22 21:24:00.735][debug][command:6d513cbc-4474-4595-a26d-530b60e1563e][tid:252][com.facebook.buck.io.ExecutableFinder] Executable 'codesign_allocate' mapped to 'Optional[/Applications/Xcode.app/Contents/Developer/Toolchains/XcodeDefault.xctoolchain/usr/bin/codesign_allocate]'
[2016-11-22 21:24:00.735][debug][command:6d513cbc-4474-4595-a26d-530b60e1563e][tid:252][com.facebook.buck.rules.KnownBuildRuleTypes] SDK AppleSdk{name=appletvsimulator9.2, version=9.2, applePlatform=ApplePlatform{name=appletvsimulator, swiftName=tvos, architectures=[x86_64], minVersionFlagPrefix=-mtvos-simulator-version-min=, stubBinaryPath=Optional.empty, appIncludesFrameworks=false}, architectures=[x86_64], toolchains=[AppleToolchain{identifier=com.apple.dt.toolchain.XcodeDefault, version=15A284, path=/Applications/Xcode.app/Contents/Developer/Toolchains/XcodeDefault.xctoolchain}]} using default version 9.2
[2016-11-22 21:24:00.736][debug][command:6d513cbc-4474-4595-a26d-530b60e1563e][tid:252][com.facebook.buck.apple.AppleCxxPlatforms] Xcode build version is: 7D1014
[2016-11-22 21:24:00.736][debug][command:6d513cbc-4474-4595-a26d-530b60e1563e][tid:252][com.facebook.buck.io.ExecutableFinder] Executable 'clang' mapped to 'Optional[/Applications/Xcode.app/Contents/Developer/Toolchains/XcodeDefault.xctoolchain/usr/bin/clang]'
[2016-11-22 21:24:00.736][debug][command:6d513cbc-4474-4595-a26d-530b60e1563e][tid:252][com.facebook.buck.io.ExecutableFinder] Executable 'clang++' mapped to 'Optional[/Applications/Xcode.app/Contents/Developer/Toolchains/XcodeDefault.xctoolchain/usr/bin/clang++]'
[2016-11-22 21:24:00.737][debug][command:6d513cbc-4474-4595-a26d-530b60e1563e][tid:252][com.facebook.buck.io.ExecutableFinder] Executable 'ar' mapped to 'Optional[/Applications/Xcode.app/Contents/Developer/Toolchains/XcodeDefault.xctoolchain/usr/bin/ar]'
[2016-11-22 21:24:00.737][debug][command:6d513cbc-4474-4595-a26d-530b60e1563e][tid:252][com.facebook.buck.io.ExecutableFinder] Executable 'ranlib' mapped to 'Optional[/Applications/Xcode.app/Contents/Developer/Toolchains/XcodeDefault.xctoolchain/usr/bin/ranlib]'
[2016-11-22 21:24:00.737][debug][command:6d513cbc-4474-4595-a26d-530b60e1563e][tid:252][com.facebook.buck.io.ExecutableFinder] Executable 'strip' mapped to 'Optional[/Applications/Xcode.app/Contents/Developer/Toolchains/XcodeDefault.xctoolchain/usr/bin/strip]'
[2016-11-22 21:24:00.737][debug][command:6d513cbc-4474-4595-a26d-530b60e1563e][tid:252][com.facebook.buck.io.ExecutableFinder] Executable 'nm' mapped to 'Optional[/Applications/Xcode.app/Contents/Developer/Toolchains/XcodeDefault.xctoolchain/usr/bin/nm]'
[2016-11-22 21:24:00.737][debug][command:6d513cbc-4474-4595-a26d-530b60e1563e][tid:252][com.facebook.buck.io.ExecutableFinder] Executable 'actool' mapped to 'Optional[/Applications/Xcode.app/Contents/Developer/usr/bin/actool]'
[2016-11-22 21:24:00.738][debug][command:6d513cbc-4474-4595-a26d-530b60e1563e][tid:252][com.facebook.buck.io.ExecutableFinder] Executable 'ibtool' mapped to 'Optional[/Applications/Xcode.app/Contents/Developer/usr/bin/ibtool]'
[2016-11-22 21:24:00.738][debug][command:6d513cbc-4474-4595-a26d-530b60e1563e][tid:252][com.facebook.buck.io.ExecutableFinder] Executable 'momc' mapped to 'Optional[/Applications/Xcode.app/Contents/Developer/usr/bin/momc]'
[2016-11-22 21:24:00.738][debug][command:6d513cbc-4474-4595-a26d-530b60e1563e][tid:252][com.facebook.buck.io.ExecutableFinder] Executable 'xctest' mapped to 'Optional[/Applications/Xcode.app/Contents/Developer/Platforms/AppleTVSimulator.platform/Developer/SDKs/AppleTVSimulator.sdk/Developer/usr/bin/xctest]'
[2016-11-22 21:24:00.738][debug][command:6d513cbc-4474-4595-a26d-530b60e1563e][tid:252][com.facebook.buck.io.ExecutableFinder] Executable 'dsymutil' mapped to 'Optional[/Applications/Xcode.app/Contents/Developer/Toolchains/XcodeDefault.xctoolchain/usr/bin/dsymutil]'
[2016-11-22 21:24:00.738][debug][command:6d513cbc-4474-4595-a26d-530b60e1563e][tid:252][com.facebook.buck.io.ExecutableFinder] Executable 'lipo' mapped to 'Optional[/Applications/Xcode.app/Contents/Developer/Toolchains/XcodeDefault.xctoolchain/usr/bin/lipo]'
[2016-11-22 21:24:00.739][debug][command:6d513cbc-4474-4595-a26d-530b60e1563e][tid:252][com.facebook.buck.io.ExecutableFinder] Executable 'lldb' mapped to 'Optional[/Applications/Xcode.app/Contents/Developer/usr/bin/lldb]'
[2016-11-22 21:24:00.739][warn ][command:6d513cbc-4474-4595-a26d-530b60e1563e][tid:252][com.facebook.buck.apple.AppleCxxPlatforms] /Applications/Xcode.app/Contents/Developer/Platforms/AppleTVSimulator.platform/version.plist does not exist. Build version will be unset for this platform.
[2016-11-22 21:24:00.739][debug][command:6d513cbc-4474-4595-a26d-530b60e1563e][tid:252][com.facebook.buck.io.ExecutableFinder] Executable 'swift' mapped to 'Optional[/Applications/Xcode.app/Contents/Developer/Toolchains/XcodeDefault.xctoolchain/usr/bin/swift]'
[2016-11-22 21:24:00.739][debug][command:6d513cbc-4474-4595-a26d-530b60e1563e][tid:252][com.facebook.buck.io.ExecutableFinder] Executable 'swift-stdlib-tool' mapped to 'Optional[/Applications/Xcode.app/Contents/Developer/Toolchains/XcodeDefault.xctoolchain/usr/bin/swift-stdlib-tool]'
[2016-11-22 21:24:00.757][debug][command:6d513cbc-4474-4595-a26d-530b60e1563e][tid:252][com.facebook.buck.io.ExecutableFinder] Executable 'codesign_allocate' mapped to 'Optional[/Applications/Xcode.app/Contents/Developer/Toolchains/XcodeDefault.xctoolchain/usr/bin/codesign_allocate]'
[2016-11-22 21:24:00.757][debug][command:6d513cbc-4474-4595-a26d-530b60e1563e][tid:252][com.facebook.buck.rules.KnownBuildRuleTypes] SDK AppleSdk{name=iphoneos9.3, version=9.3, applePlatform=ApplePlatform{name=iphoneos, swiftName=ios, architectures=[armv7, arm64], minVersionFlagPrefix=-mios-version-min=, stubBinaryPath=Optional[Library/Application Support/WatchKit/WK], appIncludesFrameworks=false}, architectures=[armv7, arm64], toolchains=[AppleToolchain{identifier=com.apple.dt.toolchain.XcodeDefault, version=15A284, path=/Applications/Xcode.app/Contents/Developer/Toolchains/XcodeDefault.xctoolchain}]} using default version 9.3
[2016-11-22 21:24:00.758][debug][command:6d513cbc-4474-4595-a26d-530b60e1563e][tid:252][com.facebook.buck.apple.AppleCxxPlatforms] Xcode build version is: 7D1014
[2016-11-22 21:24:00.758][debug][command:6d513cbc-4474-4595-a26d-530b60e1563e][tid:252][com.facebook.buck.io.ExecutableFinder] Executable 'clang' mapped to 'Optional[/Applications/Xcode.app/Contents/Developer/Toolchains/XcodeDefault.xctoolchain/usr/bin/clang]'
[2016-11-22 21:24:00.789][debug][command:6d513cbc-4474-4595-a26d-530b60e1563e][tid:252][com.facebook.buck.io.ExecutableFinder] Executable 'clang++' mapped to 'Optional[/Applications/Xcode.app/Contents/Developer/Toolchains/XcodeDefault.xctoolchain/usr/bin/clang++]'
[2016-11-22 21:24:00.789][debug][command:6d513cbc-4474-4595-a26d-530b60e1563e][tid:252][com.facebook.buck.io.ExecutableFinder] Executable 'ar' mapped to 'Optional[/Applications/Xcode.app/Contents/Developer/Toolchains/XcodeDefault.xctoolchain/usr/bin/ar]'
[2016-11-22 21:24:00.789][debug][command:6d513cbc-4474-4595-a26d-530b60e1563e][tid:252][com.facebook.buck.io.ExecutableFinder] Executable 'ranlib' mapped to 'Optional[/Applications/Xcode.app/Contents/Developer/Toolchains/XcodeDefault.xctoolchain/usr/bin/ranlib]'
[2016-11-22 21:24:00.790][debug][command:6d513cbc-4474-4595-a26d-530b60e1563e][tid:252][com.facebook.buck.io.ExecutableFinder] Executable 'strip' mapped to 'Optional[/Applications/Xcode.app/Contents/Developer/Toolchains/XcodeDefault.xctoolchain/usr/bin/strip]'
[2016-11-22 21:24:00.790][debug][command:6d513cbc-4474-4595-a26d-530b60e1563e][tid:252][com.facebook.buck.io.ExecutableFinder] Executable 'nm' mapped to 'Optional[/Applications/Xcode.app/Contents/Developer/Toolchains/XcodeDefault.xctoolchain/usr/bin/nm]'
[2016-11-22 21:24:00.790][debug][command:6d513cbc-4474-4595-a26d-530b60e1563e][tid:252][com.facebook.buck.io.ExecutableFinder] Executable 'actool' mapped to 'Optional[/Applications/Xcode.app/Contents/Developer/usr/bin/actool]'
[2016-11-22 21:24:00.790][debug][command:6d513cbc-4474-4595-a26d-530b60e1563e][tid:252][com.facebook.buck.io.ExecutableFinder] Executable 'ibtool' mapped to 'Optional[/Applications/Xcode.app/Contents/Developer/usr/bin/ibtool]'
[2016-11-22 21:24:00.790][debug][command:6d513cbc-4474-4595-a26d-530b60e1563e][tid:252][com.facebook.buck.io.ExecutableFinder] Executable 'momc' mapped to 'Optional[/Applications/Xcode.app/Contents/Developer/usr/bin/momc]'
[2016-11-22 21:24:00.791][debug][command:6d513cbc-4474-4595-a26d-530b60e1563e][tid:252][com.facebook.buck.io.ExecutableFinder] Executable 'xctest' mapped to 'Optional[/Applications/Xcode.app/Contents/Developer/usr/bin/xctest]'
[2016-11-22 21:24:00.791][debug][command:6d513cbc-4474-4595-a26d-530b60e1563e][tid:252][com.facebook.buck.io.ExecutableFinder] Executable 'dsymutil' mapped to 'Optional[/Applications/Xcode.app/Contents/Developer/Toolchains/XcodeDefault.xctoolchain/usr/bin/dsymutil]'
[2016-11-22 21:24:00.791][debug][command:6d513cbc-4474-4595-a26d-530b60e1563e][tid:252][com.facebook.buck.io.ExecutableFinder] Executable 'lipo' mapped to 'Optional[/Applications/Xcode.app/Contents/Developer/Toolchains/XcodeDefault.xctoolchain/usr/bin/lipo]'
[2016-11-22 21:24:00.799][debug][command:6d513cbc-4474-4595-a26d-530b60e1563e][tid:252][com.facebook.buck.io.ExecutableFinder] Executable 'lldb' mapped to 'Optional[/Applications/Xcode.app/Contents/Developer/usr/bin/lldb]'
[2016-11-22 21:24:00.837][debug][command:6d513cbc-4474-4595-a26d-530b60e1563e][tid:252][com.facebook.buck.io.ExecutableFinder] Executable 'swift' mapped to 'Optional[/Applications/Xcode.app/Contents/Developer/Toolchains/XcodeDefault.xctoolchain/usr/bin/swift]'
[2016-11-22 21:24:00.838][debug][command:6d513cbc-4474-4595-a26d-530b60e1563e][tid:252][com.facebook.buck.io.ExecutableFinder] Executable 'swift-stdlib-tool' mapped to 'Optional[/Applications/Xcode.app/Contents/Developer/Toolchains/XcodeDefault.xctoolchain/usr/bin/swift-stdlib-tool]'
[2016-11-22 21:24:00.850][debug][command:6d513cbc-4474-4595-a26d-530b60e1563e][tid:252][com.facebook.buck.io.ExecutableFinder] Executable 'codesign_allocate' mapped to 'Optional[/Applications/Xcode.app/Contents/Developer/Toolchains/XcodeDefault.xctoolchain/usr/bin/codesign_allocate]'
[2016-11-22 21:24:00.855][debug][command:6d513cbc-4474-4595-a26d-530b60e1563e][tid:252][com.facebook.buck.apple.AppleCxxPlatforms] Xcode build version is: 7D1014
[2016-11-22 21:24:00.855][debug][command:6d513cbc-4474-4595-a26d-530b60e1563e][tid:252][com.facebook.buck.io.ExecutableFinder] Executable 'clang' mapped to 'Optional[/Applications/Xcode.app/Contents/Developer/Toolchains/XcodeDefault.xctoolchain/usr/bin/clang]'
[2016-11-22 21:24:00.855][debug][command:6d513cbc-4474-4595-a26d-530b60e1563e][tid:252][com.facebook.buck.io.ExecutableFinder] Executable 'clang++' mapped to 'Optional[/Applications/Xcode.app/Contents/Developer/Toolchains/XcodeDefault.xctoolchain/usr/bin/clang++]'
[2016-11-22 21:24:00.855][debug][command:6d513cbc-4474-4595-a26d-530b60e1563e][tid:252][com.facebook.buck.io.ExecutableFinder] Executable 'ar' mapped to 'Optional[/Applications/Xcode.app/Contents/Developer/Toolchains/XcodeDefault.xctoolchain/usr/bin/ar]'
[2016-11-22 21:24:00.856][debug][command:6d513cbc-4474-4595-a26d-530b60e1563e][tid:252][com.facebook.buck.io.ExecutableFinder] Executable 'ranlib' mapped to 'Optional[/Applications/Xcode.app/Contents/Developer/Toolchains/XcodeDefault.xctoolchain/usr/bin/ranlib]'
[2016-11-22 21:24:00.856][debug][command:6d513cbc-4474-4595-a26d-530b60e1563e][tid:252][com.facebook.buck.io.ExecutableFinder] Executable 'strip' mapped to 'Optional[/Applications/Xcode.app/Contents/Developer/Toolchains/XcodeDefault.xctoolchain/usr/bin/strip]'
[2016-11-22 21:24:00.856][debug][command:6d513cbc-4474-4595-a26d-530b60e1563e][tid:252][com.facebook.buck.io.ExecutableFinder] Executable 'nm' mapped to 'Optional[/Applications/Xcode.app/Contents/Developer/Toolchains/XcodeDefault.xctoolchain/usr/bin/nm]'
[2016-11-22 21:24:00.856][debug][command:6d513cbc-4474-4595-a26d-530b60e1563e][tid:252][com.facebook.buck.io.ExecutableFinder] Executable 'actool' mapped to 'Optional[/Applications/Xcode.app/Contents/Developer/usr/bin/actool]'
[2016-11-22 21:24:00.856][debug][command:6d513cbc-4474-4595-a26d-530b60e1563e][tid:252][com.facebook.buck.io.ExecutableFinder] Executable 'ibtool' mapped to 'Optional[/Applications/Xcode.app/Contents/Developer/usr/bin/ibtool]'
[2016-11-22 21:24:00.857][debug][command:6d513cbc-4474-4595-a26d-530b60e1563e][tid:252][com.facebook.buck.io.ExecutableFinder] Executable 'momc' mapped to 'Optional[/Applications/Xcode.app/Contents/Developer/usr/bin/momc]'
[2016-11-22 21:24:00.857][debug][command:6d513cbc-4474-4595-a26d-530b60e1563e][tid:252][com.facebook.buck.io.ExecutableFinder] Executable 'xctest' mapped to 'Optional[/Applications/Xcode.app/Contents/Developer/usr/bin/xctest]'
[2016-11-22 21:24:00.857][debug][command:6d513cbc-4474-4595-a26d-530b60e1563e][tid:252][com.facebook.buck.io.ExecutableFinder] Executable 'dsymutil' mapped to 'Optional[/Applications/Xcode.app/Contents/Developer/Toolchains/XcodeDefault.xctoolchain/usr/bin/dsymutil]'
[2016-11-22 21:24:00.857][debug][command:6d513cbc-4474-4595-a26d-530b60e1563e][tid:252][com.facebook.buck.io.ExecutableFinder] Executable 'lipo' mapped to 'Optional[/Applications/Xcode.app/Contents/Developer/Toolchains/XcodeDefault.xctoolchain/usr/bin/lipo]'
[2016-11-22 21:24:00.857][debug][command:6d513cbc-4474-4595-a26d-530b60e1563e][tid:252][com.facebook.buck.io.ExecutableFinder] Executable 'lldb' mapped to 'Optional[/Applications/Xcode.app/Contents/Developer/usr/bin/lldb]'
[2016-11-22 21:24:00.859][debug][command:6d513cbc-4474-4595-a26d-530b60e1563e][tid:252][com.facebook.buck.io.ExecutableFinder] Executable 'swift' mapped to 'Optional[/Applications/Xcode.app/Contents/Developer/Toolchains/XcodeDefault.xctoolchain/usr/bin/swift]'
[2016-11-22 21:24:00.859][debug][command:6d513cbc-4474-4595-a26d-530b60e1563e][tid:252][com.facebook.buck.io.ExecutableFinder] Executable 'swift-stdlib-tool' mapped to 'Optional[/Applications/Xcode.app/Contents/Developer/Toolchains/XcodeDefault.xctoolchain/usr/bin/swift-stdlib-tool]'
[2016-11-22 21:24:00.859][debug][command:6d513cbc-4474-4595-a26d-530b60e1563e][tid:252][com.facebook.buck.io.ExecutableFinder] Executable 'codesign_allocate' mapped to 'Optional[/Applications/Xcode.app/Contents/Developer/Toolchains/XcodeDefault.xctoolchain/usr/bin/codesign_allocate]'
[2016-11-22 21:24:00.859][debug][command:6d513cbc-4474-4595-a26d-530b60e1563e][tid:252][com.facebook.buck.rules.KnownBuildRuleTypes] SDK AppleSdk{name=iphonesimulator9.3, version=9.3, applePlatform=ApplePlatform{name=iphonesimulator, swiftName=ios, architectures=[i386, x86_64], minVersionFlagPrefix=-mios-simulator-version-min=, stubBinaryPath=Optional[Library/Application Support/WatchKit/WK], appIncludesFrameworks=false}, architectures=[i386, x86_64], toolchains=[AppleToolchain{identifier=com.apple.dt.toolchain.XcodeDefault, version=15A284, path=/Applications/Xcode.app/Contents/Developer/Toolchains/XcodeDefault.xctoolchain}]} using default version 9.3
[2016-11-22 21:24:00.860][debug][command:6d513cbc-4474-4595-a26d-530b60e1563e][tid:252][com.facebook.buck.apple.AppleCxxPlatforms] Xcode build version is: 7D1014
[2016-11-22 21:24:00.860][debug][command:6d513cbc-4474-4595-a26d-530b60e1563e][tid:252][com.facebook.buck.io.ExecutableFinder] Executable 'clang' mapped to 'Optional[/Applications/Xcode.app/Contents/Developer/Toolchains/XcodeDefault.xctoolchain/usr/bin/clang]'
[2016-11-22 21:24:00.860][debug][command:6d513cbc-4474-4595-a26d-530b60e1563e][tid:252][com.facebook.buck.io.ExecutableFinder] Executable 'clang++' mapped to 'Optional[/Applications/Xcode.app/Contents/Developer/Toolchains/XcodeDefault.xctoolchain/usr/bin/clang++]'
[2016-11-22 21:24:00.861][debug][command:6d513cbc-4474-4595-a26d-530b60e1563e][tid:252][com.facebook.buck.io.ExecutableFinder] Executable 'ar' mapped to 'Optional[/Applications/Xcode.app/Contents/Developer/Toolchains/XcodeDefault.xctoolchain/usr/bin/ar]'
[2016-11-22 21:24:00.861][debug][command:6d513cbc-4474-4595-a26d-530b60e1563e][tid:252][com.facebook.buck.io.ExecutableFinder] Executable 'ranlib' mapped to 'Optional[/Applications/Xcode.app/Contents/Developer/Toolchains/XcodeDefault.xctoolchain/usr/bin/ranlib]'
[2016-11-22 21:24:00.861][debug][command:6d513cbc-4474-4595-a26d-530b60e1563e][tid:252][com.facebook.buck.io.ExecutableFinder] Executable 'strip' mapped to 'Optional[/Applications/Xcode.app/Contents/Developer/Toolchains/XcodeDefault.xctoolchain/usr/bin/strip]'
[2016-11-22 21:24:00.861][debug][command:6d513cbc-4474-4595-a26d-530b60e1563e][tid:252][com.facebook.buck.io.ExecutableFinder] Executable 'nm' mapped to 'Optional[/Applications/Xcode.app/Contents/Developer/Toolchains/XcodeDefault.xctoolchain/usr/bin/nm]'
[2016-11-22 21:24:00.861][debug][command:6d513cbc-4474-4595-a26d-530b60e1563e][tid:252][com.facebook.buck.io.ExecutableFinder] Executable 'actool' mapped to 'Optional[/Applications/Xcode.app/Contents/Developer/usr/bin/actool]'
[2016-11-22 21:24:00.862][debug][command:6d513cbc-4474-4595-a26d-530b60e1563e][tid:252][com.facebook.buck.io.ExecutableFinder] Executable 'ibtool' mapped to 'Optional[/Applications/Xcode.app/Contents/Developer/usr/bin/ibtool]'
[2016-11-22 21:24:00.862][debug][command:6d513cbc-4474-4595-a26d-530b60e1563e][tid:252][com.facebook.buck.io.ExecutableFinder] Executable 'momc' mapped to 'Optional[/Applications/Xcode.app/Contents/Developer/usr/bin/momc]'
[2016-11-22 21:24:01.072][debug][command:6d513cbc-4474-4595-a26d-530b60e1563e][tid:252][com.facebook.buck.io.ExecutableFinder] Executable 'xctest' mapped to 'Optional[/Applications/Xcode.app/Contents/Developer/Platforms/iPhoneSimulator.platform/Developer/SDKs/iPhoneSimulator.sdk/Developer/usr/bin/xctest]'
[2016-11-22 21:24:01.073][debug][command:6d513cbc-4474-4595-a26d-530b60e1563e][tid:252][com.facebook.buck.io.ExecutableFinder] Executable 'dsymutil' mapped to 'Optional[/Applications/Xcode.app/Contents/Developer/Toolchains/XcodeDefault.xctoolchain/usr/bin/dsymutil]'
[2016-11-22 21:24:01.073][debug][command:6d513cbc-4474-4595-a26d-530b60e1563e][tid:252][com.facebook.buck.io.ExecutableFinder] Executable 'lipo' mapped to 'Optional[/Applications/Xcode.app/Contents/Developer/Toolchains/XcodeDefault.xctoolchain/usr/bin/lipo]'
[2016-11-22 21:24:01.073][debug][command:6d513cbc-4474-4595-a26d-530b60e1563e][tid:252][com.facebook.buck.io.ExecutableFinder] Executable 'lldb' mapped to 'Optional[/Applications/Xcode.app/Contents/Developer/usr/bin/lldb]'
[2016-11-22 21:24:01.073][warn ][command:6d513cbc-4474-4595-a26d-530b60e1563e][tid:252][com.facebook.buck.apple.AppleCxxPlatforms] /Applications/Xcode.app/Contents/Developer/Platforms/iPhoneSimulator.platform/version.plist does not exist. Build version will be unset for this platform.
[2016-11-22 21:24:01.073][debug][command:6d513cbc-4474-4595-a26d-530b60e1563e][tid:252][com.facebook.buck.io.ExecutableFinder] Executable 'swift' mapped to 'Optional[/Applications/Xcode.app/Contents/Developer/Toolchains/XcodeDefault.xctoolchain/usr/bin/swift]'
[2016-11-22 21:24:01.074][debug][command:6d513cbc-4474-4595-a26d-530b60e1563e][tid:252][com.facebook.buck.io.ExecutableFinder] Executable 'swift-stdlib-tool' mapped to 'Optional[/Applications/Xcode.app/Contents/Developer/Toolchains/XcodeDefault.xctoolchain/usr/bin/swift-stdlib-tool]'
[2016-11-22 21:24:01.159][debug][command:6d513cbc-4474-4595-a26d-530b60e1563e][tid:252][com.facebook.buck.io.ExecutableFinder] Executable 'codesign_allocate' mapped to 'Optional[/Applications/Xcode.app/Contents/Developer/Toolchains/XcodeDefault.xctoolchain/usr/bin/codesign_allocate]'
[2016-11-22 21:24:01.159][debug][command:6d513cbc-4474-4595-a26d-530b60e1563e][tid:252][com.facebook.buck.apple.AppleCxxPlatforms] Xcode build version is: 7D1014
[2016-11-22 21:24:01.159][debug][command:6d513cbc-4474-4595-a26d-530b60e1563e][tid:252][com.facebook.buck.io.ExecutableFinder] Executable 'clang' mapped to 'Optional[/Applications/Xcode.app/Contents/Developer/Toolchains/XcodeDefault.xctoolchain/usr/bin/clang]'
[2016-11-22 21:24:01.160][debug][command:6d513cbc-4474-4595-a26d-530b60e1563e][tid:252][com.facebook.buck.io.ExecutableFinder] Executable 'clang++' mapped to 'Optional[/Applications/Xcode.app/Contents/Developer/Toolchains/XcodeDefault.xctoolchain/usr/bin/clang++]'
[2016-11-22 21:24:01.160][debug][command:6d513cbc-4474-4595-a26d-530b60e1563e][tid:252][com.facebook.buck.io.ExecutableFinder] Executable 'ar' mapped to 'Optional[/Applications/Xcode.app/Contents/Developer/Toolchains/XcodeDefault.xctoolchain/usr/bin/ar]'
[2016-11-22 21:24:01.160][debug][command:6d513cbc-4474-4595-a26d-530b60e1563e][tid:252][com.facebook.buck.io.ExecutableFinder] Executable 'ranlib' mapped to 'Optional[/Applications/Xcode.app/Contents/Developer/Toolchains/XcodeDefault.xctoolchain/usr/bin/ranlib]'
[2016-11-22 21:24:01.160][debug][command:6d513cbc-4474-4595-a26d-530b60e1563e][tid:252][com.facebook.buck.io.ExecutableFinder] Executable 'strip' mapped to 'Optional[/Applications/Xcode.app/Contents/Developer/Toolchains/XcodeDefault.xctoolchain/usr/bin/strip]'
[2016-11-22 21:24:01.160][debug][command:6d513cbc-4474-4595-a26d-530b60e1563e][tid:252][com.facebook.buck.io.ExecutableFinder] Executable 'nm' mapped to 'Optional[/Applications/Xcode.app/Contents/Developer/Toolchains/XcodeDefault.xctoolchain/usr/bin/nm]'
[2016-11-22 21:24:01.161][debug][command:6d513cbc-4474-4595-a26d-530b60e1563e][tid:252][com.facebook.buck.io.ExecutableFinder] Executable 'actool' mapped to 'Optional[/Applications/Xcode.app/Contents/Developer/usr/bin/actool]'
[2016-11-22 21:24:01.207][debug][command:6d513cbc-4474-4595-a26d-530b60e1563e][tid:252][com.facebook.buck.io.ExecutableFinder] Executable 'ibtool' mapped to 'Optional[/Applications/Xcode.app/Contents/Developer/usr/bin/ibtool]'
[2016-11-22 21:24:01.208][debug][command:6d513cbc-4474-4595-a26d-530b60e1563e][tid:252][com.facebook.buck.io.ExecutableFinder] Executable 'momc' mapped to 'Optional[/Applications/Xcode.app/Contents/Developer/usr/bin/momc]'
[2016-11-22 21:24:01.208][debug][command:6d513cbc-4474-4595-a26d-530b60e1563e][tid:252][com.facebook.buck.io.ExecutableFinder] Executable 'xctest' mapped to 'Optional[/Applications/Xcode.app/Contents/Developer/Platforms/iPhoneSimulator.platform/Developer/SDKs/iPhoneSimulator.sdk/Developer/usr/bin/xctest]'
[2016-11-22 21:24:01.208][debug][command:6d513cbc-4474-4595-a26d-530b60e1563e][tid:252][com.facebook.buck.io.ExecutableFinder] Executable 'dsymutil' mapped to 'Optional[/Applications/Xcode.app/Contents/Developer/Toolchains/XcodeDefault.xctoolchain/usr/bin/dsymutil]'
[2016-11-22 21:24:01.418][debug][command:6d513cbc-4474-4595-a26d-530b60e1563e][tid:252][com.facebook.buck.io.ExecutableFinder] Executable 'lipo' mapped to 'Optional[/Applications/Xcode.app/Contents/Developer/Toolchains/XcodeDefault.xctoolchain/usr/bin/lipo]'
[2016-11-22 21:24:01.419][debug][command:6d513cbc-4474-4595-a26d-530b60e1563e][tid:252][com.facebook.buck.io.ExecutableFinder] Executable 'lldb' mapped to 'Optional[/Applications/Xcode.app/Contents/Developer/usr/bin/lldb]'
[2016-11-22 21:24:01.419][warn ][command:6d513cbc-4474-4595-a26d-530b60e1563e][tid:252][com.facebook.buck.apple.AppleCxxPlatforms] /Applications/Xcode.app/Contents/Developer/Platforms/iPhoneSimulator.platform/version.plist does not exist. Build version will be unset for this platform.
[2016-11-22 21:24:01.419][debug][command:6d513cbc-4474-4595-a26d-530b60e1563e][tid:252][com.facebook.buck.io.ExecutableFinder] Executable 'swift' mapped to 'Optional[/Applications/Xcode.app/Contents/Developer/Toolchains/XcodeDefault.xctoolchain/usr/bin/swift]'
[2016-11-22 21:24:01.419][debug][command:6d513cbc-4474-4595-a26d-530b60e1563e][tid:252][com.facebook.buck.io.ExecutableFinder] Executable 'swift-stdlib-tool' mapped to 'Optional[/Applications/Xcode.app/Contents/Developer/Toolchains/XcodeDefault.xctoolchain/usr/bin/swift-stdlib-tool]'
[2016-11-22 21:24:01.420][debug][command:6d513cbc-4474-4595-a26d-530b60e1563e][tid:252][com.facebook.buck.io.ExecutableFinder] Executable 'codesign_allocate' mapped to 'Optional[/Applications/Xcode.app/Contents/Developer/Toolchains/XcodeDefault.xctoolchain/usr/bin/codesign_allocate]'
[2016-11-22 21:24:01.420][debug][command:6d513cbc-4474-4595-a26d-530b60e1563e][tid:252][com.facebook.buck.rules.KnownBuildRuleTypes] SDK AppleSdk{name=macosx10.11, version=10.11, applePlatform=ApplePlatform{name=macosx, architectures=[i386, x86_64], minVersionFlagPrefix=-mmacosx-version-min=, stubBinaryPath=Optional.empty, appIncludesFrameworks=true}, architectures=[i386, x86_64], toolchains=[AppleToolchain{identifier=com.apple.dt.toolchain.XcodeDefault, version=15A284, path=/Applications/Xcode.app/Contents/Developer/Toolchains/XcodeDefault.xctoolchain}]} using default version 10.11
[2016-11-22 21:24:01.420][debug][command:6d513cbc-4474-4595-a26d-530b60e1563e][tid:252][com.facebook.buck.apple.AppleCxxPlatforms] Xcode build version is: 7D1014
[2016-11-22 21:24:01.421][debug][command:6d513cbc-4474-4595-a26d-530b60e1563e][tid:252][com.facebook.buck.io.ExecutableFinder] Executable 'clang' mapped to 'Optional[/Applications/Xcode.app/Contents/Developer/Toolchains/XcodeDefault.xctoolchain/usr/bin/clang]'
[2016-11-22 21:24:01.421][debug][command:6d513cbc-4474-4595-a26d-530b60e1563e][tid:252][com.facebook.buck.io.ExecutableFinder] Executable 'clang++' mapped to 'Optional[/Applications/Xcode.app/Contents/Developer/Toolchains/XcodeDefault.xctoolchain/usr/bin/clang++]'
[2016-11-22 21:24:01.421][debug][command:6d513cbc-4474-4595-a26d-530b60e1563e][tid:252][com.facebook.buck.io.ExecutableFinder] Executable 'ar' mapped to 'Optional[/Applications/Xcode.app/Contents/Developer/Toolchains/XcodeDefault.xctoolchain/usr/bin/ar]'
[2016-11-22 21:24:01.465][debug][command:6d513cbc-4474-4595-a26d-530b60e1563e][tid:252][com.facebook.buck.io.ExecutableFinder] Executable 'ranlib' mapped to 'Optional[/Applications/Xcode.app/Contents/Developer/Toolchains/XcodeDefault.xctoolchain/usr/bin/ranlib]'
[2016-11-22 21:24:01.465][debug][command:6d513cbc-4474-4595-a26d-530b60e1563e][tid:252][com.facebook.buck.io.ExecutableFinder] Executable 'strip' mapped to 'Optional[/Applications/Xcode.app/Contents/Developer/Toolchains/XcodeDefault.xctoolchain/usr/bin/strip]'
[2016-11-22 21:24:01.465][debug][command:6d513cbc-4474-4595-a26d-530b60e1563e][tid:252][com.facebook.buck.io.ExecutableFinder] Executable 'nm' mapped to 'Optional[/Applications/Xcode.app/Contents/Developer/Toolchains/XcodeDefault.xctoolchain/usr/bin/nm]'
[2016-11-22 21:24:01.466][debug][command:6d513cbc-4474-4595-a26d-530b60e1563e][tid:252][com.facebook.buck.io.ExecutableFinder] Executable 'actool' mapped to 'Optional[/Applications/Xcode.app/Contents/Developer/usr/bin/actool]'
[2016-11-22 21:24:01.466][debug][command:6d513cbc-4474-4595-a26d-530b60e1563e][tid:252][com.facebook.buck.io.ExecutableFinder] Executable 'ibtool' mapped to 'Optional[/Applications/Xcode.app/Contents/Developer/usr/bin/ibtool]'
[2016-11-22 21:24:01.466][debug][command:6d513cbc-4474-4595-a26d-530b60e1563e][tid:252][com.facebook.buck.io.ExecutableFinder] Executable 'momc' mapped to 'Optional[/Applications/Xcode.app/Contents/Developer/usr/bin/momc]'
[2016-11-22 21:24:01.466][debug][command:6d513cbc-4474-4595-a26d-530b60e1563e][tid:252][com.facebook.buck.io.ExecutableFinder] Executable 'xctest' mapped to 'Optional[/Applications/Xcode.app/Contents/Developer/usr/bin/xctest]'
[2016-11-22 21:24:01.466][debug][command:6d513cbc-4474-4595-a26d-530b60e1563e][tid:252][com.facebook.buck.io.ExecutableFinder] Executable 'dsymutil' mapped to 'Optional[/Applications/Xcode.app/Contents/Developer/Toolchains/XcodeDefault.xctoolchain/usr/bin/dsymutil]'
[2016-11-22 21:24:01.467][debug][command:6d513cbc-4474-4595-a26d-530b60e1563e][tid:252][com.facebook.buck.io.ExecutableFinder] Executable 'lipo' mapped to 'Optional[/Applications/Xcode.app/Contents/Developer/Toolchains/XcodeDefault.xctoolchain/usr/bin/lipo]'
[2016-11-22 21:24:01.467][debug][command:6d513cbc-4474-4595-a26d-530b60e1563e][tid:252][com.facebook.buck.io.ExecutableFinder] Executable 'lldb' mapped to 'Optional[/Applications/Xcode.app/Contents/Developer/usr/bin/lldb]'
[2016-11-22 21:24:01.548][warn ][command:6d513cbc-4474-4595-a26d-530b60e1563e][tid:252][com.facebook.buck.apple.AppleCxxPlatforms] In /Applications/Xcode.app/Contents/Developer/Platforms/MacOSX.platform/version.plist, missing ProductBuildVersion. Build version will be unset for this platform.
[2016-11-22 21:24:01.549][debug][command:6d513cbc-4474-4595-a26d-530b60e1563e][tid:252][com.facebook.buck.io.ExecutableFinder] Executable 'swift' mapped to 'Optional[/Applications/Xcode.app/Contents/Developer/Toolchains/XcodeDefault.xctoolchain/usr/bin/swift]'
[2016-11-22 21:24:01.549][debug][command:6d513cbc-4474-4595-a26d-530b60e1563e][tid:252][com.facebook.buck.io.ExecutableFinder] Executable 'swift-stdlib-tool' mapped to 'Optional[/Applications/Xcode.app/Contents/Developer/Toolchains/XcodeDefault.xctoolchain/usr/bin/swift-stdlib-tool]'
[2016-11-22 21:24:01.607][debug][command:6d513cbc-4474-4595-a26d-530b60e1563e][tid:252][com.facebook.buck.io.ExecutableFinder] Executable 'codesign_allocate' mapped to 'Optional[/Applications/Xcode.app/Contents/Developer/Toolchains/XcodeDefault.xctoolchain/usr/bin/codesign_allocate]'
[2016-11-22 21:24:01.608][debug][command:6d513cbc-4474-4595-a26d-530b60e1563e][tid:252][com.facebook.buck.apple.AppleCxxPlatforms] Xcode build version is: 7D1014
[2016-11-22 21:24:01.608][debug][command:6d513cbc-4474-4595-a26d-530b60e1563e][tid:252][com.facebook.buck.io.ExecutableFinder] Executable 'clang' mapped to 'Optional[/Applications/Xcode.app/Contents/Developer/Toolchains/XcodeDefault.xctoolchain/usr/bin/clang]'
[2016-11-22 21:24:01.614][debug][command:6d513cbc-4474-4595-a26d-530b60e1563e][tid:252][com.facebook.buck.io.ExecutableFinder] Executable 'clang++' mapped to 'Optional[/Applications/Xcode.app/Contents/Developer/Toolchains/XcodeDefault.xctoolchain/usr/bin/clang++]'
[2016-11-22 21:24:01.614][debug][command:6d513cbc-4474-4595-a26d-530b60e1563e][tid:252][com.facebook.buck.io.ExecutableFinder] Executable 'ar' mapped to 'Optional[/Applications/Xcode.app/Contents/Developer/Toolchains/XcodeDefault.xctoolchain/usr/bin/ar]'
[2016-11-22 21:24:01.614][debug][command:6d513cbc-4474-4595-a26d-530b60e1563e][tid:252][com.facebook.buck.io.ExecutableFinder] Executable 'ranlib' mapped to 'Optional[/Applications/Xcode.app/Contents/Developer/Toolchains/XcodeDefault.xctoolchain/usr/bin/ranlib]'
[2016-11-22 21:24:01.614][debug][command:6d513cbc-4474-4595-a26d-530b60e1563e][tid:252][com.facebook.buck.io.ExecutableFinder] Executable 'strip' mapped to 'Optional[/Applications/Xcode.app/Contents/Developer/Toolchains/XcodeDefault.xctoolchain/usr/bin/strip]'
[2016-11-22 21:24:01.615][debug][command:6d513cbc-4474-4595-a26d-530b60e1563e][tid:252][com.facebook.buck.io.ExecutableFinder] Executable 'nm' mapped to 'Optional[/Applications/Xcode.app/Contents/Developer/Toolchains/XcodeDefault.xctoolchain/usr/bin/nm]'
[2016-11-22 21:24:01.615][debug][command:6d513cbc-4474-4595-a26d-530b60e1563e][tid:252][com.facebook.buck.io.ExecutableFinder] Executable 'actool' mapped to 'Optional[/Applications/Xcode.app/Contents/Developer/usr/bin/actool]'
[2016-11-22 21:24:01.615][debug][command:6d513cbc-4474-4595-a26d-530b60e1563e][tid:252][com.facebook.buck.io.ExecutableFinder] Executable 'ibtool' mapped to 'Optional[/Applications/Xcode.app/Contents/Developer/usr/bin/ibtool]'
[2016-11-22 21:24:01.617][debug][command:6d513cbc-4474-4595-a26d-530b60e1563e][tid:252][com.facebook.buck.io.ExecutableFinder] Executable 'momc' mapped to 'Optional[/Applications/Xcode.app/Contents/Developer/usr/bin/momc]'
[2016-11-22 21:24:01.617][debug][command:6d513cbc-4474-4595-a26d-530b60e1563e][tid:252][com.facebook.buck.io.ExecutableFinder] Executable 'xctest' mapped to 'Optional[/Applications/Xcode.app/Contents/Developer/usr/bin/xctest]'
[2016-11-22 21:24:01.618][debug][command:6d513cbc-4474-4595-a26d-530b60e1563e][tid:252][com.facebook.buck.io.ExecutableFinder] Executable 'dsymutil' mapped to 'Optional[/Applications/Xcode.app/Contents/Developer/Toolchains/XcodeDefault.xctoolchain/usr/bin/dsymutil]'
[2016-11-22 21:24:01.618][debug][command:6d513cbc-4474-4595-a26d-530b60e1563e][tid:252][com.facebook.buck.io.ExecutableFinder] Executable 'lipo' mapped to 'Optional[/Applications/Xcode.app/Contents/Developer/Toolchains/XcodeDefault.xctoolchain/usr/bin/lipo]'
[2016-11-22 21:24:01.618][debug][command:6d513cbc-4474-4595-a26d-530b60e1563e][tid:252][com.facebook.buck.io.ExecutableFinder] Executable 'lldb' mapped to 'Optional[/Applications/Xcode.app/Contents/Developer/usr/bin/lldb]'
[2016-11-22 21:24:01.619][warn ][command:6d513cbc-4474-4595-a26d-530b60e1563e][tid:252][com.facebook.buck.apple.AppleCxxPlatforms] In /Applications/Xcode.app/Contents/Developer/Platforms/MacOSX.platform/version.plist, missing ProductBuildVersion. Build version will be unset for this platform.
[2016-11-22 21:24:01.619][debug][command:6d513cbc-4474-4595-a26d-530b60e1563e][tid:252][com.facebook.buck.io.ExecutableFinder] Executable 'swift' mapped to 'Optional[/Applications/Xcode.app/Contents/Developer/Toolchains/XcodeDefault.xctoolchain/usr/bin/swift]'
[2016-11-22 21:24:01.620][debug][command:6d513cbc-4474-4595-a26d-530b60e1563e][tid:252][com.facebook.buck.io.ExecutableFinder] Executable 'swift-stdlib-tool' mapped to 'Optional[/Applications/Xcode.app/Contents/Developer/Toolchains/XcodeDefault.xctoolchain/usr/bin/swift-stdlib-tool]'
[2016-11-22 21:24:01.620][debug][command:6d513cbc-4474-4595-a26d-530b60e1563e][tid:252][com.facebook.buck.io.ExecutableFinder] Executable 'codesign_allocate' mapped to 'Optional[/Applications/Xcode.app/Contents/Developer/Toolchains/XcodeDefault.xctoolchain/usr/bin/codesign_allocate]'
[2016-11-22 21:24:01.620][debug][command:6d513cbc-4474-4595-a26d-530b60e1563e][tid:252][com.facebook.buck.rules.KnownBuildRuleTypes] SDK AppleSdk{name=watchos2.2, version=2.2, applePlatform=ApplePlatform{name=watchos, architectures=[armv7k], minVersionFlagPrefix=-mwatchos-version-min=, stubBinaryPath=Optional[Library/Application Support/WatchKit/WK], appIncludesFrameworks=false}, architectures=[armv7k], toolchains=[AppleToolchain{identifier=com.apple.dt.toolchain.XcodeDefault, version=15A284, path=/Applications/Xcode.app/Contents/Developer/Toolchains/XcodeDefault.xctoolchain}]} using default version 2.2
[2016-11-22 21:24:01.620][debug][command:6d513cbc-4474-4595-a26d-530b60e1563e][tid:252][com.facebook.buck.apple.AppleCxxPlatforms] Xcode build version is: 7D1014
[2016-11-22 21:24:01.621][debug][command:6d513cbc-4474-4595-a26d-530b60e1563e][tid:252][com.facebook.buck.io.ExecutableFinder] Executable 'clang' mapped to 'Optional[/Applications/Xcode.app/Contents/Developer/Toolchains/XcodeDefault.xctoolchain/usr/bin/clang]'
[2016-11-22 21:24:01.621][debug][command:6d513cbc-4474-4595-a26d-530b60e1563e][tid:252][com.facebook.buck.io.ExecutableFinder] Executable 'clang++' mapped to 'Optional[/Applications/Xcode.app/Contents/Developer/Toolchains/XcodeDefault.xctoolchain/usr/bin/clang++]'
[2016-11-22 21:24:01.621][debug][command:6d513cbc-4474-4595-a26d-530b60e1563e][tid:252][com.facebook.buck.io.ExecutableFinder] Executable 'ar' mapped to 'Optional[/Applications/Xcode.app/Contents/Developer/Toolchains/XcodeDefault.xctoolchain/usr/bin/ar]'
[2016-11-22 21:24:01.621][debug][command:6d513cbc-4474-4595-a26d-530b60e1563e][tid:252][com.facebook.buck.io.ExecutableFinder] Executable 'ranlib' mapped to 'Optional[/Applications/Xcode.app/Contents/Developer/Toolchains/XcodeDefault.xctoolchain/usr/bin/ranlib]'
[2016-11-22 21:24:01.621][debug][command:6d513cbc-4474-4595-a26d-530b60e1563e][tid:252][com.facebook.buck.io.ExecutableFinder] Executable 'strip' mapped to 'Optional[/Applications/Xcode.app/Contents/Developer/Toolchains/XcodeDefault.xctoolchain/usr/bin/strip]'
[2016-11-22 21:24:01.622][debug][command:6d513cbc-4474-4595-a26d-530b60e1563e][tid:252][com.facebook.buck.io.ExecutableFinder] Executable 'nm' mapped to 'Optional[/Applications/Xcode.app/Contents/Developer/Toolchains/XcodeDefault.xctoolchain/usr/bin/nm]'
[2016-11-22 21:24:01.622][debug][command:6d513cbc-4474-4595-a26d-530b60e1563e][tid:252][com.facebook.buck.io.ExecutableFinder] Executable 'actool' mapped to 'Optional[/Applications/Xcode.app/Contents/Developer/usr/bin/actool]'
[2016-11-22 21:24:01.622][debug][command:6d513cbc-4474-4595-a26d-530b60e1563e][tid:252][com.facebook.buck.io.ExecutableFinder] Executable 'ibtool' mapped to 'Optional[/Applications/Xcode.app/Contents/Developer/usr/bin/ibtool]'
[2016-11-22 21:24:01.622][debug][command:6d513cbc-4474-4595-a26d-530b60e1563e][tid:252][com.facebook.buck.io.ExecutableFinder] Executable 'momc' mapped to 'Optional[/Applications/Xcode.app/Contents/Developer/usr/bin/momc]'
[2016-11-22 21:24:01.622][debug][command:6d513cbc-4474-4595-a26d-530b60e1563e][tid:252][com.facebook.buck.io.ExecutableFinder] Executable 'xctest' mapped to 'Optional[/Applications/Xcode.app/Contents/Developer/usr/bin/xctest]'
[2016-11-22 21:24:01.623][debug][command:6d513cbc-4474-4595-a26d-530b60e1563e][tid:252][com.facebook.buck.io.ExecutableFinder] Executable 'dsymutil' mapped to 'Optional[/Applications/Xcode.app/Contents/Developer/Toolchains/XcodeDefault.xctoolchain/usr/bin/dsymutil]'
[2016-11-22 21:24:01.623][debug][command:6d513cbc-4474-4595-a26d-530b60e1563e][tid:252][com.facebook.buck.io.ExecutableFinder] Executable 'lipo' mapped to 'Optional[/Applications/Xcode.app/Contents/Developer/Toolchains/XcodeDefault.xctoolchain/usr/bin/lipo]'
[2016-11-22 21:24:01.623][debug][command:6d513cbc-4474-4595-a26d-530b60e1563e][tid:252][com.facebook.buck.io.ExecutableFinder] Executable 'lldb' mapped to 'Optional[/Applications/Xcode.app/Contents/Developer/usr/bin/lldb]'
[2016-11-22 21:24:01.634][debug][command:6d513cbc-4474-4595-a26d-530b60e1563e][tid:252][com.facebook.buck.io.ExecutableFinder] Executable 'swift' mapped to 'Optional[/Applications/Xcode.app/Contents/Developer/Toolchains/XcodeDefault.xctoolchain/usr/bin/swift]'
[2016-11-22 21:24:01.634][debug][command:6d513cbc-4474-4595-a26d-530b60e1563e][tid:252][com.facebook.buck.io.ExecutableFinder] Executable 'swift-stdlib-tool' mapped to 'Optional[/Applications/Xcode.app/Contents/Developer/Toolchains/XcodeDefault.xctoolchain/usr/bin/swift-stdlib-tool]'
[2016-11-22 21:24:01.635][debug][command:6d513cbc-4474-4595-a26d-530b60e1563e][tid:252][com.facebook.buck.io.ExecutableFinder] Executable 'codesign_allocate' mapped to 'Optional[/Applications/Xcode.app/Contents/Developer/Toolchains/XcodeDefault.xctoolchain/usr/bin/codesign_allocate]'
[2016-11-22 21:24:01.635][debug][command:6d513cbc-4474-4595-a26d-530b60e1563e][tid:252][com.facebook.buck.rules.KnownBuildRuleTypes] SDK AppleSdk{name=watchsimulator2.2, version=2.2, applePlatform=ApplePlatform{name=watchsimulator, architectures=[i386], minVersionFlagPrefix=-mwatchos-simulator-version-min=, stubBinaryPath=Optional[Library/Application Support/WatchKit/WK], appIncludesFrameworks=false}, architectures=[i386], toolchains=[AppleToolchain{identifier=com.apple.dt.toolchain.XcodeDefault, version=15A284, path=/Applications/Xcode.app/Contents/Developer/Toolchains/XcodeDefault.xctoolchain}]} using default version 2.2
[2016-11-22 21:24:01.635][debug][command:6d513cbc-4474-4595-a26d-530b60e1563e][tid:252][com.facebook.buck.apple.AppleCxxPlatforms] Xcode build version is: 7D1014
[2016-11-22 21:24:01.636][debug][command:6d513cbc-4474-4595-a26d-530b60e1563e][tid:252][com.facebook.buck.io.ExecutableFinder] Executable 'clang' mapped to 'Optional[/Applications/Xcode.app/Contents/Developer/Toolchains/XcodeDefault.xctoolchain/usr/bin/clang]'
[2016-11-22 21:24:01.636][debug][command:6d513cbc-4474-4595-a26d-530b60e1563e][tid:252][com.facebook.buck.io.ExecutableFinder] Executable 'clang++' mapped to 'Optional[/Applications/Xcode.app/Contents/Developer/Toolchains/XcodeDefault.xctoolchain/usr/bin/clang++]'
[2016-11-22 21:24:01.636][debug][command:6d513cbc-4474-4595-a26d-530b60e1563e][tid:252][com.facebook.buck.io.ExecutableFinder] Executable 'ar' mapped to 'Optional[/Applications/Xcode.app/Contents/Developer/Toolchains/XcodeDefault.xctoolchain/usr/bin/ar]'
[2016-11-22 21:24:01.636][debug][command:6d513cbc-4474-4595-a26d-530b60e1563e][tid:252][com.facebook.buck.io.ExecutableFinder] Executable 'ranlib' mapped to 'Optional[/Applications/Xcode.app/Contents/Developer/Toolchains/XcodeDefault.xctoolchain/usr/bin/ranlib]'
[2016-11-22 21:24:01.636][debug][command:6d513cbc-4474-4595-a26d-530b60e1563e][tid:252][com.facebook.buck.io.ExecutableFinder] Executable 'strip' mapped to 'Optional[/Applications/Xcode.app/Contents/Developer/Toolchains/XcodeDefault.xctoolchain/usr/bin/strip]'
[2016-11-22 21:24:01.637][debug][command:6d513cbc-4474-4595-a26d-530b60e1563e][tid:252][com.facebook.buck.io.ExecutableFinder] Executable 'nm' mapped to 'Optional[/Applications/Xcode.app/Contents/Developer/Toolchains/XcodeDefault.xctoolchain/usr/bin/nm]'
[2016-11-22 21:24:01.637][debug][command:6d513cbc-4474-4595-a26d-530b60e1563e][tid:252][com.facebook.buck.io.ExecutableFinder] Executable 'actool' mapped to 'Optional[/Applications/Xcode.app/Contents/Developer/usr/bin/actool]'
[2016-11-22 21:24:01.637][debug][command:6d513cbc-4474-4595-a26d-530b60e1563e][tid:252][com.facebook.buck.io.ExecutableFinder] Executable 'ibtool' mapped to 'Optional[/Applications/Xcode.app/Contents/Developer/usr/bin/ibtool]'
[2016-11-22 21:24:01.637][debug][command:6d513cbc-4474-4595-a26d-530b60e1563e][tid:252][com.facebook.buck.io.ExecutableFinder] Executable 'momc' mapped to 'Optional[/Applications/Xcode.app/Contents/Developer/usr/bin/momc]'
[2016-11-22 21:24:01.637][debug][command:6d513cbc-4474-4595-a26d-530b60e1563e][tid:252][com.facebook.buck.io.ExecutableFinder] Executable 'xctest' mapped to 'Optional[/Applications/Xcode.app/Contents/Developer/Platforms/WatchSimulator.platform/Developer/SDKs/WatchSimulator.sdk/Developer/usr/bin/xctest]'
[2016-11-22 21:24:01.638][debug][command:6d513cbc-4474-4595-a26d-530b60e1563e][tid:252][com.facebook.buck.io.ExecutableFinder] Executable 'dsymutil' mapped to 'Optional[/Applications/Xcode.app/Contents/Developer/Toolchains/XcodeDefault.xctoolchain/usr/bin/dsymutil]'
[2016-11-22 21:24:01.638][debug][command:6d513cbc-4474-4595-a26d-530b60e1563e][tid:252][com.facebook.buck.io.ExecutableFinder] Executable 'lipo' mapped to 'Optional[/Applications/Xcode.app/Contents/Developer/Toolchains/XcodeDefault.xctoolchain/usr/bin/lipo]'
[2016-11-22 21:24:01.638][debug][command:6d513cbc-4474-4595-a26d-530b60e1563e][tid:252][com.facebook.buck.io.ExecutableFinder] Executable 'lldb' mapped to 'Optional[/Applications/Xcode.app/Contents/Developer/usr/bin/lldb]'
[2016-11-22 21:24:01.639][debug][command:6d513cbc-4474-4595-a26d-530b60e1563e][tid:252][com.facebook.buck.io.ExecutableFinder] Executable 'swift' mapped to 'Optional[/Applications/Xcode.app/Contents/Developer/Toolchains/XcodeDefault.xctoolchain/usr/bin/swift]'
[2016-11-22 21:24:01.639][debug][command:6d513cbc-4474-4595-a26d-530b60e1563e][tid:252][com.facebook.buck.io.ExecutableFinder] Executable 'swift-stdlib-tool' mapped to 'Optional[/Applications/Xcode.app/Contents/Developer/Toolchains/XcodeDefault.xctoolchain/usr/bin/swift-stdlib-tool]'
[2016-11-22 21:24:01.660][debug][command:6d513cbc-4474-4595-a26d-530b60e1563e][tid:252][com.facebook.buck.io.ExecutableFinder] Executable 'codesign_allocate' mapped to 'Optional[/Applications/Xcode.app/Contents/Developer/Toolchains/XcodeDefault.xctoolchain/usr/bin/codesign_allocate]'
[2016-11-22 21:24:01.660][debug][command:6d513cbc-4474-4595-a26d-530b60e1563e][tid:252][com.facebook.buck.rules.KnownBuildRuleTypes] SDK AppleSdk{name=appletvos, version=9.2, applePlatform=ApplePlatform{name=appletvos, architectures=[arm64], minVersionFlagPrefix=-mtvos-version-min=, stubBinaryPath=Optional.empty, appIncludesFrameworks=false}, architectures=[arm64], toolchains=[AppleToolchain{identifier=com.apple.dt.toolchain.XcodeDefault, version=15A284, path=/Applications/Xcode.app/Contents/Developer/Toolchains/XcodeDefault.xctoolchain}]} using default version 9.2
[2016-11-22 21:24:01.661][debug][command:6d513cbc-4474-4595-a26d-530b60e1563e][tid:252][com.facebook.buck.apple.AppleCxxPlatforms] Xcode build version is: 7D1014
[2016-11-22 21:24:01.661][debug][command:6d513cbc-4474-4595-a26d-530b60e1563e][tid:252][com.facebook.buck.io.ExecutableFinder] Executable 'clang' mapped to 'Optional[/Applications/Xcode.app/Contents/Developer/Toolchains/XcodeDefault.xctoolchain/usr/bin/clang]'
[2016-11-22 21:24:01.661][debug][command:6d513cbc-4474-4595-a26d-530b60e1563e][tid:252][com.facebook.buck.io.ExecutableFinder] Executable 'clang++' mapped to 'Optional[/Applications/Xcode.app/Contents/Developer/Toolchains/XcodeDefault.xctoolchain/usr/bin/clang++]'
[2016-11-22 21:24:01.661][debug][command:6d513cbc-4474-4595-a26d-530b60e1563e][tid:252][com.facebook.buck.io.ExecutableFinder] Executable 'ar' mapped to 'Optional[/Applications/Xcode.app/Contents/Developer/Toolchains/XcodeDefault.xctoolchain/usr/bin/ar]'
[2016-11-22 21:24:01.661][debug][command:6d513cbc-4474-4595-a26d-530b60e1563e][tid:252][com.facebook.buck.io.ExecutableFinder] Executable 'ranlib' mapped to 'Optional[/Applications/Xcode.app/Contents/Developer/Toolchains/XcodeDefault.xctoolchain/usr/bin/ranlib]'
[2016-11-22 21:24:01.662][debug][command:6d513cbc-4474-4595-a26d-530b60e1563e][tid:252][com.facebook.buck.io.ExecutableFinder] Executable 'strip' mapped to 'Optional[/Applications/Xcode.app/Contents/Developer/Toolchains/XcodeDefault.xctoolchain/usr/bin/strip]'
[2016-11-22 21:24:01.662][debug][command:6d513cbc-4474-4595-a26d-530b60e1563e][tid:252][com.facebook.buck.io.ExecutableFinder] Executable 'nm' mapped to 'Optional[/Applications/Xcode.app/Contents/Developer/Toolchains/XcodeDefault.xctoolchain/usr/bin/nm]'
[2016-11-22 21:24:01.662][debug][command:6d513cbc-4474-4595-a26d-530b60e1563e][tid:252][com.facebook.buck.io.ExecutableFinder] Executable 'actool' mapped to 'Optional[/Applications/Xcode.app/Contents/Developer/usr/bin/actool]'
[2016-11-22 21:24:01.662][debug][command:6d513cbc-4474-4595-a26d-530b60e1563e][tid:252][com.facebook.buck.io.ExecutableFinder] Executable 'ibtool' mapped to 'Optional[/Applications/Xcode.app/Contents/Developer/usr/bin/ibtool]'
[2016-11-22 21:24:01.662][debug][command:6d513cbc-4474-4595-a26d-530b60e1563e][tid:252][com.facebook.buck.io.ExecutableFinder] Executable 'momc' mapped to 'Optional[/Applications/Xcode.app/Contents/Developer/usr/bin/momc]'
[2016-11-22 21:24:01.663][debug][command:6d513cbc-4474-4595-a26d-530b60e1563e][tid:252][com.facebook.buck.io.ExecutableFinder] Executable 'xctest' mapped to 'Optional[/Applications/Xcode.app/Contents/Developer/usr/bin/xctest]'
[2016-11-22 21:24:01.663][debug][command:6d513cbc-4474-4595-a26d-530b60e1563e][tid:252][com.facebook.buck.io.ExecutableFinder] Executable 'dsymutil' mapped to 'Optional[/Applications/Xcode.app/Contents/Developer/Toolchains/XcodeDefault.xctoolchain/usr/bin/dsymutil]'
[2016-11-22 21:24:01.663][debug][command:6d513cbc-4474-4595-a26d-530b60e1563e][tid:252][com.facebook.buck.io.ExecutableFinder] Executable 'lipo' mapped to 'Optional[/Applications/Xcode.app/Contents/Developer/Toolchains/XcodeDefault.xctoolchain/usr/bin/lipo]'
[2016-11-22 21:24:01.663][debug][command:6d513cbc-4474-4595-a26d-530b60e1563e][tid:252][com.facebook.buck.io.ExecutableFinder] Executable 'lldb' mapped to 'Optional[/Applications/Xcode.app/Contents/Developer/usr/bin/lldb]'
[2016-11-22 21:24:01.664][debug][command:6d513cbc-4474-4595-a26d-530b60e1563e][tid:252][com.facebook.buck.io.ExecutableFinder] Executable 'swift' mapped to 'Optional[/Applications/Xcode.app/Contents/Developer/Toolchains/XcodeDefault.xctoolchain/usr/bin/swift]'
[2016-11-22 21:24:01.664][debug][command:6d513cbc-4474-4595-a26d-530b60e1563e][tid:252][com.facebook.buck.io.ExecutableFinder] Executable 'swift-stdlib-tool' mapped to 'Optional[/Applications/Xcode.app/Contents/Developer/Toolchains/XcodeDefault.xctoolchain/usr/bin/swift-stdlib-tool]'
[2016-11-22 21:24:01.665][debug][command:6d513cbc-4474-4595-a26d-530b60e1563e][tid:252][com.facebook.buck.io.ExecutableFinder] Executable 'codesign_allocate' mapped to 'Optional[/Applications/Xcode.app/Contents/Developer/Toolchains/XcodeDefault.xctoolchain/usr/bin/codesign_allocate]'
[2016-11-22 21:24:01.665][debug][command:6d513cbc-4474-4595-a26d-530b60e1563e][tid:252][com.facebook.buck.rules.KnownBuildRuleTypes] SDK AppleSdk{name=appletvsimulator, version=9.2, applePlatform=ApplePlatform{name=appletvsimulator, swiftName=tvos, architectures=[x86_64], minVersionFlagPrefix=-mtvos-simulator-version-min=, stubBinaryPath=Optional.empty, appIncludesFrameworks=false}, architectures=[x86_64], toolchains=[AppleToolchain{identifier=com.apple.dt.toolchain.XcodeDefault, version=15A284, path=/Applications/Xcode.app/Contents/Developer/Toolchains/XcodeDefault.xctoolchain}]} using default version 9.2
[2016-11-22 21:24:01.665][debug][command:6d513cbc-4474-4595-a26d-530b60e1563e][tid:252][com.facebook.buck.apple.AppleCxxPlatforms] Xcode build version is: 7D1014
[2016-11-22 21:24:01.666][debug][command:6d513cbc-4474-4595-a26d-530b60e1563e][tid:252][com.facebook.buck.io.ExecutableFinder] Executable 'clang' mapped to 'Optional[/Applications/Xcode.app/Contents/Developer/Toolchains/XcodeDefault.xctoolchain/usr/bin/clang]'
[2016-11-22 21:24:01.666][debug][command:6d513cbc-4474-4595-a26d-530b60e1563e][tid:252][com.facebook.buck.io.ExecutableFinder] Executable 'clang++' mapped to 'Optional[/Applications/Xcode.app/Contents/Developer/Toolchains/XcodeDefault.xctoolchain/usr/bin/clang++]'
[2016-11-22 21:24:01.666][debug][command:6d513cbc-4474-4595-a26d-530b60e1563e][tid:252][com.facebook.buck.io.ExecutableFinder] Executable 'ar' mapped to 'Optional[/Applications/Xcode.app/Contents/Developer/Toolchains/XcodeDefault.xctoolchain/usr/bin/ar]'
[2016-11-22 21:24:01.666][debug][command:6d513cbc-4474-4595-a26d-530b60e1563e][tid:252][com.facebook.buck.io.ExecutableFinder] Executable 'ranlib' mapped to 'Optional[/Applications/Xcode.app/Contents/Developer/Toolchains/XcodeDefault.xctoolchain/usr/bin/ranlib]'
[2016-11-22 21:24:01.667][debug][command:6d513cbc-4474-4595-a26d-530b60e1563e][tid:252][com.facebook.buck.io.ExecutableFinder] Executable 'strip' mapped to 'Optional[/Applications/Xcode.app/Contents/Developer/Toolchains/XcodeDefault.xctoolchain/usr/bin/strip]'
[2016-11-22 21:24:01.667][debug][command:6d513cbc-4474-4595-a26d-530b60e1563e][tid:252][com.facebook.buck.io.ExecutableFinder] Executable 'nm' mapped to 'Optional[/Applications/Xcode.app/Contents/Developer/Toolchains/XcodeDefault.xctoolchain/usr/bin/nm]'
[2016-11-22 21:24:01.667][debug][command:6d513cbc-4474-4595-a26d-530b60e1563e][tid:252][com.facebook.buck.io.ExecutableFinder] Executable 'actool' mapped to 'Optional[/Applications/Xcode.app/Contents/Developer/usr/bin/actool]'
[2016-11-22 21:24:01.667][debug][command:6d513cbc-4474-4595-a26d-530b60e1563e][tid:252][com.facebook.buck.io.ExecutableFinder] Executable 'ibtool' mapped to 'Optional[/Applications/Xcode.app/Contents/Developer/usr/bin/ibtool]'
[2016-11-22 21:24:01.667][debug][command:6d513cbc-4474-4595-a26d-530b60e1563e][tid:252][com.facebook.buck.io.ExecutableFinder] Executable 'momc' mapped to 'Optional[/Applications/Xcode.app/Contents/Developer/usr/bin/momc]'
[2016-11-22 21:24:01.667][debug][command:6d513cbc-4474-4595-a26d-530b60e1563e][tid:252][com.facebook.buck.io.ExecutableFinder] Executable 'xctest' mapped to 'Optional[/Applications/Xcode.app/Contents/Developer/Platforms/AppleTVSimulator.platform/Developer/SDKs/AppleTVSimulator.sdk/Developer/usr/bin/xctest]'
[2016-11-22 21:24:01.668][debug][command:6d513cbc-4474-4595-a26d-530b60e1563e][tid:252][com.facebook.buck.io.ExecutableFinder] Executable 'dsymutil' mapped to 'Optional[/Applications/Xcode.app/Contents/Developer/Toolchains/XcodeDefault.xctoolchain/usr/bin/dsymutil]'
[2016-11-22 21:24:01.668][debug][command:6d513cbc-4474-4595-a26d-530b60e1563e][tid:252][com.facebook.buck.io.ExecutableFinder] Executable 'lipo' mapped to 'Optional[/Applications/Xcode.app/Contents/Developer/Toolchains/XcodeDefault.xctoolchain/usr/bin/lipo]'
[2016-11-22 21:24:01.668][debug][command:6d513cbc-4474-4595-a26d-530b60e1563e][tid:252][com.facebook.buck.io.ExecutableFinder] Executable 'lldb' mapped to 'Optional[/Applications/Xcode.app/Contents/Developer/usr/bin/lldb]'
[2016-11-22 21:24:01.668][warn ][command:6d513cbc-4474-4595-a26d-530b60e1563e][tid:252][com.facebook.buck.apple.AppleCxxPlatforms] /Applications/Xcode.app/Contents/Developer/Platforms/AppleTVSimulator.platform/version.plist does not exist. Build version will be unset for this platform.
[2016-11-22 21:24:01.669][debug][command:6d513cbc-4474-4595-a26d-530b60e1563e][tid:252][com.facebook.buck.io.ExecutableFinder] Executable 'swift' mapped to 'Optional[/Applications/Xcode.app/Contents/Developer/Toolchains/XcodeDefault.xctoolchain/usr/bin/swift]'
[2016-11-22 21:24:01.669][debug][command:6d513cbc-4474-4595-a26d-530b60e1563e][tid:252][com.facebook.buck.io.ExecutableFinder] Executable 'swift-stdlib-tool' mapped to 'Optional[/Applications/Xcode.app/Contents/Developer/Toolchains/XcodeDefault.xctoolchain/usr/bin/swift-stdlib-tool]'
[2016-11-22 21:24:01.669][debug][command:6d513cbc-4474-4595-a26d-530b60e1563e][tid:252][com.facebook.buck.io.ExecutableFinder] Executable 'codesign_allocate' mapped to 'Optional[/Applications/Xcode.app/Contents/Developer/Toolchains/XcodeDefault.xctoolchain/usr/bin/codesign_allocate]'
[2016-11-22 21:24:01.669][debug][command:6d513cbc-4474-4595-a26d-530b60e1563e][tid:252][com.facebook.buck.rules.KnownBuildRuleTypes] SDK AppleSdk{name=iphoneos, version=9.3, applePlatform=ApplePlatform{name=iphoneos, swiftName=ios, architectures=[armv7, arm64], minVersionFlagPrefix=-mios-version-min=, stubBinaryPath=Optional[Library/Application Support/WatchKit/WK], appIncludesFrameworks=false}, architectures=[armv7, arm64], toolchains=[AppleToolchain{identifier=com.apple.dt.toolchain.XcodeDefault, version=15A284, path=/Applications/Xcode.app/Contents/Developer/Toolchains/XcodeDefault.xctoolchain}]} using default version 9.3
[2016-11-22 21:24:01.670][debug][command:6d513cbc-4474-4595-a26d-530b60e1563e][tid:252][com.facebook.buck.apple.AppleCxxPlatforms] Xcode build version is: 7D1014
[2016-11-22 21:24:01.670][debug][command:6d513cbc-4474-4595-a26d-530b60e1563e][tid:252][com.facebook.buck.io.ExecutableFinder] Executable 'clang' mapped to 'Optional[/Applications/Xcode.app/Contents/Developer/Toolchains/XcodeDefault.xctoolchain/usr/bin/clang]'
[2016-11-22 21:24:01.670][debug][command:6d513cbc-4474-4595-a26d-530b60e1563e][tid:252][com.facebook.buck.io.ExecutableFinder] Executable 'clang++' mapped to 'Optional[/Applications/Xcode.app/Contents/Developer/Toolchains/XcodeDefault.xctoolchain/usr/bin/clang++]'
[2016-11-22 21:24:01.670][debug][command:6d513cbc-4474-4595-a26d-530b60e1563e][tid:252][com.facebook.buck.io.ExecutableFinder] Executable 'ar' mapped to 'Optional[/Applications/Xcode.app/Contents/Developer/Toolchains/XcodeDefault.xctoolchain/usr/bin/ar]'
[2016-11-22 21:24:01.671][debug][command:6d513cbc-4474-4595-a26d-530b60e1563e][tid:252][com.facebook.buck.io.ExecutableFinder] Executable 'ranlib' mapped to 'Optional[/Applications/Xcode.app/Contents/Developer/Toolchains/XcodeDefault.xctoolchain/usr/bin/ranlib]'
[2016-11-22 21:24:01.671][debug][command:6d513cbc-4474-4595-a26d-530b60e1563e][tid:252][com.facebook.buck.io.ExecutableFinder] Executable 'strip' mapped to 'Optional[/Applications/Xcode.app/Contents/Developer/Toolchains/XcodeDefault.xctoolchain/usr/bin/strip]'
[2016-11-22 21:24:01.671][debug][command:6d513cbc-4474-4595-a26d-530b60e1563e][tid:252][com.facebook.buck.io.ExecutableFinder] Executable 'nm' mapped to 'Optional[/Applications/Xcode.app/Contents/Developer/Toolchains/XcodeDefault.xctoolchain/usr/bin/nm]'
[2016-11-22 21:24:01.671][debug][command:6d513cbc-4474-4595-a26d-530b60e1563e][tid:252][com.facebook.buck.io.ExecutableFinder] Executable 'actool' mapped to 'Optional[/Applications/Xcode.app/Contents/Developer/usr/bin/actool]'
[2016-11-22 21:24:01.671][debug][command:6d513cbc-4474-4595-a26d-530b60e1563e][tid:252][com.facebook.buck.io.ExecutableFinder] Executable 'ibtool' mapped to 'Optional[/Applications/Xcode.app/Contents/Developer/usr/bin/ibtool]'
[2016-11-22 21:24:01.672][debug][command:6d513cbc-4474-4595-a26d-530b60e1563e][tid:252][com.facebook.buck.io.ExecutableFinder] Executable 'momc' mapped to 'Optional[/Applications/Xcode.app/Contents/Developer/usr/bin/momc]'
[2016-11-22 21:24:01.672][debug][command:6d513cbc-4474-4595-a26d-530b60e1563e][tid:252][com.facebook.buck.io.ExecutableFinder] Executable 'xctest' mapped to 'Optional[/Applications/Xcode.app/Contents/Developer/usr/bin/xctest]'
[2016-11-22 21:24:01.672][debug][command:6d513cbc-4474-4595-a26d-530b60e1563e][tid:252][com.facebook.buck.io.ExecutableFinder] Executable 'dsymutil' mapped to 'Optional[/Applications/Xcode.app/Contents/Developer/Toolchains/XcodeDefault.xctoolchain/usr/bin/dsymutil]'
[2016-11-22 21:24:01.672][debug][command:6d513cbc-4474-4595-a26d-530b60e1563e][tid:252][com.facebook.buck.io.ExecutableFinder] Executable 'lipo' mapped to 'Optional[/Applications/Xcode.app/Contents/Developer/Toolchains/XcodeDefault.xctoolchain/usr/bin/lipo]'
[2016-11-22 21:24:01.672][debug][command:6d513cbc-4474-4595-a26d-530b60e1563e][tid:252][com.facebook.buck.io.ExecutableFinder] Executable 'lldb' mapped to 'Optional[/Applications/Xcode.app/Contents/Developer/usr/bin/lldb]'
[2016-11-22 21:24:01.674][debug][command:6d513cbc-4474-4595-a26d-530b60e1563e][tid:252][com.facebook.buck.io.ExecutableFinder] Executable 'swift' mapped to 'Optional[/Applications/Xcode.app/Contents/Developer/Toolchains/XcodeDefault.xctoolchain/usr/bin/swift]'
[2016-11-22 21:24:01.674][debug][command:6d513cbc-4474-4595-a26d-530b60e1563e][tid:252][com.facebook.buck.io.ExecutableFinder] Executable 'swift-stdlib-tool' mapped to 'Optional[/Applications/Xcode.app/Contents/Developer/Toolchains/XcodeDefault.xctoolchain/usr/bin/swift-stdlib-tool]'
[2016-11-22 21:24:01.674][debug][command:6d513cbc-4474-4595-a26d-530b60e1563e][tid:252][com.facebook.buck.io.ExecutableFinder] Executable 'codesign_allocate' mapped to 'Optional[/Applications/Xcode.app/Contents/Developer/Toolchains/XcodeDefault.xctoolchain/usr/bin/codesign_allocate]'
[2016-11-22 21:24:01.687][debug][command:6d513cbc-4474-4595-a26d-530b60e1563e][tid:252][com.facebook.buck.apple.AppleCxxPlatforms] Xcode build version is: 7D1014
[2016-11-22 21:24:01.687][debug][command:6d513cbc-4474-4595-a26d-530b60e1563e][tid:252][com.facebook.buck.io.ExecutableFinder] Executable 'clang' mapped to 'Optional[/Applications/Xcode.app/Contents/Developer/Toolchains/XcodeDefault.xctoolchain/usr/bin/clang]'
[2016-11-22 21:24:01.688][debug][command:6d513cbc-4474-4595-a26d-530b60e1563e][tid:252][com.facebook.buck.io.ExecutableFinder] Executable 'clang++' mapped to 'Optional[/Applications/Xcode.app/Contents/Developer/Toolchains/XcodeDefault.xctoolchain/usr/bin/clang++]'
[2016-11-22 21:24:01.688][debug][command:6d513cbc-4474-4595-a26d-530b60e1563e][tid:252][com.facebook.buck.io.ExecutableFinder] Executable 'ar' mapped to 'Optional[/Applications/Xcode.app/Contents/Developer/Toolchains/XcodeDefault.xctoolchain/usr/bin/ar]'
[2016-11-22 21:24:01.688][debug][command:6d513cbc-4474-4595-a26d-530b60e1563e][tid:252][com.facebook.buck.io.ExecutableFinder] Executable 'ranlib' mapped to 'Optional[/Applications/Xcode.app/Contents/Developer/Toolchains/XcodeDefault.xctoolchain/usr/bin/ranlib]'
[2016-11-22 21:24:01.688][debug][command:6d513cbc-4474-4595-a26d-530b60e1563e][tid:252][com.facebook.buck.io.ExecutableFinder] Executable 'strip' mapped to 'Optional[/Applications/Xcode.app/Contents/Developer/Toolchains/XcodeDefault.xctoolchain/usr/bin/strip]'
[2016-11-22 21:24:01.688][debug][command:6d513cbc-4474-4595-a26d-530b60e1563e][tid:252][com.facebook.buck.io.ExecutableFinder] Executable 'nm' mapped to 'Optional[/Applications/Xcode.app/Contents/Developer/Toolchains/XcodeDefault.xctoolchain/usr/bin/nm]'
[2016-11-22 21:24:01.689][debug][command:6d513cbc-4474-4595-a26d-530b60e1563e][tid:252][com.facebook.buck.io.ExecutableFinder] Executable 'actool' mapped to 'Optional[/Applications/Xcode.app/Contents/Developer/usr/bin/actool]'
[2016-11-22 21:24:01.689][debug][command:6d513cbc-4474-4595-a26d-530b60e1563e][tid:252][com.facebook.buck.io.ExecutableFinder] Executable 'ibtool' mapped to 'Optional[/Applications/Xcode.app/Contents/Developer/usr/bin/ibtool]'
[2016-11-22 21:24:01.689][debug][command:6d513cbc-4474-4595-a26d-530b60e1563e][tid:252][com.facebook.buck.io.ExecutableFinder] Executable 'momc' mapped to 'Optional[/Applications/Xcode.app/Contents/Developer/usr/bin/momc]'
[2016-11-22 21:24:01.689][debug][command:6d513cbc-4474-4595-a26d-530b60e1563e][tid:252][com.facebook.buck.io.ExecutableFinder] Executable 'xctest' mapped to 'Optional[/Applications/Xcode.app/Contents/Developer/usr/bin/xctest]'
[2016-11-22 21:24:01.689][debug][command:6d513cbc-4474-4595-a26d-530b60e1563e][tid:252][com.facebook.buck.io.ExecutableFinder] Executable 'dsymutil' mapped to 'Optional[/Applications/Xcode.app/Contents/Developer/Toolchains/XcodeDefault.xctoolchain/usr/bin/dsymutil]'
[2016-11-22 21:24:01.690][debug][command:6d513cbc-4474-4595-a26d-530b60e1563e][tid:252][com.facebook.buck.io.ExecutableFinder] Executable 'lipo' mapped to 'Optional[/Applications/Xcode.app/Contents/Developer/Toolchains/XcodeDefault.xctoolchain/usr/bin/lipo]'
[2016-11-22 21:24:01.690][debug][command:6d513cbc-4474-4595-a26d-530b60e1563e][tid:252][com.facebook.buck.io.ExecutableFinder] Executable 'lldb' mapped to 'Optional[/Applications/Xcode.app/Contents/Developer/usr/bin/lldb]'
[2016-11-22 21:24:01.691][debug][command:6d513cbc-4474-4595-a26d-530b60e1563e][tid:252][com.facebook.buck.io.ExecutableFinder] Executable 'swift' mapped to 'Optional[/Applications/Xcode.app/Contents/Developer/Toolchains/XcodeDefault.xctoolchain/usr/bin/swift]'
[2016-11-22 21:24:01.691][debug][command:6d513cbc-4474-4595-a26d-530b60e1563e][tid:252][com.facebook.buck.io.ExecutableFinder] Executable 'swift-stdlib-tool' mapped to 'Optional[/Applications/Xcode.app/Contents/Developer/Toolchains/XcodeDefault.xctoolchain/usr/bin/swift-stdlib-tool]'
[2016-11-22 21:24:01.691][debug][command:6d513cbc-4474-4595-a26d-530b60e1563e][tid:252][com.facebook.buck.io.ExecutableFinder] Executable 'codesign_allocate' mapped to 'Optional[/Applications/Xcode.app/Contents/Developer/Toolchains/XcodeDefault.xctoolchain/usr/bin/codesign_allocate]'
[2016-11-22 21:24:01.700][debug][command:6d513cbc-4474-4595-a26d-530b60e1563e][tid:252][com.facebook.buck.rules.KnownBuildRuleTypes] SDK AppleSdk{name=iphonesimulator, version=9.3, applePlatform=ApplePlatform{name=iphonesimulator, swiftName=ios, architectures=[i386, x86_64], minVersionFlagPrefix=-mios-simulator-version-min=, stubBinaryPath=Optional[Library/Application Support/WatchKit/WK], appIncludesFrameworks=false}, architectures=[i386, x86_64], toolchains=[AppleToolchain{identifier=com.apple.dt.toolchain.XcodeDefault, version=15A284, path=/Applications/Xcode.app/Contents/Developer/Toolchains/XcodeDefault.xctoolchain}]} using default version 9.3
[2016-11-22 21:24:01.700][debug][command:6d513cbc-4474-4595-a26d-530b60e1563e][tid:252][com.facebook.buck.apple.AppleCxxPlatforms] Xcode build version is: 7D1014
[2016-11-22 21:24:01.701][debug][command:6d513cbc-4474-4595-a26d-530b60e1563e][tid:252][com.facebook.buck.io.ExecutableFinder] Executable 'clang' mapped to 'Optional[/Applications/Xcode.app/Contents/Developer/Toolchains/XcodeDefault.xctoolchain/usr/bin/clang]'
[2016-11-22 21:24:01.706][debug][command:6d513cbc-4474-4595-a26d-530b60e1563e][tid:252][com.facebook.buck.io.ExecutableFinder] Executable 'clang++' mapped to 'Optional[/Applications/Xcode.app/Contents/Developer/Toolchains/XcodeDefault.xctoolchain/usr/bin/clang++]'
[2016-11-22 21:24:01.706][debug][command:6d513cbc-4474-4595-a26d-530b60e1563e][tid:252][com.facebook.buck.io.ExecutableFinder] Executable 'ar' mapped to 'Optional[/Applications/Xcode.app/Contents/Developer/Toolchains/XcodeDefault.xctoolchain/usr/bin/ar]'
[2016-11-22 21:24:01.706][debug][command:6d513cbc-4474-4595-a26d-530b60e1563e][tid:252][com.facebook.buck.io.ExecutableFinder] Executable 'ranlib' mapped to 'Optional[/Applications/Xcode.app/Contents/Developer/Toolchains/XcodeDefault.xctoolchain/usr/bin/ranlib]'
[2016-11-22 21:24:01.706][debug][command:6d513cbc-4474-4595-a26d-530b60e1563e][tid:252][com.facebook.buck.io.ExecutableFinder] Executable 'strip' mapped to 'Optional[/Applications/Xcode.app/Contents/Developer/Toolchains/XcodeDefault.xctoolchain/usr/bin/strip]'
[2016-11-22 21:24:01.707][debug][command:6d513cbc-4474-4595-a26d-530b60e1563e][tid:252][com.facebook.buck.io.ExecutableFinder] Executable 'nm' mapped to 'Optional[/Applications/Xcode.app/Contents/Developer/Toolchains/XcodeDefault.xctoolchain/usr/bin/nm]'
[2016-11-22 21:24:01.707][debug][command:6d513cbc-4474-4595-a26d-530b60e1563e][tid:252][com.facebook.buck.io.ExecutableFinder] Executable 'actool' mapped to 'Optional[/Applications/Xcode.app/Contents/Developer/usr/bin/actool]'
[2016-11-22 21:24:01.707][debug][command:6d513cbc-4474-4595-a26d-530b60e1563e][tid:252][com.facebook.buck.io.ExecutableFinder] Executable 'ibtool' mapped to 'Optional[/Applications/Xcode.app/Contents/Developer/usr/bin/ibtool]'
[2016-11-22 21:24:01.707][debug][command:6d513cbc-4474-4595-a26d-530b60e1563e][tid:252][com.facebook.buck.io.ExecutableFinder] Executable 'momc' mapped to 'Optional[/Applications/Xcode.app/Contents/Developer/usr/bin/momc]'
[2016-11-22 21:24:01.707][debug][command:6d513cbc-4474-4595-a26d-530b60e1563e][tid:252][com.facebook.buck.io.ExecutableFinder] Executable 'xctest' mapped to 'Optional[/Applications/Xcode.app/Contents/Developer/Platforms/iPhoneSimulator.platform/Developer/SDKs/iPhoneSimulator.sdk/Developer/usr/bin/xctest]'
[2016-11-22 21:24:01.707][debug][command:6d513cbc-4474-4595-a26d-530b60e1563e][tid:252][com.facebook.buck.io.ExecutableFinder] Executable 'dsymutil' mapped to 'Optional[/Applications/Xcode.app/Contents/Developer/Toolchains/XcodeDefault.xctoolchain/usr/bin/dsymutil]'
[2016-11-22 21:24:01.708][debug][command:6d513cbc-4474-4595-a26d-530b60e1563e][tid:252][com.facebook.buck.io.ExecutableFinder] Executable 'lipo' mapped to 'Optional[/Applications/Xcode.app/Contents/Developer/Toolchains/XcodeDefault.xctoolchain/usr/bin/lipo]'
[2016-11-22 21:24:01.708][debug][command:6d513cbc-4474-4595-a26d-530b60e1563e][tid:252][com.facebook.buck.io.ExecutableFinder] Executable 'lldb' mapped to 'Optional[/Applications/Xcode.app/Contents/Developer/usr/bin/lldb]'
[2016-11-22 21:24:01.719][warn ][command:6d513cbc-4474-4595-a26d-530b60e1563e][tid:252][com.facebook.buck.apple.AppleCxxPlatforms] /Applications/Xcode.app/Contents/Developer/Platforms/iPhoneSimulator.platform/version.plist does not exist. Build version will be unset for this platform.
[2016-11-22 21:24:01.720][debug][command:6d513cbc-4474-4595-a26d-530b60e1563e][tid:252][com.facebook.buck.io.ExecutableFinder] Executable 'swift' mapped to 'Optional[/Applications/Xcode.app/Contents/Developer/Toolchains/XcodeDefault.xctoolchain/usr/bin/swift]'
[2016-11-22 21:24:01.720][debug][command:6d513cbc-4474-4595-a26d-530b60e1563e][tid:252][com.facebook.buck.io.ExecutableFinder] Executable 'swift-stdlib-tool' mapped to 'Optional[/Applications/Xcode.app/Contents/Developer/Toolchains/XcodeDefault.xctoolchain/usr/bin/swift-stdlib-tool]'
[2016-11-22 21:24:01.720][debug][command:6d513cbc-4474-4595-a26d-530b60e1563e][tid:252][com.facebook.buck.io.ExecutableFinder] Executable 'codesign_allocate' mapped to 'Optional[/Applications/Xcode.app/Contents/Developer/Toolchains/XcodeDefault.xctoolchain/usr/bin/codesign_allocate]'
[2016-11-22 21:24:01.721][debug][command:6d513cbc-4474-4595-a26d-530b60e1563e][tid:252][com.facebook.buck.apple.AppleCxxPlatforms] Xcode build version is: 7D1014
[2016-11-22 21:24:01.721][debug][command:6d513cbc-4474-4595-a26d-530b60e1563e][tid:252][com.facebook.buck.io.ExecutableFinder] Executable 'clang' mapped to 'Optional[/Applications/Xcode.app/Contents/Developer/Toolchains/XcodeDefault.xctoolchain/usr/bin/clang]'
[2016-11-22 21:24:01.721][debug][command:6d513cbc-4474-4595-a26d-530b60e1563e][tid:252][com.facebook.buck.io.ExecutableFinder] Executable 'clang++' mapped to 'Optional[/Applications/Xcode.app/Contents/Developer/Toolchains/XcodeDefault.xctoolchain/usr/bin/clang++]'
[2016-11-22 21:24:01.721][debug][command:6d513cbc-4474-4595-a26d-530b60e1563e][tid:252][com.facebook.buck.io.ExecutableFinder] Executable 'ar' mapped to 'Optional[/Applications/Xcode.app/Contents/Developer/Toolchains/XcodeDefault.xctoolchain/usr/bin/ar]'
[2016-11-22 21:24:01.722][debug][command:6d513cbc-4474-4595-a26d-530b60e1563e][tid:252][com.facebook.buck.io.ExecutableFinder] Executable 'ranlib' mapped to 'Optional[/Applications/Xcode.app/Contents/Developer/Toolchains/XcodeDefault.xctoolchain/usr/bin/ranlib]'
[2016-11-22 21:24:01.722][debug][command:6d513cbc-4474-4595-a26d-530b60e1563e][tid:252][com.facebook.buck.io.ExecutableFinder] Executable 'strip' mapped to 'Optional[/Applications/Xcode.app/Contents/Developer/Toolchains/XcodeDefault.xctoolchain/usr/bin/strip]'
[2016-11-22 21:24:01.722][debug][command:6d513cbc-4474-4595-a26d-530b60e1563e][tid:252][com.facebook.buck.io.ExecutableFinder] Executable 'nm' mapped to 'Optional[/Applications/Xcode.app/Contents/Developer/Toolchains/XcodeDefault.xctoolchain/usr/bin/nm]'
[2016-11-22 21:24:01.722][debug][command:6d513cbc-4474-4595-a26d-530b60e1563e][tid:252][com.facebook.buck.io.ExecutableFinder] Executable 'actool' mapped to 'Optional[/Applications/Xcode.app/Contents/Developer/usr/bin/actool]'
[2016-11-22 21:24:01.722][debug][command:6d513cbc-4474-4595-a26d-530b60e1563e][tid:252][com.facebook.buck.io.ExecutableFinder] Executable 'ibtool' mapped to 'Optional[/Applications/Xcode.app/Contents/Developer/usr/bin/ibtool]'
[2016-11-22 21:24:01.723][debug][command:6d513cbc-4474-4595-a26d-530b60e1563e][tid:252][com.facebook.buck.io.ExecutableFinder] Executable 'momc' mapped to 'Optional[/Applications/Xcode.app/Contents/Developer/usr/bin/momc]'
[2016-11-22 21:24:01.723][debug][command:6d513cbc-4474-4595-a26d-530b60e1563e][tid:252][com.facebook.buck.io.ExecutableFinder] Executable 'xctest' mapped to 'Optional[/Applications/Xcode.app/Contents/Developer/Platforms/iPhoneSimulator.platform/Developer/SDKs/iPhoneSimulator.sdk/Developer/usr/bin/xctest]'
[2016-11-22 21:24:01.723][debug][command:6d513cbc-4474-4595-a26d-530b60e1563e][tid:252][com.facebook.buck.io.ExecutableFinder] Executable 'dsymutil' mapped to 'Optional[/Applications/Xcode.app/Contents/Developer/Toolchains/XcodeDefault.xctoolchain/usr/bin/dsymutil]'
[2016-11-22 21:24:01.732][debug][command:6d513cbc-4474-4595-a26d-530b60e1563e][tid:252][com.facebook.buck.io.ExecutableFinder] Executable 'lipo' mapped to 'Optional[/Applications/Xcode.app/Contents/Developer/Toolchains/XcodeDefault.xctoolchain/usr/bin/lipo]'
[2016-11-22 21:24:01.732][debug][command:6d513cbc-4474-4595-a26d-530b60e1563e][tid:252][com.facebook.buck.io.ExecutableFinder] Executable 'lldb' mapped to 'Optional[/Applications/Xcode.app/Contents/Developer/usr/bin/lldb]'
[2016-11-22 21:24:01.733][warn ][command:6d513cbc-4474-4595-a26d-530b60e1563e][tid:252][com.facebook.buck.apple.AppleCxxPlatforms] /Applications/Xcode.app/Contents/Developer/Platforms/iPhoneSimulator.platform/version.plist does not exist. Build version will be unset for this platform.
[2016-11-22 21:24:01.733][debug][command:6d513cbc-4474-4595-a26d-530b60e1563e][tid:252][com.facebook.buck.io.ExecutableFinder] Executable 'swift' mapped to 'Optional[/Applications/Xcode.app/Contents/Developer/Toolchains/XcodeDefault.xctoolchain/usr/bin/swift]'
[2016-11-22 21:24:01.738][debug][command:6d513cbc-4474-4595-a26d-530b60e1563e][tid:252][com.facebook.buck.io.ExecutableFinder] Executable 'swift-stdlib-tool' mapped to 'Optional[/Applications/Xcode.app/Contents/Developer/Toolchains/XcodeDefault.xctoolchain/usr/bin/swift-stdlib-tool]'
[2016-11-22 21:24:01.738][debug][command:6d513cbc-4474-4595-a26d-530b60e1563e][tid:252][com.facebook.buck.io.ExecutableFinder] Executable 'codesign_allocate' mapped to 'Optional[/Applications/Xcode.app/Contents/Developer/Toolchains/XcodeDefault.xctoolchain/usr/bin/codesign_allocate]'
[2016-11-22 21:24:01.738][debug][command:6d513cbc-4474-4595-a26d-530b60e1563e][tid:252][com.facebook.buck.rules.KnownBuildRuleTypes] SDK AppleSdk{name=macosx, version=10.11, applePlatform=ApplePlatform{name=macosx, architectures=[i386, x86_64], minVersionFlagPrefix=-mmacosx-version-min=, stubBinaryPath=Optional.empty, appIncludesFrameworks=true}, architectures=[i386, x86_64], toolchains=[AppleToolchain{identifier=com.apple.dt.toolchain.XcodeDefault, version=15A284, path=/Applications/Xcode.app/Contents/Developer/Toolchains/XcodeDefault.xctoolchain}]} using default version 10.11
[2016-11-22 21:24:01.739][debug][command:6d513cbc-4474-4595-a26d-530b60e1563e][tid:252][com.facebook.buck.apple.AppleCxxPlatforms] Xcode build version is: 7D1014
[2016-11-22 21:24:01.739][debug][command:6d513cbc-4474-4595-a26d-530b60e1563e][tid:252][com.facebook.buck.io.ExecutableFinder] Executable 'clang' mapped to 'Optional[/Applications/Xcode.app/Contents/Developer/Toolchains/XcodeDefault.xctoolchain/usr/bin/clang]'
[2016-11-22 21:24:01.739][debug][command:6d513cbc-4474-4595-a26d-530b60e1563e][tid:252][com.facebook.buck.io.ExecutableFinder] Executable 'clang++' mapped to 'Optional[/Applications/Xcode.app/Contents/Developer/Toolchains/XcodeDefault.xctoolchain/usr/bin/clang++]'
[2016-11-22 21:24:01.739][debug][command:6d513cbc-4474-4595-a26d-530b60e1563e][tid:252][com.facebook.buck.io.ExecutableFinder] Executable 'ar' mapped to 'Optional[/Applications/Xcode.app/Contents/Developer/Toolchains/XcodeDefault.xctoolchain/usr/bin/ar]'
[2016-11-22 21:24:01.740][debug][command:6d513cbc-4474-4595-a26d-530b60e1563e][tid:252][com.facebook.buck.io.ExecutableFinder] Executable 'ranlib' mapped to 'Optional[/Applications/Xcode.app/Contents/Developer/Toolchains/XcodeDefault.xctoolchain/usr/bin/ranlib]'
[2016-11-22 21:24:01.740][debug][command:6d513cbc-4474-4595-a26d-530b60e1563e][tid:252][com.facebook.buck.io.ExecutableFinder] Executable 'strip' mapped to 'Optional[/Applications/Xcode.app/Contents/Developer/Toolchains/XcodeDefault.xctoolchain/usr/bin/strip]'
[2016-11-22 21:24:01.740][debug][command:6d513cbc-4474-4595-a26d-530b60e1563e][tid:252][com.facebook.buck.io.ExecutableFinder] Executable 'nm' mapped to 'Optional[/Applications/Xcode.app/Contents/Developer/Toolchains/XcodeDefault.xctoolchain/usr/bin/nm]'
[2016-11-22 21:24:01.749][debug][command:6d513cbc-4474-4595-a26d-530b60e1563e][tid:252][com.facebook.buck.io.ExecutableFinder] Executable 'actool' mapped to 'Optional[/Applications/Xcode.app/Contents/Developer/usr/bin/actool]'
[2016-11-22 21:24:01.749][debug][command:6d513cbc-4474-4595-a26d-530b60e1563e][tid:252][com.facebook.buck.io.ExecutableFinder] Executable 'ibtool' mapped to 'Optional[/Applications/Xcode.app/Contents/Developer/usr/bin/ibtool]'
[2016-11-22 21:24:01.750][debug][command:6d513cbc-4474-4595-a26d-530b60e1563e][tid:252][com.facebook.buck.io.ExecutableFinder] Executable 'momc' mapped to 'Optional[/Applications/Xcode.app/Contents/Developer/usr/bin/momc]'
[2016-11-22 21:24:01.750][debug][command:6d513cbc-4474-4595-a26d-530b60e1563e][tid:252][com.facebook.buck.io.ExecutableFinder] Executable 'xctest' mapped to 'Optional[/Applications/Xcode.app/Contents/Developer/usr/bin/xctest]'
[2016-11-22 21:24:01.750][debug][command:6d513cbc-4474-4595-a26d-530b60e1563e][tid:252][com.facebook.buck.io.ExecutableFinder] Executable 'dsymutil' mapped to 'Optional[/Applications/Xcode.app/Contents/Developer/Toolchains/XcodeDefault.xctoolchain/usr/bin/dsymutil]'
[2016-11-22 21:24:01.750][debug][command:6d513cbc-4474-4595-a26d-530b60e1563e][tid:252][com.facebook.buck.io.ExecutableFinder] Executable 'lipo' mapped to 'Optional[/Applications/Xcode.app/Contents/Developer/Toolchains/XcodeDefault.xctoolchain/usr/bin/lipo]'
[2016-11-22 21:24:01.750][debug][command:6d513cbc-4474-4595-a26d-530b60e1563e][tid:252][com.facebook.buck.io.ExecutableFinder] Executable 'lldb' mapped to 'Optional[/Applications/Xcode.app/Contents/Developer/usr/bin/lldb]'
[2016-11-22 21:24:01.751][warn ][command:6d513cbc-4474-4595-a26d-530b60e1563e][tid:252][com.facebook.buck.apple.AppleCxxPlatforms] In /Applications/Xcode.app/Contents/Developer/Platforms/MacOSX.platform/version.plist, missing ProductBuildVersion. Build version will be unset for this platform.
[2016-11-22 21:24:01.752][debug][command:6d513cbc-4474-4595-a26d-530b60e1563e][tid:252][com.facebook.buck.io.ExecutableFinder] Executable 'swift' mapped to 'Optional[/Applications/Xcode.app/Contents/Developer/Toolchains/XcodeDefault.xctoolchain/usr/bin/swift]'
[2016-11-22 21:24:01.752][debug][command:6d513cbc-4474-4595-a26d-530b60e1563e][tid:252][com.facebook.buck.io.ExecutableFinder] Executable 'swift-stdlib-tool' mapped to 'Optional[/Applications/Xcode.app/Contents/Developer/Toolchains/XcodeDefault.xctoolchain/usr/bin/swift-stdlib-tool]'
[2016-11-22 21:24:01.752][debug][command:6d513cbc-4474-4595-a26d-530b60e1563e][tid:252][com.facebook.buck.io.ExecutableFinder] Executable 'codesign_allocate' mapped to 'Optional[/Applications/Xcode.app/Contents/Developer/Toolchains/XcodeDefault.xctoolchain/usr/bin/codesign_allocate]'
[2016-11-22 21:24:01.753][debug][command:6d513cbc-4474-4595-a26d-530b60e1563e][tid:252][com.facebook.buck.apple.AppleCxxPlatforms] Xcode build version is: 7D1014
[2016-11-22 21:24:01.753][debug][command:6d513cbc-4474-4595-a26d-530b60e1563e][tid:252][com.facebook.buck.io.ExecutableFinder] Executable 'clang' mapped to 'Optional[/Applications/Xcode.app/Contents/Developer/Toolchains/XcodeDefault.xctoolchain/usr/bin/clang]'
[2016-11-22 21:24:01.753][debug][command:6d513cbc-4474-4595-a26d-530b60e1563e][tid:252][com.facebook.buck.io.ExecutableFinder] Executable 'clang++' mapped to 'Optional[/Applications/Xcode.app/Contents/Developer/Toolchains/XcodeDefault.xctoolchain/usr/bin/clang++]'
[2016-11-22 21:24:01.753][debug][command:6d513cbc-4474-4595-a26d-530b60e1563e][tid:252][com.facebook.buck.io.ExecutableFinder] Executable 'ar' mapped to 'Optional[/Applications/Xcode.app/Contents/Developer/Toolchains/XcodeDefault.xctoolchain/usr/bin/ar]'
[2016-11-22 21:24:01.754][debug][command:6d513cbc-4474-4595-a26d-530b60e1563e][tid:252][com.facebook.buck.io.ExecutableFinder] Executable 'ranlib' mapped to 'Optional[/Applications/Xcode.app/Contents/Developer/Toolchains/XcodeDefault.xctoolchain/usr/bin/ranlib]'
[2016-11-22 21:24:01.754][debug][command:6d513cbc-4474-4595-a26d-530b60e1563e][tid:252][com.facebook.buck.io.ExecutableFinder] Executable 'strip' mapped to 'Optional[/Applications/Xcode.app/Contents/Developer/Toolchains/XcodeDefault.xctoolchain/usr/bin/strip]'
[2016-11-22 21:24:01.757][debug][command:6d513cbc-4474-4595-a26d-530b60e1563e][tid:252][com.facebook.buck.io.ExecutableFinder] Executable 'nm' mapped to 'Optional[/Applications/Xcode.app/Contents/Developer/Toolchains/XcodeDefault.xctoolchain/usr/bin/nm]'
[2016-11-22 21:24:01.757][debug][command:6d513cbc-4474-4595-a26d-530b60e1563e][tid:252][com.facebook.buck.io.ExecutableFinder] Executable 'actool' mapped to 'Optional[/Applications/Xcode.app/Contents/Developer/usr/bin/actool]'
[2016-11-22 21:24:01.757][debug][command:6d513cbc-4474-4595-a26d-530b60e1563e][tid:252][com.facebook.buck.io.ExecutableFinder] Executable 'ibtool' mapped to 'Optional[/Applications/Xcode.app/Contents/Developer/usr/bin/ibtool]'
[2016-11-22 21:24:01.758][debug][command:6d513cbc-4474-4595-a26d-530b60e1563e][tid:252][com.facebook.buck.io.ExecutableFinder] Executable 'momc' mapped to 'Optional[/Applications/Xcode.app/Contents/Developer/usr/bin/momc]'
[2016-11-22 21:24:01.758][debug][command:6d513cbc-4474-4595-a26d-530b60e1563e][tid:252][com.facebook.buck.io.ExecutableFinder] Executable 'xctest' mapped to 'Optional[/Applications/Xcode.app/Contents/Developer/usr/bin/xctest]'
[2016-11-22 21:24:01.758][debug][command:6d513cbc-4474-4595-a26d-530b60e1563e][tid:252][com.facebook.buck.io.ExecutableFinder] Executable 'dsymutil' mapped to 'Optional[/Applications/Xcode.app/Contents/Developer/Toolchains/XcodeDefault.xctoolchain/usr/bin/dsymutil]'
[2016-11-22 21:24:01.758][debug][command:6d513cbc-4474-4595-a26d-530b60e1563e][tid:252][com.facebook.buck.io.ExecutableFinder] Executable 'lipo' mapped to 'Optional[/Applications/Xcode.app/Contents/Developer/Toolchains/XcodeDefault.xctoolchain/usr/bin/lipo]'
[2016-11-22 21:24:01.758][debug][command:6d513cbc-4474-4595-a26d-530b60e1563e][tid:252][com.facebook.buck.io.ExecutableFinder] Executable 'lldb' mapped to 'Optional[/Applications/Xcode.app/Contents/Developer/usr/bin/lldb]'
[2016-11-22 21:24:01.759][warn ][command:6d513cbc-4474-4595-a26d-530b60e1563e][tid:252][com.facebook.buck.apple.AppleCxxPlatforms] In /Applications/Xcode.app/Contents/Developer/Platforms/MacOSX.platform/version.plist, missing ProductBuildVersion. Build version will be unset for this platform.
[2016-11-22 21:24:01.760][debug][command:6d513cbc-4474-4595-a26d-530b60e1563e][tid:252][com.facebook.buck.io.ExecutableFinder] Executable 'swift' mapped to 'Optional[/Applications/Xcode.app/Contents/Developer/Toolchains/XcodeDefault.xctoolchain/usr/bin/swift]'
[2016-11-22 21:24:01.760][debug][command:6d513cbc-4474-4595-a26d-530b60e1563e][tid:252][com.facebook.buck.io.ExecutableFinder] Executable 'swift-stdlib-tool' mapped to 'Optional[/Applications/Xcode.app/Contents/Developer/Toolchains/XcodeDefault.xctoolchain/usr/bin/swift-stdlib-tool]'
[2016-11-22 21:24:01.760][debug][command:6d513cbc-4474-4595-a26d-530b60e1563e][tid:252][com.facebook.buck.io.ExecutableFinder] Executable 'codesign_allocate' mapped to 'Optional[/Applications/Xcode.app/Contents/Developer/Toolchains/XcodeDefault.xctoolchain/usr/bin/codesign_allocate]'
[2016-11-22 21:24:01.760][debug][command:6d513cbc-4474-4595-a26d-530b60e1563e][tid:252][com.facebook.buck.rules.KnownBuildRuleTypes] SDK AppleSdk{name=watchos, version=2.2, applePlatform=ApplePlatform{name=watchos, architectures=[armv7k], minVersionFlagPrefix=-mwatchos-version-min=, stubBinaryPath=Optional[Library/Application Support/WatchKit/WK], appIncludesFrameworks=false}, architectures=[armv7k], toolchains=[AppleToolchain{identifier=com.apple.dt.toolchain.XcodeDefault, version=15A284, path=/Applications/Xcode.app/Contents/Developer/Toolchains/XcodeDefault.xctoolchain}]} using default version 2.2
[2016-11-22 21:24:01.761][debug][command:6d513cbc-4474-4595-a26d-530b60e1563e][tid:252][com.facebook.buck.apple.AppleCxxPlatforms] Xcode build version is: 7D1014
[2016-11-22 21:24:01.761][debug][command:6d513cbc-4474-4595-a26d-530b60e1563e][tid:252][com.facebook.buck.io.ExecutableFinder] Executable 'clang' mapped to 'Optional[/Applications/Xcode.app/Contents/Developer/Toolchains/XcodeDefault.xctoolchain/usr/bin/clang]'
[2016-11-22 21:24:01.761][debug][command:6d513cbc-4474-4595-a26d-530b60e1563e][tid:252][com.facebook.buck.io.ExecutableFinder] Executable 'clang++' mapped to 'Optional[/Applications/Xcode.app/Contents/Developer/Toolchains/XcodeDefault.xctoolchain/usr/bin/clang++]'
[2016-11-22 21:24:01.761][debug][command:6d513cbc-4474-4595-a26d-530b60e1563e][tid:252][com.facebook.buck.io.ExecutableFinder] Executable 'ar' mapped to 'Optional[/Applications/Xcode.app/Contents/Developer/Toolchains/XcodeDefault.xctoolchain/usr/bin/ar]'
[2016-11-22 21:24:01.761][debug][command:6d513cbc-4474-4595-a26d-530b60e1563e][tid:252][com.facebook.buck.io.ExecutableFinder] Executable 'ranlib' mapped to 'Optional[/Applications/Xcode.app/Contents/Developer/Toolchains/XcodeDefault.xctoolchain/usr/bin/ranlib]'
[2016-11-22 21:24:01.762][debug][command:6d513cbc-4474-4595-a26d-530b60e1563e][tid:252][com.facebook.buck.io.ExecutableFinder] Executable 'strip' mapped to 'Optional[/Applications/Xcode.app/Contents/Developer/Toolchains/XcodeDefault.xctoolchain/usr/bin/strip]'
[2016-11-22 21:24:01.762][debug][command:6d513cbc-4474-4595-a26d-530b60e1563e][tid:252][com.facebook.buck.io.ExecutableFinder] Executable 'nm' mapped to 'Optional[/Applications/Xcode.app/Contents/Developer/Toolchains/XcodeDefault.xctoolchain/usr/bin/nm]'
[2016-11-22 21:24:01.762][debug][command:6d513cbc-4474-4595-a26d-530b60e1563e][tid:252][com.facebook.buck.io.ExecutableFinder] Executable 'actool' mapped to 'Optional[/Applications/Xcode.app/Contents/Developer/usr/bin/actool]'
[2016-11-22 21:24:01.762][debug][command:6d513cbc-4474-4595-a26d-530b60e1563e][tid:252][com.facebook.buck.io.ExecutableFinder] Executable 'ibtool' mapped to 'Optional[/Applications/Xcode.app/Contents/Developer/usr/bin/ibtool]'
[2016-11-22 21:24:01.762][debug][command:6d513cbc-4474-4595-a26d-530b60e1563e][tid:252][com.facebook.buck.io.ExecutableFinder] Executable 'momc' mapped to 'Optional[/Applications/Xcode.app/Contents/Developer/usr/bin/momc]'
[2016-11-22 21:24:01.763][debug][command:6d513cbc-4474-4595-a26d-530b60e1563e][tid:252][com.facebook.buck.io.ExecutableFinder] Executable 'xctest' mapped to 'Optional[/Applications/Xcode.app/Contents/Developer/usr/bin/xctest]'
[2016-11-22 21:24:01.763][debug][command:6d513cbc-4474-4595-a26d-530b60e1563e][tid:252][com.facebook.buck.io.ExecutableFinder] Executable 'dsymutil' mapped to 'Optional[/Applications/Xcode.app/Contents/Developer/Toolchains/XcodeDefault.xctoolchain/usr/bin/dsymutil]'
[2016-11-22 21:24:01.763][debug][command:6d513cbc-4474-4595-a26d-530b60e1563e][tid:252][com.facebook.buck.io.ExecutableFinder] Executable 'lipo' mapped to 'Optional[/Applications/Xcode.app/Contents/Developer/Toolchains/XcodeDefault.xctoolchain/usr/bin/lipo]'
[2016-11-22 21:24:01.763][debug][command:6d513cbc-4474-4595-a26d-530b60e1563e][tid:252][com.facebook.buck.io.ExecutableFinder] Executable 'lldb' mapped to 'Optional[/Applications/Xcode.app/Contents/Developer/usr/bin/lldb]'
[2016-11-22 21:24:01.764][debug][command:6d513cbc-4474-4595-a26d-530b60e1563e][tid:252][com.facebook.buck.io.ExecutableFinder] Executable 'swift' mapped to 'Optional[/Applications/Xcode.app/Contents/Developer/Toolchains/XcodeDefault.xctoolchain/usr/bin/swift]'
[2016-11-22 21:24:01.764][debug][command:6d513cbc-4474-4595-a26d-530b60e1563e][tid:252][com.facebook.buck.io.ExecutableFinder] Executable 'swift-stdlib-tool' mapped to 'Optional[/Applications/Xcode.app/Contents/Developer/Toolchains/XcodeDefault.xctoolchain/usr/bin/swift-stdlib-tool]'
[2016-11-22 21:24:01.765][debug][command:6d513cbc-4474-4595-a26d-530b60e1563e][tid:252][com.facebook.buck.io.ExecutableFinder] Executable 'codesign_allocate' mapped to 'Optional[/Applications/Xcode.app/Contents/Developer/Toolchains/XcodeDefault.xctoolchain/usr/bin/codesign_allocate]'
[2016-11-22 21:24:01.765][debug][command:6d513cbc-4474-4595-a26d-530b60e1563e][tid:252][com.facebook.buck.rules.KnownBuildRuleTypes] SDK AppleSdk{name=watchsimulator, version=2.2, applePlatform=ApplePlatform{name=watchsimulator, architectures=[i386], minVersionFlagPrefix=-mwatchos-simulator-version-min=, stubBinaryPath=Optional[Library/Application Support/WatchKit/WK], appIncludesFrameworks=false}, architectures=[i386], toolchains=[AppleToolchain{identifier=com.apple.dt.toolchain.XcodeDefault, version=15A284, path=/Applications/Xcode.app/Contents/Developer/Toolchains/XcodeDefault.xctoolchain}]} using default version 2.2
[2016-11-22 21:24:01.765][debug][command:6d513cbc-4474-4595-a26d-530b60e1563e][tid:252][com.facebook.buck.apple.AppleCxxPlatforms] Xcode build version is: 7D1014
[2016-11-22 21:24:01.766][debug][command:6d513cbc-4474-4595-a26d-530b60e1563e][tid:252][com.facebook.buck.io.ExecutableFinder] Executable 'clang' mapped to 'Optional[/Applications/Xcode.app/Contents/Developer/Toolchains/XcodeDefault.xctoolchain/usr/bin/clang]'
[2016-11-22 21:24:01.766][debug][command:6d513cbc-4474-4595-a26d-530b60e1563e][tid:252][com.facebook.buck.io.ExecutableFinder] Executable 'clang++' mapped to 'Optional[/Applications/Xcode.app/Contents/Developer/Toolchains/XcodeDefault.xctoolchain/usr/bin/clang++]'
[2016-11-22 21:24:01.766][debug][command:6d513cbc-4474-4595-a26d-530b60e1563e][tid:252][com.facebook.buck.io.ExecutableFinder] Executable 'ar' mapped to 'Optional[/Applications/Xcode.app/Contents/Developer/Toolchains/XcodeDefault.xctoolchain/usr/bin/ar]'
[2016-11-22 21:24:01.766][debug][command:6d513cbc-4474-4595-a26d-530b60e1563e][tid:252][com.facebook.buck.io.ExecutableFinder] Executable 'ranlib' mapped to 'Optional[/Applications/Xcode.app/Contents/Developer/Toolchains/XcodeDefault.xctoolchain/usr/bin/ranlib]'
[2016-11-22 21:24:01.767][debug][command:6d513cbc-4474-4595-a26d-530b60e1563e][tid:252][com.facebook.buck.io.ExecutableFinder] Executable 'strip' mapped to 'Optional[/Applications/Xcode.app/Contents/Developer/Toolchains/XcodeDefault.xctoolchain/usr/bin/strip]'
[2016-11-22 21:24:01.767][debug][command:6d513cbc-4474-4595-a26d-530b60e1563e][tid:252][com.facebook.buck.io.ExecutableFinder] Executable 'nm' mapped to 'Optional[/Applications/Xcode.app/Contents/Developer/Toolchains/XcodeDefault.xctoolchain/usr/bin/nm]'
[2016-11-22 21:24:01.767][debug][command:6d513cbc-4474-4595-a26d-530b60e1563e][tid:252][com.facebook.buck.io.ExecutableFinder] Executable 'actool' mapped to 'Optional[/Applications/Xcode.app/Contents/Developer/usr/bin/actool]'
[2016-11-22 21:24:01.767][debug][command:6d513cbc-4474-4595-a26d-530b60e1563e][tid:252][com.facebook.buck.io.ExecutableFinder] Executable 'ibtool' mapped to 'Optional[/Applications/Xcode.app/Contents/Developer/usr/bin/ibtool]'
[2016-11-22 21:24:01.767][debug][command:6d513cbc-4474-4595-a26d-530b60e1563e][tid:252][com.facebook.buck.io.ExecutableFinder] Executable 'momc' mapped to 'Optional[/Applications/Xcode.app/Contents/Developer/usr/bin/momc]'
[2016-11-22 21:24:01.768][debug][command:6d513cbc-4474-4595-a26d-530b60e1563e][tid:252][com.facebook.buck.io.ExecutableFinder] Executable 'xctest' mapped to 'Optional[/Applications/Xcode.app/Contents/Developer/Platforms/WatchSimulator.platform/Developer/SDKs/WatchSimulator.sdk/Developer/usr/bin/xctest]'
[2016-11-22 21:24:01.768][debug][command:6d513cbc-4474-4595-a26d-530b60e1563e][tid:252][com.facebook.buck.io.ExecutableFinder] Executable 'dsymutil' mapped to 'Optional[/Applications/Xcode.app/Contents/Developer/Toolchains/XcodeDefault.xctoolchain/usr/bin/dsymutil]'
[2016-11-22 21:24:01.768][debug][command:6d513cbc-4474-4595-a26d-530b60e1563e][tid:252][com.facebook.buck.io.ExecutableFinder] Executable 'lipo' mapped to 'Optional[/Applications/Xcode.app/Contents/Developer/Toolchains/XcodeDefault.xctoolchain/usr/bin/lipo]'
[2016-11-22 21:24:01.768][debug][command:6d513cbc-4474-4595-a26d-530b60e1563e][tid:252][com.facebook.buck.io.ExecutableFinder] Executable 'lldb' mapped to 'Optional[/Applications/Xcode.app/Contents/Developer/usr/bin/lldb]'
[2016-11-22 21:24:01.769][debug][command:6d513cbc-4474-4595-a26d-530b60e1563e][tid:252][com.facebook.buck.io.ExecutableFinder] Executable 'swift' mapped to 'Optional[/Applications/Xcode.app/Contents/Developer/Toolchains/XcodeDefault.xctoolchain/usr/bin/swift]'
[2016-11-22 21:24:01.769][debug][command:6d513cbc-4474-4595-a26d-530b60e1563e][tid:252][com.facebook.buck.io.ExecutableFinder] Executable 'swift-stdlib-tool' mapped to 'Optional[/Applications/Xcode.app/Contents/Developer/Toolchains/XcodeDefault.xctoolchain/usr/bin/swift-stdlib-tool]'
[2016-11-22 21:24:01.770][debug][command:6d513cbc-4474-4595-a26d-530b60e1563e][tid:252][com.facebook.buck.io.ExecutableFinder] Executable 'codesign_allocate' mapped to 'Optional[/Applications/Xcode.app/Contents/Developer/Toolchains/XcodeDefault.xctoolchain/usr/bin/codesign_allocate]'
[2016-11-22 21:24:01.770][debug][command:6d513cbc-4474-4595-a26d-530b60e1563e][tid:252][com.facebook.buck.cxx.CxxPlatforms] Using system default C++ platform CxxPlatform{flavor=default, as=com.facebook.buck.cxx.CompilerProvider@1f4dbfa3, asflags=[], aspp=com.facebook.buck.cxx.PreprocessorProvider@1dabd6cd, asppflags=[], cc=com.facebook.buck.cxx.CompilerProvider@1056110, cflags=[], cxx=com.facebook.buck.cxx.CompilerProvider@370f0977, cxxflags=[], cpp=com.facebook.buck.cxx.PreprocessorProvider@45cd1892, cppflags=[], cxxpp=com.facebook.buck.cxx.PreprocessorProvider@693b358, cxxppflags=[], cudappflags=[], cudaflags=[], asmppflags=[], asmflags=[], ld=com.facebook.buck.cxx.DefaultLinkerProvider@2c345f7b, ldflags=[], runtimeLdflags={}, strip=com.facebook.buck.rules.HashedFileTool@633fbf3b, stripFlags=[], ar=com.facebook.buck.cxx.LazyDelegatingArchiver@4e1b2246, arflags=[], ranlib=com.facebook.buck.rules.LazyDelegatingTool@558941ae, ranlibflags=[], symbolNameTool=com.facebook.buck.cxx.LazyDelegatingSymbolNameTool@5b4803e3, sharedLibraryExtension=dylib, sharedLibraryVersionedExtensionFormat=.%s.dylib, staticLibraryExtension=a, objectFileExtension=o, compilerDebugPathSanitizer=com.facebook.buck.cxx.MungingDebugPathSanitizer@4590a9d6, assemblerDebugPathSanitizer=com.facebook.buck.cxx.MungingDebugPathSanitizer@528eba30, flagMacros={}}
[2016-11-22 21:24:01.778][debug][command:6d513cbc-4474-4595-a26d-530b60e1563e][tid:252][com.facebook.buck.io.ExecutableFinder] Executable 'python2' mapped to 'Optional.empty'
[2016-11-22 21:24:01.789][debug][command:6d513cbc-4474-4595-a26d-530b60e1563e][tid:252][com.facebook.buck.io.ExecutableFinder] Executable 'python' mapped to 'Optional[/usr/bin/python]'
[2016-11-22 21:24:02.019][debug][command:6d513cbc-4474-4595-a26d-530b60e1563e][tid:252][com.facebook.buck.apple.ProvisioningProfileStore] Provisioning profile search path: /Users/gordon/Library/MobileDevice/Provisioning Profiles
[2016-11-22 21:24:02.058][warn ][command:null][tid:275][com.facebook.buck.event.listener.PublicAnnouncementManager] Failed to get public announcements. Reason: Failed to establish connection to server.
[2016-11-22 21:24:02.058][info ][command:null][tid:276][com.facebook.buck.util.versioncontrol.VersionControlStatsGenerator] Starting generation of version control stats.
[2016-11-22 21:24:02.058][debug][command:null][tid:276][com.facebook.buck.util.versioncontrol.VersionControlCmdLineInterface] Executing command: hg log -l 1 --template {node|short}
[2016-11-22 21:24:02.058][debug][command:6d513cbc-4474-4595-a26d-530b60e1563e][tid:252][com.facebook.buck.parser.Parser] com.facebook.buck.event.BuckEventBus@26da7993
[2016-11-22 21:24:02.059][debug][command:null][tid:259][com.facebook.buck.io.WatchmanSocketClient] Sending query: [query, /Users/gordon, {since=n:buckde90f8f5a-02cf-4cd7-9223-43d7ca506865, expression=[not, [anyof, [type, d], [dirname, .idea], [dirname, .buckd], [dirname, buck-out/cache], [dirname, buck-out/.trash], [dirname, buck-out], [match, **/*.pbxproj, wholename, {includedotfiles=true}], [match, **/*.xcscheme, wholename, {includedotfiles=true}], [match, **/*.xcworkspacedata, wholename, {includedotfiles=true}], [match, **/*~, wholename, {includedotfiles=true}], [match, **/#*#, wholename, {includedotfiles=true}], [match, **/.#*, wholename, {includedotfiles=true}], [match, **/*.swo, wholename, {includedotfiles=true}], [match, **/*.swp, wholename, {includedotfiles=true}], [match, **/*.swpx, wholename, {includedotfiles=true}], [match, **/*.un~, wholename, {includedotfiles=true}], [match, **/.netrhwist, wholename, {includedotfiles=true}], [match, .idea, wholename, {includedotfiles=true}], [match, .iml, wholename, {includedotfiles=true}], [match, **/*.pydevproject, wholename, {includedotfiles=true}], [match, .project, wholename, {includedotfiles=true}], [match, .metadata, wholename, {includedotfiles=true}], [match, **/*.tmp, wholename, {includedotfiles=true}], [match, **/*.bak, wholename, {includedotfiles=true}], [match, **/*~.nib, wholename, {includedotfiles=true}], [match, .classpath, wholename, {includedotfiles=true}], [match, .settings, wholename, {includedotfiles=true}], [match, .loadpath, wholename, {includedotfiles=true}], [match, .externalToolBuilders, wholename, {includedotfiles=true}], [match, .cproject, wholename, {includedotfiles=true}], [match, .buildpath, wholename, {includedotfiles=true}], [match, .DS_Store, wholename, {includedotfiles=true}], [match, .AppleDouble, wholename, {includedotfiles=true}], [match, .LSOverride, wholename, {includedotfiles=true}], [match, .Spotlight-V100, wholename, {includedotfiles=true}], [match, .Trashes, wholename, {includedotfiles=true}], [match, $RECYCLE.BIN, wholename, {includedotfiles=true}], [match, .*.sublime-workspace, wholename, {includedotfiles=true}]]], empty_on_fresh_instance=true, fields=[name, exists, new], relative_root=Space/BuckReconstruct}]
[2016-11-22 21:24:02.130][warn ][command:null][tid:276][com.facebook.buck.util.versioncontrol.DefaultVersionControlCmdLineInterfaceFactory] Mercurial is the only VCS supported for VCS stats generation, however current project (which has enabled VCS stats generation in its .buckconfig) does not appear to be a Mercurial repository: 
com.facebook.buck.util.versioncontrol.VersionControlCommandFailedException: java.io.IOException: Cannot run program "hg" (in directory "/Users/gordon/Space/BuckReconstruct"): error=2, No such file or directory
[2016-11-22 21:24:02.131][debug][command:null][tid:276][com.facebook.buck.util.versioncontrol.DefaultVersionControlCmdLineInterfaceFactory] Using NoOpCmdLineInterface.
[2016-11-22 21:24:02.131][warn ][command:null][tid:276][com.facebook.buck.util.versioncontrol.VersionControlStatsGenerator] Skipping generation of version control stats as unsupported repository type.
[2016-11-22 21:24:02.142][debug][command:6d513cbc-4474-4595-a26d-530b60e1563e][tid:252][com.facebook.buck.io.WatchmanSocketClient] Query [query, /Users/gordon, {since=n:buckde90f8f5a-02cf-4cd7-9223-43d7ca506865, expression=[not, [anyof, [type, d], [dirname, .idea], [dirname, .buckd], [dirname, buck-out/cache], [dirname, buck-out/.trash], [dirname, buck-out], [match, **/*.pbxproj, wholename, {includedotfiles=true}], [match, **/*.xcscheme, wholename, {includedotfiles=true}], [match, **/*.xcworkspacedata, wholename, {includedotfiles=true}], [match, **/*~, wholename, {includedotfiles=true}], [match, **/#*#, wholename, {includedotfiles=true}], [match, **/.#*, wholename, {includedotfiles=true}], [match, **/*.swo, wholename, {includedotfiles=true}], [match, **/*.swp, wholename, {includedotfiles=true}], [match, **/*.swpx, wholename, {includedotfiles=true}], [match, **/*.un~, wholename, {includedotfiles=true}], [match, **/.netrhwist, wholename, {includedotfiles=true}], [match, .idea, wholename, {includedotfiles=true}], [match, .iml, wholename, {includedotfiles=true}], [match, **/*.pydevproject, wholename, {includedotfiles=true}], [match, .project, wholename, {includedotfiles=true}], [match, .metadata, wholename, {includedotfiles=true}], [match, **/*.tmp, wholename, {includedotfiles=true}], [match, **/*.bak, wholename, {includedotfiles=true}], [match, **/*~.nib, wholename, {includedotfiles=true}], [match, .classpath, wholename, {includedotfiles=true}], [match, .settings, wholename, {includedotfiles=true}], [match, .loadpath, wholename, {includedotfiles=true}], [match, .externalToolBuilders, wholename, {includedotfiles=true}], [match, .cproject, wholename, {includedotfiles=true}], [match, .buildpath, wholename, {includedotfiles=true}], [match, .DS_Store, wholename, {includedotfiles=true}], [match, .AppleDouble, wholename, {includedotfiles=true}], [match, .LSOverride, wholename, {includedotfiles=true}], [match, .Spotlight-V100, wholename, {includedotfiles=true}], [match, .Trashes, wholename, {includedotfiles=true}], [match, $RECYCLE.BIN, wholename, {includedotfiles=true}], [match, .*.sublime-workspace, wholename, {includedotfiles=true}]]], empty_on_fresh_instance=true, fields=[name, exists, new], relative_root=Space/BuckReconstruct}] returned in 83 ms
[2016-11-22 21:24:02.142][debug][command:6d513cbc-4474-4595-a26d-530b60e1563e][tid:252][com.facebook.buck.util.WatchmanWatcher] Watchman indicated a fresh instance (fresh instance action POST_OVERFLOW_EVENT)
[2016-11-22 21:24:02.142][warn ][command:6d513cbc-4474-4595-a26d-530b60e1563e][tid:252][com.facebook.buck.util.WatchmanWatcher] Posting WatchEvent: Watchman Overflow WatchEvent OVERFLOW
[2016-11-22 21:24:02.142][debug][command:6d513cbc-4474-4595-a26d-530b60e1563e][tid:252][com.facebook.buck.parser.Parser] Parser watched event OVERFLOW New Buck instance
[2016-11-22 21:24:02.142][debug][command:6d513cbc-4474-4595-a26d-530b60e1563e][tid:252][com.facebook.buck.parser.DaemonicParserState] Received non-path change event Watchman Overflow WatchEvent OVERFLOW, assuming overflow and checking caches.
[2016-11-22 21:24:02.142][debug][command:6d513cbc-4474-4595-a26d-530b60e1563e][tid:252][com.facebook.buck.parser.DaemonicParserState] Starting to invalidate all caches..
[2016-11-22 21:24:02.142][debug][command:6d513cbc-4474-4595-a26d-530b60e1563e][tid:252][com.facebook.buck.parser.DaemonicParserState] Caches were empty, no data invalidated.
[2016-11-22 21:24:02.143][info ][command:6d513cbc-4474-4595-a26d-530b60e1563e][tid:252][com.facebook.buck.rules.ActionGraphCache] ActionGraphCache invalidation due to Watchman event Watchman Overflow WatchEvent OVERFLOW.
[2016-11-22 21:24:02.143][debug][command:6d513cbc-4474-4595-a26d-530b60e1563e][tid:252][com.facebook.buck.util.cache.WatchedFileHashCache] Invalidating all
[2016-11-22 21:24:02.152][info ][command:6d513cbc-4474-4595-a26d-530b60e1563e][tid:265][com.facebook.buck.event.listener.LoggingBuildListener] Build started at 2016-11-22 21:24:02.151
[2016-11-22 21:24:02.152][debug][command:6d513cbc-4474-4595-a26d-530b60e1563e][tid:252][com.facebook.buck.parser.DaemonicParserState] Starting to invalidate all caches..
[2016-11-22 21:24:02.152][debug][command:6d513cbc-4474-4595-a26d-530b60e1563e][tid:252][com.facebook.buck.parser.DaemonicParserState] Caches were empty, no data invalidated.
[2016-11-22 21:24:02.152][debug][command:6d513cbc-4474-4595-a26d-530b60e1563e][tid:252][com.facebook.buck.parser.DaemonicParserState] Starting to invalidate caches for /Users/gordon/Space/BuckReconstruct..
[2016-11-22 21:24:02.152][debug][command:6d513cbc-4474-4595-a26d-530b60e1563e][tid:252][com.facebook.buck.parser.DaemonicParserState] Cell caches were empty, no data invalidated.
[2016-11-22 21:24:02.154][debug][command:6d513cbc-4474-4595-a26d-530b60e1563e][tid:277][com.facebook.buck.io.ExecutableFinder] Executable 'python2' mapped to 'Optional.empty'
[2016-11-22 21:24:02.154][debug][command:6d513cbc-4474-4595-a26d-530b60e1563e][tid:277][com.facebook.buck.io.ExecutableFinder] Executable 'python' mapped to 'Optional[/usr/bin/python]'
[2016-11-22 21:24:02.160][debug][command:6d513cbc-4474-4595-a26d-530b60e1563e][tid:277][com.facebook.buck.json.BuckPythonProgram] Creating temporary buck.py instance at /Users/gordon/Space/BuckReconstruct/.buckd/tmp/buck_run.Qj9RoX/buck_python_program2593246714169282594.
[2016-11-22 21:24:02.236][debug][command:6d513cbc-4474-4595-a26d-530b60e1563e][tid:277][com.facebook.buck.json.BuckPythonProgram] Created temporary buck.py instance at /Users/gordon/Space/BuckReconstruct/.buckd/tmp/buck_run.Qj9RoX/buck_python_program2593246714169282594.
[2016-11-22 21:24:02.284][debug][command:6d513cbc-4474-4595-a26d-530b60e1563e][tid:277][com.facebook.buck.json.ProjectBuildFileParser] Starting buck.py command: [/usr/bin/python, -u, /Users/gordon/Space/BuckReconstruct/.buckd/tmp/buck_run.Qj9RoX/buck_python_program2593246714169282594/__main__.py, --allow_empty_globs, --watchman_glob_stat_results, --watchman_socket_path, /usr/local/Cellar/watchman/4.4.0/var/run/watchman/gordon-state/sock, --project_root, /Users/gordon/Space/BuckReconstruct, --build_file_name, BUCK, --quiet, --config, /Users/gordon/Space/BuckReconstruct/.buckd/tmp/buck_run.Qj9RoX/raw_config2310648579788720051.json, --ignore_paths, /Users/gordon/Space/BuckReconstruct/.buckd/tmp/buck_run.Qj9RoX/ignore_paths3925797097172531414.json] environment: Optional[{PATH=/Users/gordon/Applications/mongodb/bin:/usr/local/bin:/usr/bin:/bin:/usr/sbin:/sbin:/opt/X11/bin:/usr/local/git/bin:/Users/gordon/Space/sdk/build-tools/23.0.2:/Users/gordon/Space/sdk/tools:/Users/gordon/Space/sdk/platform-tools:/Users/gordon/softwares/gradle-2.10//bin:/Users/gordon/.gradle:/usr/bin/node:/Users/gordon/Applications/redis:/Users/gordon/softwares/maven/bin:/Library/Tomcat/bin:/usr/local/mysql/bin:/usr/local/opt/mosquitto/bin:/usr/local/opt/mosquitto/sbin:/Users/gordon/softwares/dex2jar-2.0:/Users/gordon/softwares/buck/bin, NAILGUN_TTY_2=1, JAVA_DECOMPILE_TOOL=/Users/gordon/softwares/dex2jar-2.0, NAILGUN_TTY_1=1, NAILGUN_TTY_0=1, JAVA_HOME=/Library/java/JavaVirtualMachines/jdk1.8.0.jdk/Contents/Home, TERM=xterm-256color, NAILGUN_FILESEPARATOR=/, ANDROID_HOME=/Users/gordon/Space/sdk, GRADLE_HOME=/Users/gordon/softwares/gradle-2.10/, DISPLAY=/private/tmp/com.apple.launchd.osPcOvTSnJ/org.macosforge.xquartz:0, GRADLE_USER_HOME=/Users/gordon/.gradle, VERSIONER_PYTHON_VERSION=2.7, LOGNAME=gordon, M3_HOME=/Users/gordon/softwares/maven, NAILGUN_PATHSEPARATOR=:, BUCK_HOME=/Users/gordon/softwares/buck, PYTHONPATH=, BUILD_TOOL_PATH=/Users/gordon/Space/sdk/build-tools/23.0.2, CATALINA_HOME=/Library/Tomcat, USER=gordon, VERSIONER_PYTHON_PREFER_32_BIT=no, TMPDIR=/var/folders/r8/4dldmr8x7wjcwqx5xghf3ymm0000gq/T/, BUCK_TTY=1, MYSQL_HOME=/usr/local/mysql, __CF_USER_TEXT_ENCODING=0x1F7:0x0:0x0, MOSQUITTO_HOME=/usr/local/opt/mosquitto, LC_CTYPE=en_US.UTF-8, HOME=/Users/gordon}]
[2016-11-22 21:24:02.287][debug][command:6d513cbc-4474-4595-a26d-530b60e1563e][tid:277][com.facebook.buck.json.ProjectBuildFileParser] Started process com.facebook.buck.util.ProcessExecutor$LaunchedProcessImpl@64090270 successfully
[2016-11-22 21:24:02.288][debug][command:6d513cbc-4474-4595-a26d-530b60e1563e][tid:277][com.facebook.buck.json.ProjectBuildFileParser] Parsing output of process com.facebook.buck.util.ProcessExecutor$LaunchedProcessImpl@64090270...
[2016-11-22 21:24:02.959][debug][command:6d513cbc-4474-4595-a26d-530b60e1563e][tid:277][com.facebook.buck.json.ProjectBuildFileParser] Parsed 8 rules from /Users/gordon/Space/BuckReconstruct/BUCK
[2016-11-22 21:24:02.959][debug][command:6d513cbc-4474-4595-a26d-530b60e1563e][tid:277][com.facebook.buck.json.ProjectBuildFileParser] Profile result: 
[2016-11-22 21:24:02.968][info ][command:6d513cbc-4474-4595-a26d-530b60e1563e][tid:252][com.facebook.buck.rules.ActionGraphCache] ActionGraph cache miss. Cache was empty.
[2016-11-22 21:24:02.975][debug][command:null][tid:282][com.facebook.buck.json.ProjectBuildFileParser] Waiting for process com.facebook.buck.util.ProcessExecutor$LaunchedProcessImpl@64090270 to exit...
[2016-11-22 21:24:02.975][debug][command:null][tid:282][com.facebook.buck.json.ProjectBuildFileParser] Process com.facebook.buck.util.ProcessExecutor$LaunchedProcessImpl@64090270 exited cleanly.
[2016-11-22 21:24:03.201][debug][command:6d513cbc-4474-4595-a26d-530b60e1563e][tid:280][com.facebook.buck.artifact_cache.DirArtifactCache] Artifact fetch(c9efe88fd1a9750197c8c132a4e713b804a9bcfd, Lazy path uninitialized) cache miss
[2016-11-22 21:24:03.201][debug][command:6d513cbc-4474-4595-a26d-530b60e1563e][tid:280][com.facebook.buck.rules.CachingBuildEngine] Cache miss for '//:mainlib' with rulekey 'c9efe88fd1a9750197c8c132a4e713b804a9bcfd'
[2016-11-22 21:24:03.202][debug][command:6d513cbc-4474-4595-a26d-530b60e1563e][tid:277][com.facebook.buck.artifact_cache.DirArtifactCache] Artifact fetch(c83675de767eb9ca7a0de4d0ca12a99d6db17043, Lazy path uninitialized) cache miss
[2016-11-22 21:24:03.202][debug][command:6d513cbc-4474-4595-a26d-530b60e1563e][tid:281][com.facebook.buck.artifact_cache.DirArtifactCache] Artifact fetch(14fa79922f22a8108895f36e4074d982a03de889, Lazy path uninitialized) cache miss
[2016-11-22 21:24:03.202][debug][command:6d513cbc-4474-4595-a26d-530b60e1563e][tid:280][com.facebook.buck.artifact_cache.DirArtifactCache] Artifact fetch(675e38907263f3333631744aeadd80d789d1b512, Lazy path uninitialized) cache miss
[2016-11-22 21:24:03.202][debug][command:6d513cbc-4474-4595-a26d-530b60e1563e][tid:277][com.facebook.buck.rules.CachingBuildEngine] Cache miss for '//:appcompat' with rulekey 'c83675de767eb9ca7a0de4d0ca12a99d6db17043'
[2016-11-22 21:24:03.202][debug][command:6d513cbc-4474-4595-a26d-530b60e1563e][tid:279][com.facebook.buck.artifact_cache.DirArtifactCache] Artifact fetch(21543af5630d4bccbd65c77667401952f848b592, Lazy path uninitialized) cache miss
[2016-11-22 21:24:03.202][debug][command:6d513cbc-4474-4595-a26d-530b60e1563e][tid:280][com.facebook.buck.rules.CachingBuildEngine] Cache miss for '//:appcompat#abi' with rulekey '675e38907263f3333631744aeadd80d789d1b512'
[2016-11-22 21:24:03.202][debug][command:6d513cbc-4474-4595-a26d-530b60e1563e][tid:279][com.facebook.buck.rules.CachingBuildEngine] Cache miss for '//:mainlib#abi,dummy_r_dot_java' with rulekey '21543af5630d4bccbd65c77667401952f848b592'
[2016-11-22 21:24:03.203][debug][command:6d513cbc-4474-4595-a26d-530b60e1563e][tid:279][com.facebook.buck.artifact_cache.DirArtifactCache] Artifact fetch(8ad18025d30a360c95d5afac242ed8ab2c93e527, Lazy path uninitialized) cache miss
[2016-11-22 21:24:03.203][debug][command:6d513cbc-4474-4595-a26d-530b60e1563e][tid:279][com.facebook.buck.rules.CachingBuildEngine] Cache miss for '//:appcompat#aar_prebuilt_jar' with rulekey '8ad18025d30a360c95d5afac242ed8ab2c93e527'
[2016-11-22 21:24:03.203][debug][command:6d513cbc-4474-4595-a26d-530b60e1563e][tid:280][com.facebook.buck.artifact_cache.DirArtifactCache] Artifact fetch(67a4bc5a658784f137ce12997a2639f8c99a25c6, Lazy path uninitialized) cache miss
[2016-11-22 21:24:03.203][debug][command:6d513cbc-4474-4595-a26d-530b60e1563e][tid:280][com.facebook.buck.rules.CachingBuildEngine] Cache miss for '//:mainlib#dummy_r_dot_java' with rulekey '67a4bc5a658784f137ce12997a2639f8c99a25c6'
[2016-11-22 21:24:03.202][debug][command:6d513cbc-4474-4595-a26d-530b60e1563e][tid:281][com.facebook.buck.rules.CachingBuildEngine] Cache miss for '//:appcompat#aar_unzip' with rulekey '14fa79922f22a8108895f36e4074d982a03de889'
[2016-11-22 21:24:03.204][debug][command:6d513cbc-4474-4595-a26d-530b60e1563e][tid:281][com.facebook.buck.rules.CachingBuildEngine] Building locally: //:appcompat#aar_unzip
[2016-11-22 21:24:03.341][debug][command:6d513cbc-4474-4595-a26d-530b60e1563e][tid:281][com.facebook.buck.step.DefaultStepRunner] StepStarted(rm_&&_mkdir)
[2016-11-22 21:24:03.341][debug][command:6d513cbc-4474-4595-a26d-530b60e1563e][tid:281][com.facebook.buck.step.DefaultStepRunner] StepFinished(rm_&&_mkdir)
[2016-11-22 21:24:03.341][debug][command:6d513cbc-4474-4595-a26d-530b60e1563e][tid:281][com.facebook.buck.step.DefaultStepRunner] StepStarted(unzip)
[2016-11-22 21:24:06.154][debug][command:6d513cbc-4474-4595-a26d-530b60e1563e][tid:281][com.facebook.buck.step.DefaultStepRunner] StepFinished(unzip)
[2016-11-22 21:24:06.154][debug][command:6d513cbc-4474-4595-a26d-530b60e1563e][tid:281][com.facebook.buck.step.DefaultStepRunner] StepStarted(touch)
[2016-11-22 21:24:06.155][debug][command:6d513cbc-4474-4595-a26d-530b60e1563e][tid:281][com.facebook.buck.step.DefaultStepRunner] StepFinished(touch)
[2016-11-22 21:24:06.155][debug][command:6d513cbc-4474-4595-a26d-530b60e1563e][tid:281][com.facebook.buck.step.DefaultStepRunner] StepStarted(mkdir)
[2016-11-22 21:24:06.155][debug][command:6d513cbc-4474-4595-a26d-530b60e1563e][tid:281][com.facebook.buck.step.DefaultStepRunner] StepFinished(mkdir)
[2016-11-22 21:24:06.155][debug][command:6d513cbc-4474-4595-a26d-530b60e1563e][tid:281][com.facebook.buck.step.DefaultStepRunner] StepStarted(mkdir)
[2016-11-22 21:24:06.155][debug][command:6d513cbc-4474-4595-a26d-530b60e1563e][tid:281][com.facebook.buck.step.DefaultStepRunner] StepFinished(mkdir)
[2016-11-22 21:24:06.155][debug][command:6d513cbc-4474-4595-a26d-530b60e1563e][tid:281][com.facebook.buck.step.DefaultStepRunner] StepStarted(touch)
[2016-11-22 21:24:06.156][debug][command:6d513cbc-4474-4595-a26d-530b60e1563e][tid:281][com.facebook.buck.step.DefaultStepRunner] StepFinished(touch)
[2016-11-22 21:24:06.156][debug][command:6d513cbc-4474-4595-a26d-530b60e1563e][tid:281][com.facebook.buck.step.DefaultStepRunner] StepStarted(mkdir)
[2016-11-22 21:24:06.157][debug][command:6d513cbc-4474-4595-a26d-530b60e1563e][tid:281][com.facebook.buck.step.DefaultStepRunner] StepFinished(mkdir)
[2016-11-22 21:24:06.157][debug][command:6d513cbc-4474-4595-a26d-530b60e1563e][tid:281][com.facebook.buck.step.DefaultStepRunner] StepStarted(create_uber_classes_jar)
[2016-11-22 21:24:06.157][debug][command:6d513cbc-4474-4595-a26d-530b60e1563e][tid:281][com.facebook.buck.step.DefaultStepRunner] StepFinished(create_uber_classes_jar)
[2016-11-22 21:24:06.158][debug][command:6d513cbc-4474-4595-a26d-530b60e1563e][tid:281][com.facebook.buck.step.DefaultStepRunner] StepStarted(rm_&&_mkdir)
[2016-11-22 21:24:06.158][debug][command:6d513cbc-4474-4595-a26d-530b60e1563e][tid:281][com.facebook.buck.step.DefaultStepRunner] StepFinished(rm_&&_mkdir)
[2016-11-22 21:24:06.158][debug][command:6d513cbc-4474-4595-a26d-530b60e1563e][tid:281][com.facebook.buck.step.DefaultStepRunner] StepStarted(extract_from_android_manifest)
[2016-11-22 21:24:06.485][debug][command:6d513cbc-4474-4595-a26d-530b60e1563e][tid:281][com.facebook.buck.step.DefaultStepRunner] StepFinished(extract_from_android_manifest)
[2016-11-22 21:24:06.485][debug][command:6d513cbc-4474-4595-a26d-530b60e1563e][tid:281][com.facebook.buck.step.DefaultStepRunner] StepStarted(record_file_sha1)
[2016-11-22 21:24:06.485][debug][command:6d513cbc-4474-4595-a26d-530b60e1563e][tid:281][com.facebook.buck.step.DefaultStepRunner] StepFinished(record_file_sha1)
[2016-11-22 21:24:06.485][debug][command:6d513cbc-4474-4595-a26d-530b60e1563e][tid:281][com.facebook.buck.step.DefaultStepRunner] StepStarted(cp)
[2016-11-22 21:24:06.495][debug][command:6d513cbc-4474-4595-a26d-530b60e1563e][tid:281][com.facebook.buck.step.DefaultStepRunner] StepFinished(cp)
[2016-11-22 21:24:06.495][debug][command:6d513cbc-4474-4595-a26d-530b60e1563e][tid:281][com.facebook.buck.rules.CachingBuildEngine] Build completed: unzip_aar //:appcompat#aar_unzip (3291395000ns)
[2016-11-22 21:24:06.677][debug][command:6d513cbc-4474-4595-a26d-530b60e1563e][tid:279][com.facebook.buck.artifact_cache.DirArtifactCache] Artifact fetch(d015f1da358a4c8b1919725949f488328bb37daa, Lazy path uninitialized) cache miss
[2016-11-22 21:24:06.677][debug][command:6d513cbc-4474-4595-a26d-530b60e1563e][tid:280][com.facebook.buck.artifact_cache.DirArtifactCache] Artifact fetch(91491b780be62daf475f64de5845a82d99b3a299, Lazy path uninitialized) cache miss
[2016-11-22 21:24:06.678][debug][command:6d513cbc-4474-4595-a26d-530b60e1563e][tid:279][com.facebook.buck.rules.CachingBuildEngine] Cache miss for '//:appcompat#abi' with rulekey 'd015f1da358a4c8b1919725949f488328bb37daa'
[2016-11-22 21:24:06.678][debug][command:6d513cbc-4474-4595-a26d-530b60e1563e][tid:280][com.facebook.buck.rules.CachingBuildEngine] Cache miss for '//:appcompat#aar_prebuilt_jar' with rulekey '91491b780be62daf475f64de5845a82d99b3a299'
[2016-11-22 21:24:06.678][debug][command:6d513cbc-4474-4595-a26d-530b60e1563e][tid:280][com.facebook.buck.rules.CachingBuildEngine] Building locally: //:appcompat#abi
[2016-11-22 21:24:06.678][debug][command:6d513cbc-4474-4595-a26d-530b60e1563e][tid:281][com.facebook.buck.rules.CachingBuildEngine] Building locally: //:appcompat#aar_prebuilt_jar
[2016-11-22 21:24:06.678][debug][command:6d513cbc-4474-4595-a26d-530b60e1563e][tid:280][com.facebook.buck.step.DefaultStepRunner] StepStarted(mkdir)
[2016-11-22 21:24:06.678][debug][command:6d513cbc-4474-4595-a26d-530b60e1563e][tid:281][com.facebook.buck.step.DefaultStepRunner] StepStarted(mkdir)
[2016-11-22 21:24:06.687][debug][command:6d513cbc-4474-4595-a26d-530b60e1563e][tid:280][com.facebook.buck.step.DefaultStepRunner] StepFinished(mkdir)
[2016-11-22 21:24:06.701][debug][command:6d513cbc-4474-4595-a26d-530b60e1563e][tid:281][com.facebook.buck.step.DefaultStepRunner] StepFinished(mkdir)
[2016-11-22 21:24:06.701][debug][command:6d513cbc-4474-4595-a26d-530b60e1563e][tid:280][com.facebook.buck.step.DefaultStepRunner] StepStarted(rm)
[2016-11-22 21:24:06.701][debug][command:6d513cbc-4474-4595-a26d-530b60e1563e][tid:281][com.facebook.buck.step.DefaultStepRunner] StepStarted(cp)
[2016-11-22 21:24:06.702][debug][command:6d513cbc-4474-4595-a26d-530b60e1563e][tid:280][com.facebook.buck.step.DefaultStepRunner] StepFinished(rm)
[2016-11-22 21:24:06.702][debug][command:6d513cbc-4474-4595-a26d-530b60e1563e][tid:280][com.facebook.buck.step.DefaultStepRunner] StepStarted(calculate_abi)
[2016-11-22 21:24:06.719][debug][command:6d513cbc-4474-4595-a26d-530b60e1563e][tid:281][com.facebook.buck.step.DefaultStepRunner] StepFinished(cp)
[2016-11-22 21:24:06.719][debug][command:6d513cbc-4474-4595-a26d-530b60e1563e][tid:281][com.facebook.buck.step.DefaultStepRunner] StepStarted(mkdir)
[2016-11-22 21:24:06.719][debug][command:6d513cbc-4474-4595-a26d-530b60e1563e][tid:281][com.facebook.buck.step.DefaultStepRunner] StepFinished(mkdir)
[2016-11-22 21:24:06.719][debug][command:6d513cbc-4474-4595-a26d-530b60e1563e][tid:281][com.facebook.buck.step.DefaultStepRunner] StepStarted(rm)
[2016-11-22 21:24:06.719][debug][command:6d513cbc-4474-4595-a26d-530b60e1563e][tid:281][com.facebook.buck.step.DefaultStepRunner] StepFinished(rm)
[2016-11-22 21:24:06.720][debug][command:6d513cbc-4474-4595-a26d-530b60e1563e][tid:281][com.facebook.buck.step.DefaultStepRunner] StepStarted(calculate_abi)
[2016-11-22 21:24:07.086][debug][command:6d513cbc-4474-4595-a26d-530b60e1563e][tid:281][com.facebook.buck.step.DefaultStepRunner] StepFinished(calculate_abi)
[2016-11-22 21:24:07.087][debug][command:6d513cbc-4474-4595-a26d-530b60e1563e][tid:281][com.facebook.buck.step.DefaultStepRunner] StepStarted(mkdir)
[2016-11-22 21:24:07.087][debug][command:6d513cbc-4474-4595-a26d-530b60e1563e][tid:281][com.facebook.buck.step.DefaultStepRunner] StepFinished(mkdir)
[2016-11-22 21:24:07.087][debug][command:6d513cbc-4474-4595-a26d-530b60e1563e][tid:281][com.facebook.buck.step.DefaultStepRunner] StepStarted(get_class_names)
[2016-11-22 21:24:07.092][debug][command:6d513cbc-4474-4595-a26d-530b60e1563e][tid:280][com.facebook.buck.step.DefaultStepRunner] StepFinished(calculate_abi)
[2016-11-22 21:24:07.092][debug][command:6d513cbc-4474-4595-a26d-530b60e1563e][tid:280][com.facebook.buck.rules.CachingBuildEngine] Build completed: calculate_abi //:appcompat#abi (414175000ns)
[2016-11-22 21:24:07.114][debug][command:6d513cbc-4474-4595-a26d-530b60e1563e][tid:281][com.facebook.buck.step.DefaultStepRunner] StepFinished(get_class_names)
[2016-11-22 21:24:07.115][debug][command:6d513cbc-4474-4595-a26d-530b60e1563e][tid:281][com.facebook.buck.rules.CachingBuildEngine] Build completed: prebuilt_jar //:appcompat#aar_prebuilt_jar (436760000ns)
[2016-11-22 21:24:07.209][debug][command:6d513cbc-4474-4595-a26d-530b60e1563e][tid:279][com.facebook.buck.artifact_cache.DirArtifactCache] Artifact fetch(9b9f2e8869323e792d232d03d56b3780f467ea28, Lazy path uninitialized) cache miss
[2016-11-22 21:24:07.209][debug][command:6d513cbc-4474-4595-a26d-530b60e1563e][tid:279][com.facebook.buck.rules.CachingBuildEngine] Cache miss for '//:appcompat' with rulekey '9b9f2e8869323e792d232d03d56b3780f467ea28'
[2016-11-22 21:24:07.210][debug][command:6d513cbc-4474-4595-a26d-530b60e1563e][tid:279][com.facebook.buck.rules.CachingBuildEngine] Building locally: //:appcompat
[2016-11-22 21:24:07.210][debug][command:6d513cbc-4474-4595-a26d-530b60e1563e][tid:279][com.facebook.buck.step.DefaultStepRunner] StepStarted(rm_&&_mkdir)
[2016-11-22 21:24:07.210][debug][command:6d513cbc-4474-4595-a26d-530b60e1563e][tid:279][com.facebook.buck.step.DefaultStepRunner] StepFinished(rm_&&_mkdir)
[2016-11-22 21:24:07.211][debug][command:6d513cbc-4474-4595-a26d-530b60e1563e][tid:279][com.facebook.buck.step.DefaultStepRunner] StepStarted(rm_&&_mkdir)
[2016-11-22 21:24:07.211][debug][command:6d513cbc-4474-4595-a26d-530b60e1563e][tid:279][com.facebook.buck.step.DefaultStepRunner] StepFinished(rm_&&_mkdir)
[2016-11-22 21:24:07.211][debug][command:6d513cbc-4474-4595-a26d-530b60e1563e][tid:279][com.facebook.buck.step.DefaultStepRunner] StepStarted(copy_resources)
[2016-11-22 21:24:07.211][debug][command:6d513cbc-4474-4595-a26d-530b60e1563e][tid:279][com.facebook.buck.step.DefaultStepRunner] StepFinished(copy_resources)
[2016-11-22 21:24:07.211][debug][command:6d513cbc-4474-4595-a26d-530b60e1563e][tid:279][com.facebook.buck.step.DefaultStepRunner] StepStarted(rm_&&_mkdir)
[2016-11-22 21:24:07.211][debug][command:6d513cbc-4474-4595-a26d-530b60e1563e][tid:279][com.facebook.buck.step.DefaultStepRunner] StepFinished(rm_&&_mkdir)
[2016-11-22 21:24:07.211][debug][command:6d513cbc-4474-4595-a26d-530b60e1563e][tid:279][com.facebook.buck.step.DefaultStepRunner] StepStarted(rm_&&_mkdir)
[2016-11-22 21:24:07.212][debug][command:6d513cbc-4474-4595-a26d-530b60e1563e][tid:279][com.facebook.buck.step.DefaultStepRunner] StepFinished(rm_&&_mkdir)
[2016-11-22 21:24:07.212][debug][command:6d513cbc-4474-4595-a26d-530b60e1563e][tid:279][com.facebook.buck.step.DefaultStepRunner] StepStarted(touch)
[2016-11-22 21:24:07.212][debug][command:6d513cbc-4474-4595-a26d-530b60e1563e][tid:279][com.facebook.buck.step.DefaultStepRunner] StepFinished(touch)
[2016-11-22 21:24:07.212][debug][command:6d513cbc-4474-4595-a26d-530b60e1563e][tid:279][com.facebook.buck.step.DefaultStepRunner] StepStarted(calculate_abi)
[2016-11-22 21:24:07.213][debug][command:6d513cbc-4474-4595-a26d-530b60e1563e][tid:279][com.facebook.buck.step.DefaultStepRunner] StepFinished(calculate_abi)
[2016-11-22 21:24:07.213][debug][command:6d513cbc-4474-4595-a26d-530b60e1563e][tid:279][com.facebook.buck.step.DefaultStepRunner] StepStarted(mkdir)
[2016-11-22 21:24:07.213][debug][command:6d513cbc-4474-4595-a26d-530b60e1563e][tid:279][com.facebook.buck.step.DefaultStepRunner] StepFinished(mkdir)
[2016-11-22 21:24:07.213][debug][command:6d513cbc-4474-4595-a26d-530b60e1563e][tid:279][com.facebook.buck.step.DefaultStepRunner] StepStarted(get_class_names)
[2016-11-22 21:24:07.213][debug][command:6d513cbc-4474-4595-a26d-530b60e1563e][tid:279][com.facebook.buck.step.DefaultStepRunner] StepFinished(get_class_names)
[2016-11-22 21:24:07.213][debug][command:6d513cbc-4474-4595-a26d-530b60e1563e][tid:279][com.facebook.buck.rules.CachingBuildEngine] Build completed: android_prebuilt_aar //:appcompat (3379000ns)
[2016-11-22 21:24:07.309][debug][command:6d513cbc-4474-4595-a26d-530b60e1563e][tid:280][com.facebook.buck.rules.CachingBuildEngine] Building locally: //:mainlib#dummy_r_dot_java
[2016-11-22 21:24:07.309][debug][command:6d513cbc-4474-4595-a26d-530b60e1563e][tid:280][com.facebook.buck.step.DefaultStepRunner] StepStarted(rm_&&_mkdir)
[2016-11-22 21:24:07.311][debug][command:6d513cbc-4474-4595-a26d-530b60e1563e][tid:280][com.facebook.buck.step.DefaultStepRunner] StepFinished(rm_&&_mkdir)
[2016-11-22 21:24:07.311][debug][command:6d513cbc-4474-4595-a26d-530b60e1563e][tid:280][com.facebook.buck.step.DefaultStepRunner] StepStarted(android-res-merge)
[2016-11-22 21:24:07.411][debug][command:6d513cbc-4474-4595-a26d-530b60e1563e][tid:280][com.facebook.buck.step.DefaultStepRunner] StepFinished(android-res-merge)
[2016-11-22 21:24:07.411][debug][command:6d513cbc-4474-4595-a26d-530b60e1563e][tid:280][com.facebook.buck.step.DefaultStepRunner] StepStarted(rm_&&_mkdir)
[2016-11-22 21:24:07.413][debug][command:6d513cbc-4474-4595-a26d-530b60e1563e][tid:280][com.facebook.buck.step.DefaultStepRunner] StepFinished(rm_&&_mkdir)
[2016-11-22 21:24:07.413][debug][command:6d513cbc-4474-4595-a26d-530b60e1563e][tid:280][com.facebook.buck.step.DefaultStepRunner] StepStarted(rm_&&_mkdir)
[2016-11-22 21:24:07.413][debug][command:6d513cbc-4474-4595-a26d-530b60e1563e][tid:280][com.facebook.buck.step.DefaultStepRunner] StepFinished(rm_&&_mkdir)
[2016-11-22 21:24:07.413][debug][command:6d513cbc-4474-4595-a26d-530b60e1563e][tid:280][com.facebook.buck.step.DefaultStepRunner] StepStarted(rm_&&_mkdir)
[2016-11-22 21:24:07.414][debug][command:6d513cbc-4474-4595-a26d-530b60e1563e][tid:280][com.facebook.buck.step.DefaultStepRunner] StepFinished(rm_&&_mkdir)
[2016-11-22 21:24:07.414][debug][command:6d513cbc-4474-4595-a26d-530b60e1563e][tid:280][com.facebook.buck.step.DefaultStepRunner] StepStarted(mkdir)
[2016-11-22 21:24:07.414][debug][command:6d513cbc-4474-4595-a26d-530b60e1563e][tid:280][com.facebook.buck.step.DefaultStepRunner] StepFinished(mkdir)
[2016-11-22 21:24:07.414][debug][command:6d513cbc-4474-4595-a26d-530b60e1563e][tid:280][com.facebook.buck.step.DefaultStepRunner] StepStarted(javac)
[2016-11-22 21:24:07.735][debug][command:6d513cbc-4474-4595-a26d-530b60e1563e][tid:280][com.facebook.buck.jvm.java.Jsr199Javac] javac: : warning: bootstrap class path not set in conjunction with -source 1.7

[2016-11-22 21:24:07.736][debug][command:6d513cbc-4474-4595-a26d-530b60e1563e][tid:280][com.facebook.buck.step.DefaultStepRunner] StepFinished(javac)
[2016-11-22 21:24:07.736][debug][command:6d513cbc-4474-4595-a26d-530b60e1563e][tid:280][com.facebook.buck.step.DefaultStepRunner] StepStarted(jar)
[2016-11-22 21:24:07.808][debug][command:6d513cbc-4474-4595-a26d-530b60e1563e][tid:280][com.facebook.buck.step.DefaultStepRunner] StepFinished(jar)
[2016-11-22 21:24:07.808][debug][command:6d513cbc-4474-4595-a26d-530b60e1563e][tid:280][com.facebook.buck.step.DefaultStepRunner] StepStarted(calculate_abi)
[2016-11-22 21:24:07.906][debug][command:6d513cbc-4474-4595-a26d-530b60e1563e][tid:280][com.facebook.buck.step.DefaultStepRunner] StepFinished(calculate_abi)
[2016-11-22 21:24:07.907][debug][command:6d513cbc-4474-4595-a26d-530b60e1563e][tid:280][com.facebook.buck.rules.CachingBuildEngine] Build completed: dummy_r_dot_java //:mainlib#dummy_r_dot_java (597829000ns)
[2016-11-22 21:24:07.939][debug][command:6d513cbc-4474-4595-a26d-530b60e1563e][tid:281][com.facebook.buck.artifact_cache.DirArtifactCache] Artifact fetch(0eded6c2b683187c4f0ba55b9512e63e82b8d483, Lazy path uninitialized) cache miss
[2016-11-22 21:24:07.939][debug][command:6d513cbc-4474-4595-a26d-530b60e1563e][tid:281][com.facebook.buck.rules.CachingBuildEngine] Cache miss for '//:mainlib#abi,dummy_r_dot_java' with rulekey '0eded6c2b683187c4f0ba55b9512e63e82b8d483'
[2016-11-22 21:24:07.940][debug][command:6d513cbc-4474-4595-a26d-530b60e1563e][tid:281][com.facebook.buck.rules.CachingBuildEngine] Building locally: //:mainlib#abi,dummy_r_dot_java
[2016-11-22 21:24:07.941][debug][command:6d513cbc-4474-4595-a26d-530b60e1563e][tid:281][com.facebook.buck.step.DefaultStepRunner] StepStarted(mkdir)
[2016-11-22 21:24:07.941][debug][command:6d513cbc-4474-4595-a26d-530b60e1563e][tid:281][com.facebook.buck.step.DefaultStepRunner] StepFinished(mkdir)
[2016-11-22 21:24:07.941][debug][command:6d513cbc-4474-4595-a26d-530b60e1563e][tid:281][com.facebook.buck.step.DefaultStepRunner] StepStarted(rm)
[2016-11-22 21:24:07.942][debug][command:6d513cbc-4474-4595-a26d-530b60e1563e][tid:281][com.facebook.buck.step.DefaultStepRunner] StepFinished(rm)
[2016-11-22 21:24:07.942][debug][command:6d513cbc-4474-4595-a26d-530b60e1563e][tid:281][com.facebook.buck.step.DefaultStepRunner] StepStarted(calculate_abi)
[2016-11-22 21:24:08.028][debug][command:6d513cbc-4474-4595-a26d-530b60e1563e][tid:281][com.facebook.buck.step.DefaultStepRunner] StepFinished(calculate_abi)
[2016-11-22 21:24:08.029][debug][command:6d513cbc-4474-4595-a26d-530b60e1563e][tid:281][com.facebook.buck.rules.CachingBuildEngine] Build completed: calculate_abi //:mainlib#abi,dummy_r_dot_java (88979000ns)
[2016-11-22 21:24:08.156][debug][command:6d513cbc-4474-4595-a26d-530b60e1563e][tid:277][com.facebook.buck.artifact_cache.DirArtifactCache] Artifact fetch(9f41f1cbf33c82108e873327600855d40891f042, Lazy path uninitialized) cache miss
[2016-11-22 21:24:08.156][debug][command:6d513cbc-4474-4595-a26d-530b60e1563e][tid:277][com.facebook.buck.rules.CachingBuildEngine] Cache miss for '//:mainlib' with rulekey '9f41f1cbf33c82108e873327600855d40891f042'
[2016-11-22 21:24:08.156][debug][command:6d513cbc-4474-4595-a26d-530b60e1563e][tid:277][com.facebook.buck.rules.CachingBuildEngine] Building locally: //:mainlib
[2016-11-22 21:24:08.157][info ][command:6d513cbc-4474-4595-a26d-530b60e1563e][tid:277][com.facebook.buck.jvm.java.JavacToJarStepFactory] Target: // SpoolMode: INTERMEDIATE_TO_DISK Expected SpoolMode: INTERMEDIATE_TO_DISK Postprocessing steps: []
[2016-11-22 21:24:08.218][debug][command:6d513cbc-4474-4595-a26d-530b60e1563e][tid:277][com.facebook.buck.step.DefaultStepRunner] StepStarted(rm_&&_mkdir)
[2016-11-22 21:24:08.231][debug][command:6d513cbc-4474-4595-a26d-530b60e1563e][tid:277][com.facebook.buck.step.DefaultStepRunner] StepFinished(rm_&&_mkdir)
[2016-11-22 21:24:08.231][debug][command:6d513cbc-4474-4595-a26d-530b60e1563e][tid:277][com.facebook.buck.step.DefaultStepRunner] StepStarted(rm_&&_mkdir)
[2016-11-22 21:24:08.244][debug][command:6d513cbc-4474-4595-a26d-530b60e1563e][tid:277][com.facebook.buck.step.DefaultStepRunner] StepFinished(rm_&&_mkdir)
[2016-11-22 21:24:08.244][debug][command:6d513cbc-4474-4595-a26d-530b60e1563e][tid:277][com.facebook.buck.step.DefaultStepRunner] StepStarted(copy_resources)
[2016-11-22 21:24:08.244][debug][command:6d513cbc-4474-4595-a26d-530b60e1563e][tid:277][com.facebook.buck.step.DefaultStepRunner] StepFinished(copy_resources)
[2016-11-22 21:24:08.245][debug][command:6d513cbc-4474-4595-a26d-530b60e1563e][tid:277][com.facebook.buck.step.DefaultStepRunner] StepStarted(rm_&&_mkdir)
[2016-11-22 21:24:08.245][debug][command:6d513cbc-4474-4595-a26d-530b60e1563e][tid:277][com.facebook.buck.step.DefaultStepRunner] StepFinished(rm_&&_mkdir)
[2016-11-22 21:24:08.245][debug][command:6d513cbc-4474-4595-a26d-530b60e1563e][tid:277][com.facebook.buck.step.DefaultStepRunner] StepStarted(mkdir)
[2016-11-22 21:24:08.245][debug][command:6d513cbc-4474-4595-a26d-530b60e1563e][tid:277][com.facebook.buck.step.DefaultStepRunner] StepFinished(mkdir)
[2016-11-22 21:24:08.245][debug][command:6d513cbc-4474-4595-a26d-530b60e1563e][tid:277][com.facebook.buck.step.DefaultStepRunner] StepStarted(rm_&&_mkdir)
[2016-11-22 21:24:08.256][debug][command:6d513cbc-4474-4595-a26d-530b60e1563e][tid:277][com.facebook.buck.step.DefaultStepRunner] StepFinished(rm_&&_mkdir)
[2016-11-22 21:24:08.256][debug][command:6d513cbc-4474-4595-a26d-530b60e1563e][tid:277][com.facebook.buck.step.DefaultStepRunner] StepStarted(javac)
[2016-11-22 21:24:08.866][debug][command:6d513cbc-4474-4595-a26d-530b60e1563e][tid:277][com.facebook.buck.jvm.java.Jsr199Javac] javac: /Users/gordon/Space/BuckReconstruct/app/src/main/java/rawe/gordon/com/buckreconstruct/MainActivity.java:3: error: cannot find symbol
import android.support.v7.app.AppCompatActivity;
                             ^
  symbol:   class AppCompatActivity
  location: package android.support.v7.app
[2016-11-22 21:24:08.867][debug][command:6d513cbc-4474-4595-a26d-530b60e1563e][tid:277][com.facebook.buck.jvm.java.Jsr199Javac] javac: /Users/gordon/Space/BuckReconstruct/app/src/main/java/rawe/gordon/com/buckreconstruct/MainActivity.java:6: error: cannot find symbol
public class MainActivity extends AppCompatActivity {
                                  ^
  symbol: class AppCompatActivity
[2016-11-22 21:24:08.867][debug][command:6d513cbc-4474-4595-a26d-530b60e1563e][tid:277][com.facebook.buck.jvm.java.Jsr199Javac] javac: /Users/gordon/Space/BuckReconstruct/app/src/main/java/rawe/gordon/com/buckreconstruct/MainActivity.java:8: error: method does not override or implement a method from a supertype
    @Override
    ^
[2016-11-22 21:24:08.867][debug][command:6d513cbc-4474-4595-a26d-530b60e1563e][tid:277][com.facebook.buck.jvm.java.Jsr199Javac] javac: /Users/gordon/Space/BuckReconstruct/app/src/main/java/rawe/gordon/com/buckreconstruct/MainActivity.java:10: error: cannot find symbol
        super.onCreate(savedInstanceState);
        ^
  symbol:   variable super
  location: class rawe.gordon.com.buckreconstruct.MainActivity
[2016-11-22 21:24:08.867][debug][command:6d513cbc-4474-4595-a26d-530b60e1563e][tid:277][com.facebook.buck.jvm.java.Jsr199Javac] javac: /Users/gordon/Space/BuckReconstruct/app/src/main/java/rawe/gordon/com/buckreconstruct/MainActivity.java:11: error: cannot find symbol
        setContentView(R.layout.activity_main);
        ^
  symbol:   method setContentView(int)
  location: class rawe.gordon.com.buckreconstruct.MainActivity
[2016-11-22 21:24:08.884][debug][command:6d513cbc-4474-4595-a26d-530b60e1563e][tid:277][com.facebook.buck.step.DefaultStepRunner] StepFinished(javac)
[2016-11-22 21:24:08.884][warn ][command:6d513cbc-4474-4595-a26d-530b60e1563e][tid:265][com.facebook.buck.event.listener.LoggingBuildListener] /Users/gordon/Space/BuckReconstruct/app/src/main/java/rawe/gordon/com/buckreconstruct/MainActivity.java:3: error: cannot find symbol
import android.support.v7.app.AppCompatActivity;
                             ^
  symbol:   class AppCompatActivity
  location: package android.support.v7.app
/Users/gordon/Space/BuckReconstruct/app/src/main/java/rawe/gordon/com/buckreconstruct/MainActivity.java:6: error: cannot find symbol
public class MainActivity extends AppCompatActivity {
                                  ^
  symbol: class AppCompatActivity
/Users/gordon/Space/BuckReconstruct/app/src/main/java/rawe/gordon/com/buckreconstruct/MainActivity.java:8: error: method does not override or implement a method from a supertype
    @Override
    ^
/Users/gordon/Space/BuckReconstruct/app/src/main/java/rawe/gordon/com/buckreconstruct/MainActivity.java:10: error: cannot find symbol
        super.onCreate(savedInstanceState);
        ^
  symbol:   variable super
  location: class rawe.gordon.com.buckreconstruct.MainActivity
/Users/gordon/Space/BuckReconstruct/app/src/main/java/rawe/gordon/com/buckreconstruct/MainActivity.java:11: error: cannot find symbol
        setContentView(R.layout.activity_main);
        ^
  symbol:   method setContentView(int)
  location: class rawe.gordon.com.buckreconstruct.MainActivity
Errors: 5. Warnings: 0.

[2016-11-22 21:24:08.885][debug][command:6d513cbc-4474-4595-a26d-530b60e1563e][tid:252][com.facebook.buck.command.Build] Got an exception during the build.
com.facebook.buck.step.StepFailedException: //:mainlib failed with exit code 1:
javac
stderr: /Users/gordon/Space/BuckReconstruct/app/src/main/java/rawe/gordon/com/buckreconstruct/MainActivity.java:3: error: cannot find symbol
import android.support.v7.app.AppCompatActivity;
                             ^
  symbol:   class AppCompatActivity
  location: package android.support.v7.app
/Users/gordon/Space/BuckReconstruct/app/src/main/java/rawe/gordon/com/buckreconstruct/MainActivity.java:6: error: cannot find symbol
public class MainActivity extends AppCompatActivity {
                                  ^
  symbol: class AppCompatActivity
/Users/gordon/Space/BuckReconstruct/app/src/main/java/rawe/gordon/com/buckreconstruct/MainActivity.java:8: error: method does not override or implement a method from a supertype
    @Override
    ^
/Users/gordon/Space/BuckReconstruct/app/src/main/java/rawe/gordon/com/buckreconstruct/MainActivity.java:10: error: cannot find symbol
        super.onCreate(savedInstanceState);
        ^
  symbol:   variable super
  location: class rawe.gordon.com.buckreconstruct.MainActivity
/Users/gordon/Space/BuckReconstruct/app/src/main/java/rawe/gordon/com/buckreconstruct/MainActivity.java:11: error: cannot find symbol
        setContentView(R.layout.activity_main);
        ^
  symbol:   method setContentView(int)
  location: class rawe.gordon.com.buckreconstruct.MainActivity
Errors: 5. Warnings: 0.

	at com.facebook.buck.step.StepFailedException.createForFailingStepWithExitCode(StepFailedException.java:63)
	at com.facebook.buck.step.DefaultStepRunner.runStepForBuildTarget(DefaultStepRunner.java:62)
	at com.facebook.buck.rules.CachingBuildEngine.executeCommandsNowThatDepsAreBuilt(CachingBuildEngine.java:1360)
	at com.facebook.buck.rules.CachingBuildEngine.lambda$10(CachingBuildEngine.java:340)
	at com.facebook.buck.rules.CachingBuildEngine$$Lambda$224/24207584.call(Unknown Source)
	at com.facebook.buck.util.concurrent.WeightedListeningExecutorService.lambda$0(WeightedListeningExecutorService.java:77)
	at com.facebook.buck.util.concurrent.WeightedListeningExecutorService$$Lambda$122/1663525627.apply(Unknown Source)
	at com.google.common.util.concurrent.Futures$AsyncChainingFuture.doTransform(Futures.java:1442)
	at com.google.common.util.concurrent.Futures$AsyncChainingFuture.doTransform(Futures.java:1433)
	at com.google.common.util.concurrent.Futures$AbstractChainingFuture.run(Futures.java:1408)
	at com.google.common.util.concurrent.Futures$2$1.run(Futures.java:1177)
	at java.util.concurrent.ThreadPoolExecutor.runWorker(ThreadPoolExecutor.java:1142)
	at java.util.concurrent.ThreadPoolExecutor$Worker.run(ThreadPoolExecutor.java:617)
	at java.lang.Thread.run(Thread.java:744)

[2016-11-22 21:24:08.885][warn ][command:6d513cbc-4474-4595-a26d-530b60e1563e][tid:265][com.facebook.buck.event.listener.LoggingBuildListener] BUILD FAILED: //:mainlib failed with exit code 1:
javac
stderr: /Users/gordon/Space/BuckReconstruct/app/src/main/java/rawe/gordon/com/buckreconstruct/MainActivity.java:3: error: cannot find symbol
import android.support.v7.app.AppCompatActivity;
                             ^
  symbol:   class AppCompatActivity
  location: package android.support.v7.app
/Users/gordon/Space/BuckReconstruct/app/src/main/java/rawe/gordon/com/buckreconstruct/MainActivity.java:6: error: cannot find symbol
public class MainActivity extends AppCompatActivity {
                                  ^
  symbol: class AppCompatActivity
/Users/gordon/Space/BuckReconstruct/app/src/main/java/rawe/gordon/com/buckreconstruct/MainActivity.java:8: error: method does not override or implement a method from a supertype
    @Override
    ^
/Users/gordon/Space/BuckReconstruct/app/src/main/java/rawe/gordon/com/buckreconstruct/MainActivity.java:10: error: cannot find symbol
        super.onCreate(savedInstanceState);
        ^
  symbol:   variable super
  location: class rawe.gordon.com.buckreconstruct.MainActivity
/Users/gordon/Space/BuckReconstruct/app/src/main/java/rawe/gordon/com/buckreconstruct/MainActivity.java:11: error: cannot find symbol
        setContentView(R.layout.activity_main);
        ^
  symbol:   method setContentView(int)
  location: class rawe.gordon.com.buckreconstruct.MainActivity
Errors: 5. Warnings: 0.

[2016-11-22 21:24:08.886][info ][command:6d513cbc-4474-4595-a26d-530b60e1563e][tid:265][com.facebook.buck.event.listener.LoggingBuildListener] Build finished at 2016-11-22 21:24:08.886
[2016-11-22 21:24:08.886][info ][command:6d513cbc-4474-4595-a26d-530b60e1563e][tid:252][com.facebook.buck.cli.Main] Awaiting termination of HTTP Write executor service. Waiting for all jobs to complete, or up to maximum of 1800 seconds...
[2016-11-22 21:24:08.886][info ][command:6d513cbc-4474-4595-a26d-530b60e1563e][tid:252][com.facebook.buck.cli.Main] Awaiting termination of CounterAggregatorExecutor executor service. Waiting for all jobs to complete, or up to maximum of 20 seconds...
[2016-11-22 21:24:08.887][debug][command:6d513cbc-4474-4595-a26d-530b60e1563e][tid:264][com.facebook.buck.util.perf.ProcessTracker] shutDown
[2016-11-22 21:24:08.887][debug][command:6d513cbc-4474-4595-a26d-530b60e1563e][tid:263][com.google.common.util.concurrent.ServiceManager] Service PerfStatsTracking [TERMINATED] has terminated. Previous state was: STOPPING
[2016-11-22 21:24:08.888][debug][command:6d513cbc-4474-4595-a26d-530b60e1563e][tid:252][com.facebook.buck.event.listener.SuperConsoleEventBusListener] Stopping render scheduler
[2016-11-22 21:24:08.888][debug][command:6d513cbc-4474-4595-a26d-530b60e1563e][tid:264][com.google.common.util.concurrent.ServiceManager] Service ProcessTracker [TERMINATED] has terminated. Previous state was: STOPPING
[2016-11-22 21:24:10.232][info ][command:null][tid:252][com.facebook.buck.cli.Main] Awaiting termination of CPU executor service. Waiting for all jobs to complete, or up to maximum of 60 seconds...
[2016-11-22 21:24:10.232][info ][command:null][tid:252][com.facebook.buck.cli.Main] Awaiting termination of NETWORK executor service. Waiting for all jobs to complete, or up to maximum of 60 seconds...
[2016-11-22 21:24:10.335][info ][command:null][tid:252][com.facebook.buck.cli.Main] Awaiting termination of PROJECT executor service. Waiting for all jobs to complete, or up to maximum of 60 seconds...
[2016-11-22 21:24:10.335][warn ][command:null][tid:256][com.martiansoftware.nailgun.NGInputStream] Nailgun client read future was interrupted
java.lang.InterruptedException
	at java.util.concurrent.FutureTask.awaitDone(FutureTask.java:404)
	at java.util.concurrent.FutureTask.get(FutureTask.java:204)
	at com.martiansoftware.nailgun.NGInputStream$1.run(NGInputStream.java:91)
	at java.util.concurrent.Executors$RunnableAdapter.call(Executors.java:511)
	at java.util.concurrent.FutureTask.run(FutureTask.java:266)
	at java.util.concurrent.ThreadPoolExecutor.runWorker(ThreadPoolExecutor.java:1142)
	at java.util.concurrent.ThreadPoolExecutor$Worker.run(ThreadPoolExecutor.java:617)
	at java.lang.Thread.run(Thread.java:744)

[2016-11-22 21:24:10.336][info ][command:null][tid:252][com.facebook.buck.cli.Main] Awaiting termination of Disk IO executor service. Waiting for all jobs to complete, or up to maximum of 10 seconds...
[2016-11-22 21:24:10.336][debug][command:null][tid:256][com.martiansoftware.nailgun.NGInputStream] Nailgun client read shutting down
[2016-11-22 21:24:10.348][debug][command:null][tid:252][com.facebook.buck.event.listener.ChromeTraceBuildListener] Writing Chrome trace to buck-out/log/2016-11-22_13h23m52s_buildcommand_6d513cbc-4474-4595-a26d-530b60e1563e/build.2016-11-22.21-24-02.6d513cbc-4474-4595-a26d-530b60e1563e.trace
[2016-11-22 21:24:10.349][debug][command:null][tid:252][com.facebook.buck.io.WatchmanSocketClient] Closing Watchman socket.
[2016-11-22 21:24:10.471][debug][command:null][tid:252][com.facebook.buck.cli.Main] Done.
[2016-11-22 21:24:10.472][info ][command:null][tid:252][com.martiansoftware.nailgun.NGSession] Server cleanly exited with status 1
com.martiansoftware.nailgun.NGExitException: ExitException: status 1
	at com.martiansoftware.nailgun.NGSecurityManager.checkExit(NGSecurityManager.java:56)
	at java.lang.Runtime.exit(Runtime.java:107)
	at java.lang.System.exit(System.java:968)
	at com.facebook.buck.cli.Main.runMainThenExit(Main.java:742)
	at com.facebook.buck.cli.Main.nailMain(Main.java:1940)
	at sun.reflect.NativeMethodAccessorImpl.invoke0(Native Method)
	at sun.reflect.NativeMethodAccessorImpl.invoke(NativeMethodAccessorImpl.java:62)
	at sun.reflect.DelegatingMethodAccessorImpl.invoke(DelegatingMethodAccessorImpl.java:43)
	at java.lang.reflect.Method.invoke(Method.java:483)
	at com.martiansoftware.nailgun.NGSession.run(NGSession.java:338)

[2016-11-22 21:24:10.472][debug][command:null][tid:252][com.martiansoftware.nailgun.NGSession] Tearing down client socket
[2016-11-22 21:24:10.472][debug][command:null][tid:252][com.martiansoftware.nailgun.NGSession] Flushing client socket
[2016-11-22 21:24:10.472][debug][command:null][tid:252][com.martiansoftware.nailgun.NGSession] Error shutting down socket I/O (this is expected if the client disconnected already)
java.io.IOException: com.sun.jna.LastErrorException: [57] Socket is not connected
	at com.martiansoftware.nailgun.NGUnixDomainSocket.doShutdown(NGUnixDomainSocket.java:74)
	at com.martiansoftware.nailgun.NGUnixDomainSocket.shutdownInput(NGUnixDomainSocket.java:60)
	at com.martiansoftware.nailgun.NGSession.run(NGSession.java:384)
Caused by: com.sun.jna.LastErrorException: [57] Socket is not connected
	at com.martiansoftware.nailgun.NGUnixDomainSocketLibrary.shutdown(Native Method)
	at com.martiansoftware.nailgun.NGUnixDomainSocket.doShutdown(NGUnixDomainSocket.java:71)
	... 2 more

[2016-11-22 21:24:10.472][debug][command:null][tid:252][com.martiansoftware.nailgun.NGSession] Closing client socket
[2016-11-22 21:24:10.472][debug][command:null][tid:252][com.martiansoftware.nailgun.NGSession] Finished tearing down client socket
[2016-11-22 21:24:10.473][debug][command:null][tid:252][com.martiansoftware.nailgun.NGSession] Waiting for next client to connect
[2016-11-22 21:24:10.473][info ][command:null][tid:252][com.martiansoftware.nailgun.NGSession] NGSession shutting down
[2016-11-22 21:25:21.674][debug][command:null][tid:255][com.martiansoftware.nailgun.NGSession] Client connected
[2016-11-22 21:25:21.675][debug][command:null][tid:283][com.martiansoftware.nailgun.NGSession] Waiting for first client to connect
[2016-11-22 21:25:21.676][debug][command:null][tid:255][com.martiansoftware.nailgun.NGSession] Tearing down client socket
[2016-11-22 21:25:21.676][debug][command:null][tid:255][com.martiansoftware.nailgun.NGSession] Flushing client socket
[2016-11-22 21:25:21.676][warn ][command:null][tid:284][com.martiansoftware.nailgun.NGInputStream] Nailgun client read future was interrupted
java.lang.InterruptedException
	at java.util.concurrent.FutureTask.awaitDone(FutureTask.java:404)
	at java.util.concurrent.FutureTask.get(FutureTask.java:204)
	at com.martiansoftware.nailgun.NGInputStream$1.run(NGInputStream.java:91)
	at java.util.concurrent.Executors$RunnableAdapter.call(Executors.java:511)
	at java.util.concurrent.FutureTask.run(FutureTask.java:266)
	at java.util.concurrent.ThreadPoolExecutor.runWorker(ThreadPoolExecutor.java:1142)
	at java.util.concurrent.ThreadPoolExecutor$Worker.run(ThreadPoolExecutor.java:617)
	at java.lang.Thread.run(Thread.java:744)

[2016-11-22 21:25:21.676][debug][command:null][tid:284][com.martiansoftware.nailgun.NGInputStream] Nailgun client read shutting down
[2016-11-22 21:25:21.676][debug][command:null][tid:255][com.martiansoftware.nailgun.NGSession] Error shutting down socket I/O (this is expected if the client disconnected already)
java.io.IOException: com.sun.jna.LastErrorException: [57] Socket is not connected
	at com.martiansoftware.nailgun.NGUnixDomainSocket.doShutdown(NGUnixDomainSocket.java:74)
	at com.martiansoftware.nailgun.NGUnixDomainSocket.shutdownInput(NGUnixDomainSocket.java:60)
	at com.martiansoftware.nailgun.NGSession.run(NGSession.java:384)
Caused by: com.sun.jna.LastErrorException: [57] Socket is not connected
	at com.martiansoftware.nailgun.NGUnixDomainSocketLibrary.shutdown(Native Method)
	at com.martiansoftware.nailgun.NGUnixDomainSocket.doShutdown(NGUnixDomainSocket.java:71)
	... 2 more

[2016-11-22 21:25:21.677][debug][command:null][tid:255][com.martiansoftware.nailgun.NGSession] Closing client socket
[2016-11-22 21:25:21.677][debug][command:null][tid:255][com.martiansoftware.nailgun.NGSession] Finished tearing down client socket
[2016-11-22 21:25:21.677][debug][command:null][tid:255][com.martiansoftware.nailgun.NGSession] Waiting for next client to connect
[2016-11-22 21:25:21.677][info ][command:null][tid:255][com.martiansoftware.nailgun.NGSession] NGSession shutting down
[2016-11-22 21:25:21.677][debug][command:null][tid:283][com.martiansoftware.nailgun.NGSession] Client connected
[2016-11-22 21:25:21.677][debug][command:null][tid:286][com.martiansoftware.nailgun.NGSession] Waiting for first client to connect
[2016-11-22 21:25:21.679][debug][command:null][tid:283][com.martiansoftware.nailgun.NGSession] Tearing down client socket
[2016-11-22 21:25:21.679][debug][command:null][tid:283][com.martiansoftware.nailgun.NGSession] Flushing client socket
[2016-11-22 21:25:21.679][warn ][command:null][tid:287][com.martiansoftware.nailgun.NGInputStream] Nailgun client read future was interrupted
java.lang.InterruptedException
	at java.util.concurrent.FutureTask.awaitDone(FutureTask.java:404)
	at java.util.concurrent.FutureTask.get(FutureTask.java:204)
	at com.martiansoftware.nailgun.NGInputStream$1.run(NGInputStream.java:91)
	at java.util.concurrent.Executors$RunnableAdapter.call(Executors.java:511)
	at java.util.concurrent.FutureTask.run(FutureTask.java:266)
	at java.util.concurrent.ThreadPoolExecutor.runWorker(ThreadPoolExecutor.java:1142)
	at java.util.concurrent.ThreadPoolExecutor$Worker.run(ThreadPoolExecutor.java:617)
	at java.lang.Thread.run(Thread.java:744)

[2016-11-22 21:25:21.679][debug][command:null][tid:283][com.martiansoftware.nailgun.NGSession] Error shutting down socket I/O (this is expected if the client disconnected already)
java.io.IOException: com.sun.jna.LastErrorException: [57] Socket is not connected
	at com.martiansoftware.nailgun.NGUnixDomainSocket.doShutdown(NGUnixDomainSocket.java:74)
	at com.martiansoftware.nailgun.NGUnixDomainSocket.shutdownInput(NGUnixDomainSocket.java:60)
	at com.martiansoftware.nailgun.NGSession.run(NGSession.java:384)
Caused by: com.sun.jna.LastErrorException: [57] Socket is not connected
	at com.martiansoftware.nailgun.NGUnixDomainSocketLibrary.shutdown(Native Method)
	at com.martiansoftware.nailgun.NGUnixDomainSocket.doShutdown(NGUnixDomainSocket.java:71)
	... 2 more

[2016-11-22 21:25:21.679][debug][command:null][tid:283][com.martiansoftware.nailgun.NGSession] Closing client socket
[2016-11-22 21:25:21.679][debug][command:null][tid:283][com.martiansoftware.nailgun.NGSession] Finished tearing down client socket
[2016-11-22 21:25:21.679][debug][command:null][tid:283][com.martiansoftware.nailgun.NGSession] Waiting for next client to connect
[2016-11-22 21:25:21.679][info ][command:null][tid:283][com.martiansoftware.nailgun.NGSession] NGSession shutting down
[2016-11-22 21:25:21.679][debug][command:null][tid:287][com.martiansoftware.nailgun.NGInputStream] Nailgun client read shutting down
[2016-11-22 21:25:21.679][debug][command:null][tid:286][com.martiansoftware.nailgun.NGSession] Client connected
[2016-11-22 21:25:21.680][debug][command:null][tid:289][com.martiansoftware.nailgun.NGSession] Waiting for first client to connect
[2016-11-22 21:25:21.685][debug][command:null][tid:286][com.facebook.buck.cli.Main] Rotating log.
